16:48:43.482 [Test worker] INFO  SpringBootTestContextBootstrapper - Neither @ContextConfiguration nor @ContextHierarchy found for test class [com.imchobo.jsr_stringboot.mapper.StudentMapperTest], using SpringBootContextLoader
16:48:43.513 [Test worker] INFO  AbstractContextLoader - Could not detect default resource locations for test class [com.imchobo.jsr_stringboot.mapper.StudentMapperTest]: no resource found for suffixes {-context.xml, Context.groovy}.
16:48:43.516 [Test worker] INFO  AnnotationConfigContextLoaderUtils - Could not detect default configuration classes for test class [com.imchobo.jsr_stringboot.mapper.StudentMapperTest]: StudentMapperTest does not declare any static, non-private, non-final, nested classes annotated with @Configuration.
16:48:43.676 [Test worker] INFO  SpringBootTestContextBootstrapper - Found @SpringBootConfiguration com.imchobo.jsr_stringboot.JsrStringBootApplication for test class com.imchobo.jsr_stringboot.mapper.StudentMapperTest
16:48:43.796 [Test worker] INFO  SpringBootTestContextBootstrapper - Loaded default TestExecutionListener class names from location [META-INF/spring.factories]: [org.springframework.boot.test.autoconfigure.restdocs.RestDocsTestExecutionListener, org.springframework.boot.test.autoconfigure.web.client.MockRestServiceServerResetTestExecutionListener, org.springframework.boot.test.autoconfigure.web.servlet.MockMvcPrintOnlyOnFailureTestExecutionListener, org.springframework.boot.test.autoconfigure.web.servlet.WebDriverTestExecutionListener, org.springframework.boot.test.autoconfigure.webservices.client.MockWebServiceServerTestExecutionListener, org.springframework.boot.test.mock.mockito.MockitoTestExecutionListener, org.springframework.boot.test.mock.mockito.ResetMocksTestExecutionListener, org.springframework.test.context.web.ServletTestExecutionListener, org.springframework.test.context.support.DirtiesContextBeforeModesTestExecutionListener, org.springframework.test.context.event.ApplicationEventsTestExecutionListener, org.springframework.test.context.support.DependencyInjectionTestExecutionListener, org.springframework.test.context.support.DirtiesContextTestExecutionListener, org.springframework.test.context.transaction.TransactionalTestExecutionListener, org.springframework.test.context.jdbc.SqlScriptsTestExecutionListener, org.springframework.test.context.event.EventPublishingTestExecutionListener]
16:48:43.826 [Test worker] INFO  SpringBootTestContextBootstrapper - Using TestExecutionListeners: [org.springframework.test.context.web.ServletTestExecutionListener@60b85ba1, org.springframework.test.context.support.DirtiesContextBeforeModesTestExecutionListener@492fc69e, org.springframework.test.context.event.ApplicationEventsTestExecutionListener@117632cf, org.springframework.boot.test.mock.mockito.MockitoTestExecutionListener@2fb68ec6, org.springframework.boot.test.autoconfigure.SpringBootDependencyInjectionTestExecutionListener@d71adc2, org.springframework.test.context.support.DirtiesContextTestExecutionListener@3add81c4, org.springframework.test.context.transaction.TransactionalTestExecutionListener@1a1d3c1a, org.springframework.test.context.jdbc.SqlScriptsTestExecutionListener@1c65121, org.springframework.test.context.event.EventPublishingTestExecutionListener@159e366, org.springframework.boot.test.autoconfigure.restdocs.RestDocsTestExecutionListener@57dc9128, org.springframework.boot.test.autoconfigure.web.client.MockRestServiceServerResetTestExecutionListener@24528a25, org.springframework.boot.test.autoconfigure.web.servlet.MockMvcPrintOnlyOnFailureTestExecutionListener@17ae98d7, org.springframework.boot.test.autoconfigure.web.servlet.WebDriverTestExecutionListener@59221b97, org.springframework.boot.test.autoconfigure.webservices.client.MockWebServiceServerTestExecutionListener@6ac4944a, org.springframework.boot.test.mock.mockito.ResetMocksTestExecutionListener@5a772895]
16:48:44.340 [Test worker] WARN  DuplicateJsonObjectContextCustomizerFactory$DuplicateJsonObjectContextCustomizer - 

Found multiple occurrences of org.json.JSONObject on the class path:

	jar:file:/C:/Users/tj/.gradle/caches/modules-2/files-2.1/org.json/json/20240303/ebb88e8fb5122b7506d5cf1d69f1ccdb790d22a/json-20240303.jar!/org/json/JSONObject.class
	jar:file:/C:/Users/tj/.gradle/caches/modules-2/files-2.1/com.vaadin.external.google/android-json/0.0.20131108.vaadin1/fa26d351fe62a6a17f5cda1287c1c6110dec413f/android-json-0.0.20131108.vaadin1.jar!/org/json/JSONObject.class

You may wish to exclude one of them to ensure predictable runtime behavior

16:48:44.368 [Test worker] INFO  StudentMapperTest - Starting StudentMapperTest using Java 21.0.7 on DESKTOP-NBP7RID with PID 8592 (started by tj in C:\Users\tj\jsr_StringBoot)
16:48:44.368 [Test worker] INFO  StudentMapperTest - No active profile set, falling back to 1 default profile: "default"
16:48:48.329 [Test worker] INFO  StdSchedulerFactory - Using default implementation for ThreadExecutor
16:48:48.356 [Test worker] INFO  SchedulerSignalerImpl - Initialized Scheduler Signaller of type: class org.quartz.core.SchedulerSignalerImpl
16:48:48.359 [Test worker] INFO  QuartzScheduler - Quartz Scheduler v.2.3.2 created.
16:48:48.360 [Test worker] INFO  RAMJobStore - RAMJobStore initialized.
16:48:48.365 [Test worker] INFO  QuartzScheduler - Scheduler meta-data: Quartz Scheduler (v2.3.2) 'quartzScheduler' with instanceId 'NON_CLUSTERED'
  Scheduler class: 'org.quartz.core.QuartzScheduler' - running locally.
  NOT STARTED.
  Currently in standby mode.
  Number of jobs executed: 0
  Using thread pool 'org.quartz.simpl.SimpleThreadPool' - with 10 threads.
  Using job-store 'org.quartz.simpl.RAMJobStore' - which does not support persistence. and is not clustered.

16:48:48.375 [Test worker] INFO  StdSchedulerFactory - Quartz scheduler 'quartzScheduler' initialized from an externally provided properties instance.
16:48:48.375 [Test worker] INFO  StdSchedulerFactory - Quartz scheduler version: 2.3.2
16:48:48.377 [Test worker] INFO  QuartzScheduler - JobFactory set to: org.springframework.scheduling.quartz.SpringBeanJobFactory@c262f2f
16:48:48.581 [Test worker] INFO  SchedulerFactoryBean - Starting Quartz Scheduler now
16:48:48.582 [Test worker] INFO  QuartzScheduler - Scheduler quartzScheduler_$_NON_CLUSTERED started.
16:48:48.645 [Test worker] INFO  StudentMapperTest - Started StudentMapperTest in 4.741 seconds (JVM running for 6.687)
16:48:49.466 [SpringApplicationShutdownHook] INFO  QuartzScheduler - Scheduler quartzScheduler_$_NON_CLUSTERED paused.
16:48:49.466 [SpringApplicationShutdownHook] INFO  SchedulerFactoryBean - Shutting down Quartz Scheduler
16:48:49.467 [SpringApplicationShutdownHook] INFO  QuartzScheduler - Scheduler quartzScheduler_$_NON_CLUSTERED shutting down.
16:48:49.467 [SpringApplicationShutdownHook] INFO  QuartzScheduler - Scheduler quartzScheduler_$_NON_CLUSTERED paused.
16:48:49.467 [SpringApplicationShutdownHook] INFO  QuartzScheduler - Scheduler quartzScheduler_$_NON_CLUSTERED shutdown complete.
17:08:09.523 [Test worker] INFO  SpringBootTestContextBootstrapper - Neither @ContextConfiguration nor @ContextHierarchy found for test class [com.imchobo.jsr_stringboot.mapper.StudentMapperTest], using SpringBootContextLoader
17:08:09.536 [Test worker] INFO  AbstractContextLoader - Could not detect default resource locations for test class [com.imchobo.jsr_stringboot.mapper.StudentMapperTest]: no resource found for suffixes {-context.xml, Context.groovy}.
17:08:09.537 [Test worker] INFO  AnnotationConfigContextLoaderUtils - Could not detect default configuration classes for test class [com.imchobo.jsr_stringboot.mapper.StudentMapperTest]: StudentMapperTest does not declare any static, non-private, non-final, nested classes annotated with @Configuration.
17:08:09.666 [Test worker] INFO  SpringBootTestContextBootstrapper - Found @SpringBootConfiguration com.imchobo.jsr_stringboot.JsrStringBootApplication for test class com.imchobo.jsr_stringboot.mapper.StudentMapperTest
17:08:09.783 [Test worker] INFO  SpringBootTestContextBootstrapper - Loaded default TestExecutionListener class names from location [META-INF/spring.factories]: [org.springframework.boot.test.autoconfigure.restdocs.RestDocsTestExecutionListener, org.springframework.boot.test.autoconfigure.web.client.MockRestServiceServerResetTestExecutionListener, org.springframework.boot.test.autoconfigure.web.servlet.MockMvcPrintOnlyOnFailureTestExecutionListener, org.springframework.boot.test.autoconfigure.web.servlet.WebDriverTestExecutionListener, org.springframework.boot.test.autoconfigure.webservices.client.MockWebServiceServerTestExecutionListener, org.springframework.boot.test.mock.mockito.MockitoTestExecutionListener, org.springframework.boot.test.mock.mockito.ResetMocksTestExecutionListener, org.springframework.test.context.web.ServletTestExecutionListener, org.springframework.test.context.support.DirtiesContextBeforeModesTestExecutionListener, org.springframework.test.context.event.ApplicationEventsTestExecutionListener, org.springframework.test.context.support.DependencyInjectionTestExecutionListener, org.springframework.test.context.support.DirtiesContextTestExecutionListener, org.springframework.test.context.transaction.TransactionalTestExecutionListener, org.springframework.test.context.jdbc.SqlScriptsTestExecutionListener, org.springframework.test.context.event.EventPublishingTestExecutionListener]
17:08:09.808 [Test worker] INFO  SpringBootTestContextBootstrapper - Using TestExecutionListeners: [org.springframework.test.context.web.ServletTestExecutionListener@3d829787, org.springframework.test.context.support.DirtiesContextBeforeModesTestExecutionListener@71652c98, org.springframework.test.context.event.ApplicationEventsTestExecutionListener@51bde877, org.springframework.boot.test.mock.mockito.MockitoTestExecutionListener@60b85ba1, org.springframework.boot.test.autoconfigure.SpringBootDependencyInjectionTestExecutionListener@492fc69e, org.springframework.test.context.support.DirtiesContextTestExecutionListener@117632cf, org.springframework.test.context.transaction.TransactionalTestExecutionListener@2fb68ec6, org.springframework.test.context.jdbc.SqlScriptsTestExecutionListener@d71adc2, org.springframework.test.context.event.EventPublishingTestExecutionListener@3add81c4, org.springframework.boot.test.autoconfigure.restdocs.RestDocsTestExecutionListener@1a1d3c1a, org.springframework.boot.test.autoconfigure.web.client.MockRestServiceServerResetTestExecutionListener@1c65121, org.springframework.boot.test.autoconfigure.web.servlet.MockMvcPrintOnlyOnFailureTestExecutionListener@159e366, org.springframework.boot.test.autoconfigure.web.servlet.WebDriverTestExecutionListener@57dc9128, org.springframework.boot.test.autoconfigure.webservices.client.MockWebServiceServerTestExecutionListener@24528a25, org.springframework.boot.test.mock.mockito.ResetMocksTestExecutionListener@17ae98d7]
17:08:10.218 [Test worker] WARN  DuplicateJsonObjectContextCustomizerFactory$DuplicateJsonObjectContextCustomizer - 

Found multiple occurrences of org.json.JSONObject on the class path:

	jar:file:/C:/Users/tj/.gradle/caches/modules-2/files-2.1/org.json/json/20240303/ebb88e8fb5122b7506d5cf1d69f1ccdb790d22a/json-20240303.jar!/org/json/JSONObject.class
	jar:file:/C:/Users/tj/.gradle/caches/modules-2/files-2.1/com.vaadin.external.google/android-json/0.0.20131108.vaadin1/fa26d351fe62a6a17f5cda1287c1c6110dec413f/android-json-0.0.20131108.vaadin1.jar!/org/json/JSONObject.class

You may wish to exclude one of them to ensure predictable runtime behavior

17:08:10.239 [Test worker] INFO  StudentMapperTest - Starting StudentMapperTest using Java 21.0.7 on DESKTOP-NBP7RID with PID 852 (started by tj in C:\Users\tj\jsr_StringBoot)
17:08:10.240 [Test worker] INFO  StudentMapperTest - No active profile set, falling back to 1 default profile: "default"
17:08:13.728 [Test worker] INFO  StdSchedulerFactory - Using default implementation for ThreadExecutor
17:08:13.746 [Test worker] INFO  SchedulerSignalerImpl - Initialized Scheduler Signaller of type: class org.quartz.core.SchedulerSignalerImpl
17:08:13.747 [Test worker] INFO  QuartzScheduler - Quartz Scheduler v.2.3.2 created.
17:08:13.749 [Test worker] INFO  RAMJobStore - RAMJobStore initialized.
17:08:13.750 [Test worker] INFO  QuartzScheduler - Scheduler meta-data: Quartz Scheduler (v2.3.2) 'quartzScheduler' with instanceId 'NON_CLUSTERED'
  Scheduler class: 'org.quartz.core.QuartzScheduler' - running locally.
  NOT STARTED.
  Currently in standby mode.
  Number of jobs executed: 0
  Using thread pool 'org.quartz.simpl.SimpleThreadPool' - with 10 threads.
  Using job-store 'org.quartz.simpl.RAMJobStore' - which does not support persistence. and is not clustered.

17:08:13.751 [Test worker] INFO  StdSchedulerFactory - Quartz scheduler 'quartzScheduler' initialized from an externally provided properties instance.
17:08:13.751 [Test worker] INFO  StdSchedulerFactory - Quartz scheduler version: 2.3.2
17:08:13.751 [Test worker] INFO  QuartzScheduler - JobFactory set to: org.springframework.scheduling.quartz.SpringBeanJobFactory@1c72189f
17:08:13.877 [Test worker] INFO  SchedulerFactoryBean - Starting Quartz Scheduler now
17:08:13.877 [Test worker] INFO  QuartzScheduler - Scheduler quartzScheduler_$_NON_CLUSTERED started.
17:08:13.888 [Test worker] INFO  StudentMapperTest - Started StudentMapperTest in 4.03 seconds (JVM running for 5.601)
17:08:14.514 [SpringApplicationShutdownHook] INFO  QuartzScheduler - Scheduler quartzScheduler_$_NON_CLUSTERED paused.
17:08:14.549 [SpringApplicationShutdownHook] INFO  SchedulerFactoryBean - Shutting down Quartz Scheduler
17:08:14.549 [SpringApplicationShutdownHook] INFO  QuartzScheduler - Scheduler quartzScheduler_$_NON_CLUSTERED shutting down.
17:08:14.549 [SpringApplicationShutdownHook] INFO  QuartzScheduler - Scheduler quartzScheduler_$_NON_CLUSTERED paused.
17:08:14.550 [SpringApplicationShutdownHook] INFO  QuartzScheduler - Scheduler quartzScheduler_$_NON_CLUSTERED shutdown complete.
17:10:55.056 [Test worker] INFO  SpringBootTestContextBootstrapper - Neither @ContextConfiguration nor @ContextHierarchy found for test class [com.imchobo.jsr_stringboot.mapper.StudentMapperTest], using SpringBootContextLoader
17:10:55.065 [Test worker] INFO  AbstractContextLoader - Could not detect default resource locations for test class [com.imchobo.jsr_stringboot.mapper.StudentMapperTest]: no resource found for suffixes {-context.xml, Context.groovy}.
17:10:55.067 [Test worker] INFO  AnnotationConfigContextLoaderUtils - Could not detect default configuration classes for test class [com.imchobo.jsr_stringboot.mapper.StudentMapperTest]: StudentMapperTest does not declare any static, non-private, non-final, nested classes annotated with @Configuration.
17:10:55.205 [Test worker] INFO  SpringBootTestContextBootstrapper - Found @SpringBootConfiguration com.imchobo.jsr_stringboot.JsrStringBootApplication for test class com.imchobo.jsr_stringboot.mapper.StudentMapperTest
17:10:55.320 [Test worker] INFO  SpringBootTestContextBootstrapper - Loaded default TestExecutionListener class names from location [META-INF/spring.factories]: [org.springframework.boot.test.autoconfigure.restdocs.RestDocsTestExecutionListener, org.springframework.boot.test.autoconfigure.web.client.MockRestServiceServerResetTestExecutionListener, org.springframework.boot.test.autoconfigure.web.servlet.MockMvcPrintOnlyOnFailureTestExecutionListener, org.springframework.boot.test.autoconfigure.web.servlet.WebDriverTestExecutionListener, org.springframework.boot.test.autoconfigure.webservices.client.MockWebServiceServerTestExecutionListener, org.springframework.boot.test.mock.mockito.MockitoTestExecutionListener, org.springframework.boot.test.mock.mockito.ResetMocksTestExecutionListener, org.springframework.test.context.web.ServletTestExecutionListener, org.springframework.test.context.support.DirtiesContextBeforeModesTestExecutionListener, org.springframework.test.context.event.ApplicationEventsTestExecutionListener, org.springframework.test.context.support.DependencyInjectionTestExecutionListener, org.springframework.test.context.support.DirtiesContextTestExecutionListener, org.springframework.test.context.transaction.TransactionalTestExecutionListener, org.springframework.test.context.jdbc.SqlScriptsTestExecutionListener, org.springframework.test.context.event.EventPublishingTestExecutionListener]
17:10:55.349 [Test worker] INFO  SpringBootTestContextBootstrapper - Using TestExecutionListeners: [org.springframework.test.context.web.ServletTestExecutionListener@51bde877, org.springframework.test.context.support.DirtiesContextBeforeModesTestExecutionListener@60b85ba1, org.springframework.test.context.event.ApplicationEventsTestExecutionListener@492fc69e, org.springframework.boot.test.mock.mockito.MockitoTestExecutionListener@117632cf, org.springframework.boot.test.autoconfigure.SpringBootDependencyInjectionTestExecutionListener@2fb68ec6, org.springframework.test.context.support.DirtiesContextTestExecutionListener@d71adc2, org.springframework.test.context.transaction.TransactionalTestExecutionListener@3add81c4, org.springframework.test.context.jdbc.SqlScriptsTestExecutionListener@1a1d3c1a, org.springframework.test.context.event.EventPublishingTestExecutionListener@1c65121, org.springframework.boot.test.autoconfigure.restdocs.RestDocsTestExecutionListener@159e366, org.springframework.boot.test.autoconfigure.web.client.MockRestServiceServerResetTestExecutionListener@57dc9128, org.springframework.boot.test.autoconfigure.web.servlet.MockMvcPrintOnlyOnFailureTestExecutionListener@24528a25, org.springframework.boot.test.autoconfigure.web.servlet.WebDriverTestExecutionListener@17ae98d7, org.springframework.boot.test.autoconfigure.webservices.client.MockWebServiceServerTestExecutionListener@59221b97, org.springframework.boot.test.mock.mockito.ResetMocksTestExecutionListener@6ac4944a]
17:10:55.767 [Test worker] WARN  DuplicateJsonObjectContextCustomizerFactory$DuplicateJsonObjectContextCustomizer - 

Found multiple occurrences of org.json.JSONObject on the class path:

	jar:file:/C:/Users/tj/.gradle/caches/modules-2/files-2.1/org.json/json/20240303/ebb88e8fb5122b7506d5cf1d69f1ccdb790d22a/json-20240303.jar!/org/json/JSONObject.class
	jar:file:/C:/Users/tj/.gradle/caches/modules-2/files-2.1/com.vaadin.external.google/android-json/0.0.20131108.vaadin1/fa26d351fe62a6a17f5cda1287c1c6110dec413f/android-json-0.0.20131108.vaadin1.jar!/org/json/JSONObject.class

You may wish to exclude one of them to ensure predictable runtime behavior

17:10:55.788 [Test worker] INFO  StudentMapperTest - Starting StudentMapperTest using Java 21.0.7 on DESKTOP-NBP7RID with PID 6112 (started by tj in C:\Users\tj\jsr_StringBoot)
17:10:55.789 [Test worker] INFO  StudentMapperTest - No active profile set, falling back to 1 default profile: "default"
17:10:58.556 [Test worker] INFO  StdSchedulerFactory - Using default implementation for ThreadExecutor
17:10:58.573 [Test worker] INFO  SchedulerSignalerImpl - Initialized Scheduler Signaller of type: class org.quartz.core.SchedulerSignalerImpl
17:10:58.574 [Test worker] INFO  QuartzScheduler - Quartz Scheduler v.2.3.2 created.
17:10:58.577 [Test worker] INFO  RAMJobStore - RAMJobStore initialized.
17:10:58.581 [Test worker] INFO  QuartzScheduler - Scheduler meta-data: Quartz Scheduler (v2.3.2) 'quartzScheduler' with instanceId 'NON_CLUSTERED'
  Scheduler class: 'org.quartz.core.QuartzScheduler' - running locally.
  NOT STARTED.
  Currently in standby mode.
  Number of jobs executed: 0
  Using thread pool 'org.quartz.simpl.SimpleThreadPool' - with 10 threads.
  Using job-store 'org.quartz.simpl.RAMJobStore' - which does not support persistence. and is not clustered.

17:10:58.582 [Test worker] INFO  StdSchedulerFactory - Quartz scheduler 'quartzScheduler' initialized from an externally provided properties instance.
17:10:58.583 [Test worker] INFO  StdSchedulerFactory - Quartz scheduler version: 2.3.2
17:10:58.583 [Test worker] INFO  QuartzScheduler - JobFactory set to: org.springframework.scheduling.quartz.SpringBeanJobFactory@5112b7
17:10:58.678 [Test worker] INFO  SchedulerFactoryBean - Starting Quartz Scheduler now
17:10:58.679 [Test worker] INFO  QuartzScheduler - Scheduler quartzScheduler_$_NON_CLUSTERED started.
17:10:58.692 [Test worker] INFO  StudentMapperTest - Started StudentMapperTest in 3.285 seconds (JVM running for 4.869)
17:10:59.281 [Test worker] INFO  sqltiming - select * from subject
 {executed in 8 msec}
17:10:59.313 [Test worker] INFO  StudentMapperTest - [Student(student=null, kor=90, eng=50, mat=80, sci=60, soc=0, total=350), Student(student=null, kor=90, eng=50, mat=80, sci=60, soc=0, total=350), Student(student=null, kor=90, eng=50, mat=80, sci=60, soc=0, total=350), Student(student=null, kor=90, eng=50, mat=80, sci=60, soc=0, total=350)]
17:10:59.349 [SpringApplicationShutdownHook] INFO  QuartzScheduler - Scheduler quartzScheduler_$_NON_CLUSTERED paused.
17:10:59.350 [SpringApplicationShutdownHook] INFO  SchedulerFactoryBean - Shutting down Quartz Scheduler
17:10:59.350 [SpringApplicationShutdownHook] INFO  QuartzScheduler - Scheduler quartzScheduler_$_NON_CLUSTERED shutting down.
17:10:59.350 [SpringApplicationShutdownHook] INFO  QuartzScheduler - Scheduler quartzScheduler_$_NON_CLUSTERED paused.
17:10:59.350 [SpringApplicationShutdownHook] INFO  QuartzScheduler - Scheduler quartzScheduler_$_NON_CLUSTERED shutdown complete.
17:15:57.810 [Test worker] INFO  SpringBootTestContextBootstrapper - Neither @ContextConfiguration nor @ContextHierarchy found for test class [com.imchobo.jsr_stringboot.mapper.StudentMapperTest], using SpringBootContextLoader
17:15:57.819 [Test worker] INFO  AbstractContextLoader - Could not detect default resource locations for test class [com.imchobo.jsr_stringboot.mapper.StudentMapperTest]: no resource found for suffixes {-context.xml, Context.groovy}.
17:15:57.820 [Test worker] INFO  AnnotationConfigContextLoaderUtils - Could not detect default configuration classes for test class [com.imchobo.jsr_stringboot.mapper.StudentMapperTest]: StudentMapperTest does not declare any static, non-private, non-final, nested classes annotated with @Configuration.
17:15:57.969 [Test worker] INFO  SpringBootTestContextBootstrapper - Found @SpringBootConfiguration com.imchobo.jsr_stringboot.JsrStringBootApplication for test class com.imchobo.jsr_stringboot.mapper.StudentMapperTest
17:15:58.084 [Test worker] INFO  SpringBootTestContextBootstrapper - Loaded default TestExecutionListener class names from location [META-INF/spring.factories]: [org.springframework.boot.test.autoconfigure.restdocs.RestDocsTestExecutionListener, org.springframework.boot.test.autoconfigure.web.client.MockRestServiceServerResetTestExecutionListener, org.springframework.boot.test.autoconfigure.web.servlet.MockMvcPrintOnlyOnFailureTestExecutionListener, org.springframework.boot.test.autoconfigure.web.servlet.WebDriverTestExecutionListener, org.springframework.boot.test.autoconfigure.webservices.client.MockWebServiceServerTestExecutionListener, org.springframework.boot.test.mock.mockito.MockitoTestExecutionListener, org.springframework.boot.test.mock.mockito.ResetMocksTestExecutionListener, org.springframework.test.context.web.ServletTestExecutionListener, org.springframework.test.context.support.DirtiesContextBeforeModesTestExecutionListener, org.springframework.test.context.event.ApplicationEventsTestExecutionListener, org.springframework.test.context.support.DependencyInjectionTestExecutionListener, org.springframework.test.context.support.DirtiesContextTestExecutionListener, org.springframework.test.context.transaction.TransactionalTestExecutionListener, org.springframework.test.context.jdbc.SqlScriptsTestExecutionListener, org.springframework.test.context.event.EventPublishingTestExecutionListener]
17:15:58.114 [Test worker] INFO  SpringBootTestContextBootstrapper - Using TestExecutionListeners: [org.springframework.test.context.web.ServletTestExecutionListener@51bde877, org.springframework.test.context.support.DirtiesContextBeforeModesTestExecutionListener@60b85ba1, org.springframework.test.context.event.ApplicationEventsTestExecutionListener@492fc69e, org.springframework.boot.test.mock.mockito.MockitoTestExecutionListener@117632cf, org.springframework.boot.test.autoconfigure.SpringBootDependencyInjectionTestExecutionListener@2fb68ec6, org.springframework.test.context.support.DirtiesContextTestExecutionListener@d71adc2, org.springframework.test.context.transaction.TransactionalTestExecutionListener@3add81c4, org.springframework.test.context.jdbc.SqlScriptsTestExecutionListener@1a1d3c1a, org.springframework.test.context.event.EventPublishingTestExecutionListener@1c65121, org.springframework.boot.test.autoconfigure.restdocs.RestDocsTestExecutionListener@159e366, org.springframework.boot.test.autoconfigure.web.client.MockRestServiceServerResetTestExecutionListener@57dc9128, org.springframework.boot.test.autoconfigure.web.servlet.MockMvcPrintOnlyOnFailureTestExecutionListener@24528a25, org.springframework.boot.test.autoconfigure.web.servlet.WebDriverTestExecutionListener@17ae98d7, org.springframework.boot.test.autoconfigure.webservices.client.MockWebServiceServerTestExecutionListener@59221b97, org.springframework.boot.test.mock.mockito.ResetMocksTestExecutionListener@6ac4944a]
17:15:58.548 [Test worker] WARN  DuplicateJsonObjectContextCustomizerFactory$DuplicateJsonObjectContextCustomizer - 

Found multiple occurrences of org.json.JSONObject on the class path:

	jar:file:/C:/Users/tj/.gradle/caches/modules-2/files-2.1/org.json/json/20240303/ebb88e8fb5122b7506d5cf1d69f1ccdb790d22a/json-20240303.jar!/org/json/JSONObject.class
	jar:file:/C:/Users/tj/.gradle/caches/modules-2/files-2.1/com.vaadin.external.google/android-json/0.0.20131108.vaadin1/fa26d351fe62a6a17f5cda1287c1c6110dec413f/android-json-0.0.20131108.vaadin1.jar!/org/json/JSONObject.class

You may wish to exclude one of them to ensure predictable runtime behavior

17:15:58.569 [Test worker] INFO  StudentMapperTest - Starting StudentMapperTest using Java 21.0.7 on DESKTOP-NBP7RID with PID 21896 (started by tj in C:\Users\tj\jsr_StringBoot)
17:15:58.570 [Test worker] INFO  StudentMapperTest - No active profile set, falling back to 1 default profile: "default"
17:16:01.561 [Test worker] INFO  StdSchedulerFactory - Using default implementation for ThreadExecutor
17:16:01.580 [Test worker] INFO  SchedulerSignalerImpl - Initialized Scheduler Signaller of type: class org.quartz.core.SchedulerSignalerImpl
17:16:01.580 [Test worker] INFO  QuartzScheduler - Quartz Scheduler v.2.3.2 created.
17:16:01.583 [Test worker] INFO  RAMJobStore - RAMJobStore initialized.
17:16:01.584 [Test worker] INFO  QuartzScheduler - Scheduler meta-data: Quartz Scheduler (v2.3.2) 'quartzScheduler' with instanceId 'NON_CLUSTERED'
  Scheduler class: 'org.quartz.core.QuartzScheduler' - running locally.
  NOT STARTED.
  Currently in standby mode.
  Number of jobs executed: 0
  Using thread pool 'org.quartz.simpl.SimpleThreadPool' - with 10 threads.
  Using job-store 'org.quartz.simpl.RAMJobStore' - which does not support persistence. and is not clustered.

17:16:01.585 [Test worker] INFO  StdSchedulerFactory - Quartz scheduler 'quartzScheduler' initialized from an externally provided properties instance.
17:16:01.585 [Test worker] INFO  StdSchedulerFactory - Quartz scheduler version: 2.3.2
17:16:01.585 [Test worker] INFO  QuartzScheduler - JobFactory set to: org.springframework.scheduling.quartz.SpringBeanJobFactory@1c72189f
17:16:01.657 [Test worker] INFO  SchedulerFactoryBean - Starting Quartz Scheduler now
17:16:01.657 [Test worker] INFO  QuartzScheduler - Scheduler quartzScheduler_$_NON_CLUSTERED started.
17:16:01.670 [Test worker] INFO  StudentMapperTest - Started StudentMapperTest in 3.495 seconds (JVM running for 5.273)
17:16:02.124 [Test worker] INFO  sqltiming - select * from student
 {executed in 7 msec}
17:16:02.152 [Test worker] INFO  StudentMapperTest - [Student(student=학생, kor=0, eng=0, mat=0, sci=0, soc=0, total=0), Student(student=학생, kor=0, eng=0, mat=0, sci=0, soc=0, total=0), null, Student(student=학생, kor=0, eng=0, mat=0, sci=0, soc=0, total=0), Student(student=학생, kor=0, eng=0, mat=0, sci=0, soc=0, total=0)]
17:16:02.202 [SpringApplicationShutdownHook] INFO  QuartzScheduler - Scheduler quartzScheduler_$_NON_CLUSTERED paused.
17:16:02.202 [SpringApplicationShutdownHook] INFO  SchedulerFactoryBean - Shutting down Quartz Scheduler
17:16:02.202 [SpringApplicationShutdownHook] INFO  QuartzScheduler - Scheduler quartzScheduler_$_NON_CLUSTERED shutting down.
17:16:02.203 [SpringApplicationShutdownHook] INFO  QuartzScheduler - Scheduler quartzScheduler_$_NON_CLUSTERED paused.
17:16:02.203 [SpringApplicationShutdownHook] INFO  QuartzScheduler - Scheduler quartzScheduler_$_NON_CLUSTERED shutdown complete.
17:18:37.429 [Test worker] INFO  SpringBootTestContextBootstrapper - Neither @ContextConfiguration nor @ContextHierarchy found for test class [com.imchobo.jsr_stringboot.mapper.StudentMapperTest], using SpringBootContextLoader
17:18:37.438 [Test worker] INFO  AbstractContextLoader - Could not detect default resource locations for test class [com.imchobo.jsr_stringboot.mapper.StudentMapperTest]: no resource found for suffixes {-context.xml, Context.groovy}.
17:18:37.439 [Test worker] INFO  AnnotationConfigContextLoaderUtils - Could not detect default configuration classes for test class [com.imchobo.jsr_stringboot.mapper.StudentMapperTest]: StudentMapperTest does not declare any static, non-private, non-final, nested classes annotated with @Configuration.
17:18:37.566 [Test worker] INFO  SpringBootTestContextBootstrapper - Found @SpringBootConfiguration com.imchobo.jsr_stringboot.JsrStringBootApplication for test class com.imchobo.jsr_stringboot.mapper.StudentMapperTest
17:18:37.679 [Test worker] INFO  SpringBootTestContextBootstrapper - Loaded default TestExecutionListener class names from location [META-INF/spring.factories]: [org.springframework.boot.test.autoconfigure.restdocs.RestDocsTestExecutionListener, org.springframework.boot.test.autoconfigure.web.client.MockRestServiceServerResetTestExecutionListener, org.springframework.boot.test.autoconfigure.web.servlet.MockMvcPrintOnlyOnFailureTestExecutionListener, org.springframework.boot.test.autoconfigure.web.servlet.WebDriverTestExecutionListener, org.springframework.boot.test.autoconfigure.webservices.client.MockWebServiceServerTestExecutionListener, org.springframework.boot.test.mock.mockito.MockitoTestExecutionListener, org.springframework.boot.test.mock.mockito.ResetMocksTestExecutionListener, org.springframework.test.context.web.ServletTestExecutionListener, org.springframework.test.context.support.DirtiesContextBeforeModesTestExecutionListener, org.springframework.test.context.event.ApplicationEventsTestExecutionListener, org.springframework.test.context.support.DependencyInjectionTestExecutionListener, org.springframework.test.context.support.DirtiesContextTestExecutionListener, org.springframework.test.context.transaction.TransactionalTestExecutionListener, org.springframework.test.context.jdbc.SqlScriptsTestExecutionListener, org.springframework.test.context.event.EventPublishingTestExecutionListener]
17:18:37.704 [Test worker] INFO  SpringBootTestContextBootstrapper - Using TestExecutionListeners: [org.springframework.test.context.web.ServletTestExecutionListener@51bde877, org.springframework.test.context.support.DirtiesContextBeforeModesTestExecutionListener@60b85ba1, org.springframework.test.context.event.ApplicationEventsTestExecutionListener@492fc69e, org.springframework.boot.test.mock.mockito.MockitoTestExecutionListener@117632cf, org.springframework.boot.test.autoconfigure.SpringBootDependencyInjectionTestExecutionListener@2fb68ec6, org.springframework.test.context.support.DirtiesContextTestExecutionListener@d71adc2, org.springframework.test.context.transaction.TransactionalTestExecutionListener@3add81c4, org.springframework.test.context.jdbc.SqlScriptsTestExecutionListener@1a1d3c1a, org.springframework.test.context.event.EventPublishingTestExecutionListener@1c65121, org.springframework.boot.test.autoconfigure.restdocs.RestDocsTestExecutionListener@159e366, org.springframework.boot.test.autoconfigure.web.client.MockRestServiceServerResetTestExecutionListener@57dc9128, org.springframework.boot.test.autoconfigure.web.servlet.MockMvcPrintOnlyOnFailureTestExecutionListener@24528a25, org.springframework.boot.test.autoconfigure.web.servlet.WebDriverTestExecutionListener@17ae98d7, org.springframework.boot.test.autoconfigure.webservices.client.MockWebServiceServerTestExecutionListener@59221b97, org.springframework.boot.test.mock.mockito.ResetMocksTestExecutionListener@6ac4944a]
17:18:38.120 [Test worker] WARN  DuplicateJsonObjectContextCustomizerFactory$DuplicateJsonObjectContextCustomizer - 

Found multiple occurrences of org.json.JSONObject on the class path:

	jar:file:/C:/Users/tj/.gradle/caches/modules-2/files-2.1/org.json/json/20240303/ebb88e8fb5122b7506d5cf1d69f1ccdb790d22a/json-20240303.jar!/org/json/JSONObject.class
	jar:file:/C:/Users/tj/.gradle/caches/modules-2/files-2.1/com.vaadin.external.google/android-json/0.0.20131108.vaadin1/fa26d351fe62a6a17f5cda1287c1c6110dec413f/android-json-0.0.20131108.vaadin1.jar!/org/json/JSONObject.class

You may wish to exclude one of them to ensure predictable runtime behavior

17:18:38.140 [Test worker] INFO  StudentMapperTest - Starting StudentMapperTest using Java 21.0.7 on DESKTOP-NBP7RID with PID 18620 (started by tj in C:\Users\tj\jsr_StringBoot)
17:18:38.141 [Test worker] INFO  StudentMapperTest - No active profile set, falling back to 1 default profile: "default"
17:18:40.888 [Test worker] INFO  StdSchedulerFactory - Using default implementation for ThreadExecutor
17:18:40.909 [Test worker] INFO  SchedulerSignalerImpl - Initialized Scheduler Signaller of type: class org.quartz.core.SchedulerSignalerImpl
17:18:40.909 [Test worker] INFO  QuartzScheduler - Quartz Scheduler v.2.3.2 created.
17:18:40.912 [Test worker] INFO  RAMJobStore - RAMJobStore initialized.
17:18:40.914 [Test worker] INFO  QuartzScheduler - Scheduler meta-data: Quartz Scheduler (v2.3.2) 'quartzScheduler' with instanceId 'NON_CLUSTERED'
  Scheduler class: 'org.quartz.core.QuartzScheduler' - running locally.
  NOT STARTED.
  Currently in standby mode.
  Number of jobs executed: 0
  Using thread pool 'org.quartz.simpl.SimpleThreadPool' - with 10 threads.
  Using job-store 'org.quartz.simpl.RAMJobStore' - which does not support persistence. and is not clustered.

17:18:40.917 [Test worker] INFO  StdSchedulerFactory - Quartz scheduler 'quartzScheduler' initialized from an externally provided properties instance.
17:18:40.917 [Test worker] INFO  StdSchedulerFactory - Quartz scheduler version: 2.3.2
17:18:40.917 [Test worker] INFO  QuartzScheduler - JobFactory set to: org.springframework.scheduling.quartz.SpringBeanJobFactory@1c72189f
17:18:40.995 [Test worker] INFO  SchedulerFactoryBean - Starting Quartz Scheduler now
17:18:40.995 [Test worker] INFO  QuartzScheduler - Scheduler quartzScheduler_$_NON_CLUSTERED started.
17:18:41.005 [Test worker] INFO  StudentMapperTest - Started StudentMapperTest in 3.251 seconds (JVM running for 4.864)
17:18:41.470 [Test worker] INFO  sqltiming - select * from student
 {executed in 8 msec}
17:18:41.503 [Test worker] INFO  StudentMapperTest - [Student(student=학생, kor=90, eng=90, mat=10, sci=20, soc=0, total=0), Student(student=학생, kor=80, eng=50, mat=100, sci=40, soc=0, total=0), Student(student=학생, kor=70, eng=70, mat=80, sci=60, soc=0, total=0), Student(student=학생, kor=50, eng=70, mat=50, sci=50, soc=0, total=0), Student(student=학생, kor=40, eng=70, mat=70, sci=70, soc=0, total=0)]
17:18:41.546 [SpringApplicationShutdownHook] INFO  QuartzScheduler - Scheduler quartzScheduler_$_NON_CLUSTERED paused.
17:18:41.546 [SpringApplicationShutdownHook] INFO  SchedulerFactoryBean - Shutting down Quartz Scheduler
17:18:41.547 [SpringApplicationShutdownHook] INFO  QuartzScheduler - Scheduler quartzScheduler_$_NON_CLUSTERED shutting down.
17:18:41.547 [SpringApplicationShutdownHook] INFO  QuartzScheduler - Scheduler quartzScheduler_$_NON_CLUSTERED paused.
17:18:41.547 [SpringApplicationShutdownHook] INFO  QuartzScheduler - Scheduler quartzScheduler_$_NON_CLUSTERED shutdown complete.
17:52:35.284 [Test worker] INFO  SpringBootTestContextBootstrapper - Neither @ContextConfiguration nor @ContextHierarchy found for test class [com.imchobo.jsr_stringboot.mapper.StudentMapperTest], using SpringBootContextLoader
17:52:35.296 [Test worker] INFO  AbstractContextLoader - Could not detect default resource locations for test class [com.imchobo.jsr_stringboot.mapper.StudentMapperTest]: no resource found for suffixes {-context.xml, Context.groovy}.
17:52:35.298 [Test worker] INFO  AnnotationConfigContextLoaderUtils - Could not detect default configuration classes for test class [com.imchobo.jsr_stringboot.mapper.StudentMapperTest]: StudentMapperTest does not declare any static, non-private, non-final, nested classes annotated with @Configuration.
17:52:35.426 [Test worker] INFO  SpringBootTestContextBootstrapper - Found @SpringBootConfiguration com.imchobo.jsr_stringboot.JsrStringBootApplication for test class com.imchobo.jsr_stringboot.mapper.StudentMapperTest
17:52:35.532 [Test worker] INFO  SpringBootTestContextBootstrapper - Loaded default TestExecutionListener class names from location [META-INF/spring.factories]: [org.springframework.boot.test.autoconfigure.restdocs.RestDocsTestExecutionListener, org.springframework.boot.test.autoconfigure.web.client.MockRestServiceServerResetTestExecutionListener, org.springframework.boot.test.autoconfigure.web.servlet.MockMvcPrintOnlyOnFailureTestExecutionListener, org.springframework.boot.test.autoconfigure.web.servlet.WebDriverTestExecutionListener, org.springframework.boot.test.autoconfigure.webservices.client.MockWebServiceServerTestExecutionListener, org.springframework.boot.test.mock.mockito.MockitoTestExecutionListener, org.springframework.boot.test.mock.mockito.ResetMocksTestExecutionListener, org.springframework.test.context.web.ServletTestExecutionListener, org.springframework.test.context.support.DirtiesContextBeforeModesTestExecutionListener, org.springframework.test.context.event.ApplicationEventsTestExecutionListener, org.springframework.test.context.support.DependencyInjectionTestExecutionListener, org.springframework.test.context.support.DirtiesContextTestExecutionListener, org.springframework.test.context.transaction.TransactionalTestExecutionListener, org.springframework.test.context.jdbc.SqlScriptsTestExecutionListener, org.springframework.test.context.event.EventPublishingTestExecutionListener]
17:52:35.559 [Test worker] INFO  SpringBootTestContextBootstrapper - Using TestExecutionListeners: [org.springframework.test.context.web.ServletTestExecutionListener@492fc69e, org.springframework.test.context.support.DirtiesContextBeforeModesTestExecutionListener@117632cf, org.springframework.test.context.event.ApplicationEventsTestExecutionListener@2fb68ec6, org.springframework.boot.test.mock.mockito.MockitoTestExecutionListener@d71adc2, org.springframework.boot.test.autoconfigure.SpringBootDependencyInjectionTestExecutionListener@3add81c4, org.springframework.test.context.support.DirtiesContextTestExecutionListener@1a1d3c1a, org.springframework.test.context.transaction.TransactionalTestExecutionListener@1c65121, org.springframework.test.context.jdbc.SqlScriptsTestExecutionListener@159e366, org.springframework.test.context.event.EventPublishingTestExecutionListener@57dc9128, org.springframework.boot.test.autoconfigure.restdocs.RestDocsTestExecutionListener@24528a25, org.springframework.boot.test.autoconfigure.web.client.MockRestServiceServerResetTestExecutionListener@17ae98d7, org.springframework.boot.test.autoconfigure.web.servlet.MockMvcPrintOnlyOnFailureTestExecutionListener@59221b97, org.springframework.boot.test.autoconfigure.web.servlet.WebDriverTestExecutionListener@6ac4944a, org.springframework.boot.test.autoconfigure.webservices.client.MockWebServiceServerTestExecutionListener@5a772895, org.springframework.boot.test.mock.mockito.ResetMocksTestExecutionListener@39fc6b2c]
17:52:35.964 [Test worker] WARN  DuplicateJsonObjectContextCustomizerFactory$DuplicateJsonObjectContextCustomizer - 

Found multiple occurrences of org.json.JSONObject on the class path:

	jar:file:/C:/Users/tj/.gradle/caches/modules-2/files-2.1/org.json/json/20240303/ebb88e8fb5122b7506d5cf1d69f1ccdb790d22a/json-20240303.jar!/org/json/JSONObject.class
	jar:file:/C:/Users/tj/.gradle/caches/modules-2/files-2.1/com.vaadin.external.google/android-json/0.0.20131108.vaadin1/fa26d351fe62a6a17f5cda1287c1c6110dec413f/android-json-0.0.20131108.vaadin1.jar!/org/json/JSONObject.class

You may wish to exclude one of them to ensure predictable runtime behavior

17:52:35.986 [Test worker] INFO  StudentMapperTest - Starting StudentMapperTest using Java 21.0.7 on DESKTOP-NBP7RID with PID 13320 (started by tj in C:\Users\tj\jsr_StringBoot)
17:52:35.989 [Test worker] INFO  StudentMapperTest - No active profile set, falling back to 1 default profile: "default"
17:52:38.677 [Test worker] INFO  StdSchedulerFactory - Using default implementation for ThreadExecutor
17:52:38.695 [Test worker] INFO  SchedulerSignalerImpl - Initialized Scheduler Signaller of type: class org.quartz.core.SchedulerSignalerImpl
17:52:38.696 [Test worker] INFO  QuartzScheduler - Quartz Scheduler v.2.3.2 created.
17:52:38.699 [Test worker] INFO  RAMJobStore - RAMJobStore initialized.
17:52:38.701 [Test worker] INFO  QuartzScheduler - Scheduler meta-data: Quartz Scheduler (v2.3.2) 'quartzScheduler' with instanceId 'NON_CLUSTERED'
  Scheduler class: 'org.quartz.core.QuartzScheduler' - running locally.
  NOT STARTED.
  Currently in standby mode.
  Number of jobs executed: 0
  Using thread pool 'org.quartz.simpl.SimpleThreadPool' - with 10 threads.
  Using job-store 'org.quartz.simpl.RAMJobStore' - which does not support persistence. and is not clustered.

17:52:38.701 [Test worker] INFO  StdSchedulerFactory - Quartz scheduler 'quartzScheduler' initialized from an externally provided properties instance.
17:52:38.701 [Test worker] INFO  StdSchedulerFactory - Quartz scheduler version: 2.3.2
17:52:38.702 [Test worker] INFO  QuartzScheduler - JobFactory set to: org.springframework.scheduling.quartz.SpringBeanJobFactory@4276ad40
17:52:38.809 [Test worker] INFO  SchedulerFactoryBean - Starting Quartz Scheduler now
17:52:38.810 [Test worker] INFO  QuartzScheduler - Scheduler quartzScheduler_$_NON_CLUSTERED started.
17:52:38.821 [Test worker] INFO  StudentMapperTest - Started StudentMapperTest in 3.212 seconds (JVM running for 4.756)
17:52:39.566 [SpringApplicationShutdownHook] INFO  QuartzScheduler - Scheduler quartzScheduler_$_NON_CLUSTERED paused.
17:52:39.568 [SpringApplicationShutdownHook] INFO  SchedulerFactoryBean - Shutting down Quartz Scheduler
17:52:39.574 [SpringApplicationShutdownHook] INFO  QuartzScheduler - Scheduler quartzScheduler_$_NON_CLUSTERED shutting down.
17:52:39.574 [SpringApplicationShutdownHook] INFO  QuartzScheduler - Scheduler quartzScheduler_$_NON_CLUSTERED paused.
17:52:39.574 [SpringApplicationShutdownHook] INFO  QuartzScheduler - Scheduler quartzScheduler_$_NON_CLUSTERED shutdown complete.
17:58:27.733 [Test worker] INFO  SpringBootTestContextBootstrapper - Neither @ContextConfiguration nor @ContextHierarchy found for test class [com.imchobo.jsr_stringboot.mapper.StudentMapperTest], using SpringBootContextLoader
17:58:27.742 [Test worker] INFO  AbstractContextLoader - Could not detect default resource locations for test class [com.imchobo.jsr_stringboot.mapper.StudentMapperTest]: no resource found for suffixes {-context.xml, Context.groovy}.
17:58:27.743 [Test worker] INFO  AnnotationConfigContextLoaderUtils - Could not detect default configuration classes for test class [com.imchobo.jsr_stringboot.mapper.StudentMapperTest]: StudentMapperTest does not declare any static, non-private, non-final, nested classes annotated with @Configuration.
17:58:27.871 [Test worker] INFO  SpringBootTestContextBootstrapper - Found @SpringBootConfiguration com.imchobo.jsr_stringboot.JsrStringBootApplication for test class com.imchobo.jsr_stringboot.mapper.StudentMapperTest
17:58:27.984 [Test worker] INFO  SpringBootTestContextBootstrapper - Loaded default TestExecutionListener class names from location [META-INF/spring.factories]: [org.springframework.boot.test.autoconfigure.restdocs.RestDocsTestExecutionListener, org.springframework.boot.test.autoconfigure.web.client.MockRestServiceServerResetTestExecutionListener, org.springframework.boot.test.autoconfigure.web.servlet.MockMvcPrintOnlyOnFailureTestExecutionListener, org.springframework.boot.test.autoconfigure.web.servlet.WebDriverTestExecutionListener, org.springframework.boot.test.autoconfigure.webservices.client.MockWebServiceServerTestExecutionListener, org.springframework.boot.test.mock.mockito.MockitoTestExecutionListener, org.springframework.boot.test.mock.mockito.ResetMocksTestExecutionListener, org.springframework.test.context.web.ServletTestExecutionListener, org.springframework.test.context.support.DirtiesContextBeforeModesTestExecutionListener, org.springframework.test.context.event.ApplicationEventsTestExecutionListener, org.springframework.test.context.support.DependencyInjectionTestExecutionListener, org.springframework.test.context.support.DirtiesContextTestExecutionListener, org.springframework.test.context.transaction.TransactionalTestExecutionListener, org.springframework.test.context.jdbc.SqlScriptsTestExecutionListener, org.springframework.test.context.event.EventPublishingTestExecutionListener]
17:58:28.010 [Test worker] INFO  SpringBootTestContextBootstrapper - Using TestExecutionListeners: [org.springframework.test.context.web.ServletTestExecutionListener@51bde877, org.springframework.test.context.support.DirtiesContextBeforeModesTestExecutionListener@60b85ba1, org.springframework.test.context.event.ApplicationEventsTestExecutionListener@492fc69e, org.springframework.boot.test.mock.mockito.MockitoTestExecutionListener@117632cf, org.springframework.boot.test.autoconfigure.SpringBootDependencyInjectionTestExecutionListener@2fb68ec6, org.springframework.test.context.support.DirtiesContextTestExecutionListener@d71adc2, org.springframework.test.context.transaction.TransactionalTestExecutionListener@3add81c4, org.springframework.test.context.jdbc.SqlScriptsTestExecutionListener@1a1d3c1a, org.springframework.test.context.event.EventPublishingTestExecutionListener@1c65121, org.springframework.boot.test.autoconfigure.restdocs.RestDocsTestExecutionListener@159e366, org.springframework.boot.test.autoconfigure.web.client.MockRestServiceServerResetTestExecutionListener@57dc9128, org.springframework.boot.test.autoconfigure.web.servlet.MockMvcPrintOnlyOnFailureTestExecutionListener@24528a25, org.springframework.boot.test.autoconfigure.web.servlet.WebDriverTestExecutionListener@17ae98d7, org.springframework.boot.test.autoconfigure.webservices.client.MockWebServiceServerTestExecutionListener@59221b97, org.springframework.boot.test.mock.mockito.ResetMocksTestExecutionListener@6ac4944a]
17:58:28.413 [Test worker] WARN  DuplicateJsonObjectContextCustomizerFactory$DuplicateJsonObjectContextCustomizer - 

Found multiple occurrences of org.json.JSONObject on the class path:

	jar:file:/C:/Users/tj/.gradle/caches/modules-2/files-2.1/org.json/json/20240303/ebb88e8fb5122b7506d5cf1d69f1ccdb790d22a/json-20240303.jar!/org/json/JSONObject.class
	jar:file:/C:/Users/tj/.gradle/caches/modules-2/files-2.1/com.vaadin.external.google/android-json/0.0.20131108.vaadin1/fa26d351fe62a6a17f5cda1287c1c6110dec413f/android-json-0.0.20131108.vaadin1.jar!/org/json/JSONObject.class

You may wish to exclude one of them to ensure predictable runtime behavior

17:58:28.430 [Test worker] INFO  StudentMapperTest - Starting StudentMapperTest using Java 21.0.7 on DESKTOP-NBP7RID with PID 23480 (started by tj in C:\Users\tj\jsr_StringBoot)
17:58:28.432 [Test worker] INFO  StudentMapperTest - No active profile set, falling back to 1 default profile: "default"
17:58:31.034 [Test worker] INFO  StdSchedulerFactory - Using default implementation for ThreadExecutor
17:58:31.050 [Test worker] INFO  SchedulerSignalerImpl - Initialized Scheduler Signaller of type: class org.quartz.core.SchedulerSignalerImpl
17:58:31.050 [Test worker] INFO  QuartzScheduler - Quartz Scheduler v.2.3.2 created.
17:58:31.053 [Test worker] INFO  RAMJobStore - RAMJobStore initialized.
17:58:31.054 [Test worker] INFO  QuartzScheduler - Scheduler meta-data: Quartz Scheduler (v2.3.2) 'quartzScheduler' with instanceId 'NON_CLUSTERED'
  Scheduler class: 'org.quartz.core.QuartzScheduler' - running locally.
  NOT STARTED.
  Currently in standby mode.
  Number of jobs executed: 0
  Using thread pool 'org.quartz.simpl.SimpleThreadPool' - with 10 threads.
  Using job-store 'org.quartz.simpl.RAMJobStore' - which does not support persistence. and is not clustered.

17:58:31.055 [Test worker] INFO  StdSchedulerFactory - Quartz scheduler 'quartzScheduler' initialized from an externally provided properties instance.
17:58:31.056 [Test worker] INFO  StdSchedulerFactory - Quartz scheduler version: 2.3.2
17:58:31.056 [Test worker] INFO  QuartzScheduler - JobFactory set to: org.springframework.scheduling.quartz.SpringBeanJobFactory@51f01535
17:58:31.150 [Test worker] INFO  SchedulerFactoryBean - Starting Quartz Scheduler now
17:58:31.151 [Test worker] INFO  QuartzScheduler - Scheduler quartzScheduler_$_NON_CLUSTERED started.
17:58:31.161 [Test worker] INFO  StudentMapperTest - Started StudentMapperTest in 3.103 seconds (JVM running for 4.757)
17:58:31.793 [SpringApplicationShutdownHook] INFO  QuartzScheduler - Scheduler quartzScheduler_$_NON_CLUSTERED paused.
17:58:31.809 [SpringApplicationShutdownHook] INFO  SchedulerFactoryBean - Shutting down Quartz Scheduler
17:58:31.814 [SpringApplicationShutdownHook] INFO  QuartzScheduler - Scheduler quartzScheduler_$_NON_CLUSTERED shutting down.
17:58:31.814 [SpringApplicationShutdownHook] INFO  QuartzScheduler - Scheduler quartzScheduler_$_NON_CLUSTERED paused.
17:58:31.815 [SpringApplicationShutdownHook] INFO  QuartzScheduler - Scheduler quartzScheduler_$_NON_CLUSTERED shutdown complete.
17:59:38.675 [Test worker] INFO  SpringBootTestContextBootstrapper - Neither @ContextConfiguration nor @ContextHierarchy found for test class [com.imchobo.jsr_stringboot.mapper.StudentMapperTest], using SpringBootContextLoader
17:59:38.684 [Test worker] INFO  AbstractContextLoader - Could not detect default resource locations for test class [com.imchobo.jsr_stringboot.mapper.StudentMapperTest]: no resource found for suffixes {-context.xml, Context.groovy}.
17:59:38.685 [Test worker] INFO  AnnotationConfigContextLoaderUtils - Could not detect default configuration classes for test class [com.imchobo.jsr_stringboot.mapper.StudentMapperTest]: StudentMapperTest does not declare any static, non-private, non-final, nested classes annotated with @Configuration.
17:59:38.816 [Test worker] INFO  SpringBootTestContextBootstrapper - Found @SpringBootConfiguration com.imchobo.jsr_stringboot.JsrStringBootApplication for test class com.imchobo.jsr_stringboot.mapper.StudentMapperTest
17:59:38.923 [Test worker] INFO  SpringBootTestContextBootstrapper - Loaded default TestExecutionListener class names from location [META-INF/spring.factories]: [org.springframework.boot.test.autoconfigure.restdocs.RestDocsTestExecutionListener, org.springframework.boot.test.autoconfigure.web.client.MockRestServiceServerResetTestExecutionListener, org.springframework.boot.test.autoconfigure.web.servlet.MockMvcPrintOnlyOnFailureTestExecutionListener, org.springframework.boot.test.autoconfigure.web.servlet.WebDriverTestExecutionListener, org.springframework.boot.test.autoconfigure.webservices.client.MockWebServiceServerTestExecutionListener, org.springframework.boot.test.mock.mockito.MockitoTestExecutionListener, org.springframework.boot.test.mock.mockito.ResetMocksTestExecutionListener, org.springframework.test.context.web.ServletTestExecutionListener, org.springframework.test.context.support.DirtiesContextBeforeModesTestExecutionListener, org.springframework.test.context.event.ApplicationEventsTestExecutionListener, org.springframework.test.context.support.DependencyInjectionTestExecutionListener, org.springframework.test.context.support.DirtiesContextTestExecutionListener, org.springframework.test.context.transaction.TransactionalTestExecutionListener, org.springframework.test.context.jdbc.SqlScriptsTestExecutionListener, org.springframework.test.context.event.EventPublishingTestExecutionListener]
17:59:38.948 [Test worker] INFO  SpringBootTestContextBootstrapper - Using TestExecutionListeners: [org.springframework.test.context.web.ServletTestExecutionListener@492fc69e, org.springframework.test.context.support.DirtiesContextBeforeModesTestExecutionListener@117632cf, org.springframework.test.context.event.ApplicationEventsTestExecutionListener@2fb68ec6, org.springframework.boot.test.mock.mockito.MockitoTestExecutionListener@d71adc2, org.springframework.boot.test.autoconfigure.SpringBootDependencyInjectionTestExecutionListener@3add81c4, org.springframework.test.context.support.DirtiesContextTestExecutionListener@1a1d3c1a, org.springframework.test.context.transaction.TransactionalTestExecutionListener@1c65121, org.springframework.test.context.jdbc.SqlScriptsTestExecutionListener@159e366, org.springframework.test.context.event.EventPublishingTestExecutionListener@57dc9128, org.springframework.boot.test.autoconfigure.restdocs.RestDocsTestExecutionListener@24528a25, org.springframework.boot.test.autoconfigure.web.client.MockRestServiceServerResetTestExecutionListener@17ae98d7, org.springframework.boot.test.autoconfigure.web.servlet.MockMvcPrintOnlyOnFailureTestExecutionListener@59221b97, org.springframework.boot.test.autoconfigure.web.servlet.WebDriverTestExecutionListener@6ac4944a, org.springframework.boot.test.autoconfigure.webservices.client.MockWebServiceServerTestExecutionListener@5a772895, org.springframework.boot.test.mock.mockito.ResetMocksTestExecutionListener@39fc6b2c]
17:59:39.368 [Test worker] WARN  DuplicateJsonObjectContextCustomizerFactory$DuplicateJsonObjectContextCustomizer - 

Found multiple occurrences of org.json.JSONObject on the class path:

	jar:file:/C:/Users/tj/.gradle/caches/modules-2/files-2.1/org.json/json/20240303/ebb88e8fb5122b7506d5cf1d69f1ccdb790d22a/json-20240303.jar!/org/json/JSONObject.class
	jar:file:/C:/Users/tj/.gradle/caches/modules-2/files-2.1/com.vaadin.external.google/android-json/0.0.20131108.vaadin1/fa26d351fe62a6a17f5cda1287c1c6110dec413f/android-json-0.0.20131108.vaadin1.jar!/org/json/JSONObject.class

You may wish to exclude one of them to ensure predictable runtime behavior

17:59:39.390 [Test worker] INFO  StudentMapperTest - Starting StudentMapperTest using Java 21.0.7 on DESKTOP-NBP7RID with PID 16512 (started by tj in C:\Users\tj\jsr_StringBoot)
17:59:39.391 [Test worker] INFO  StudentMapperTest - No active profile set, falling back to 1 default profile: "default"
17:59:42.015 [Test worker] INFO  StdSchedulerFactory - Using default implementation for ThreadExecutor
17:59:42.031 [Test worker] INFO  SchedulerSignalerImpl - Initialized Scheduler Signaller of type: class org.quartz.core.SchedulerSignalerImpl
17:59:42.031 [Test worker] INFO  QuartzScheduler - Quartz Scheduler v.2.3.2 created.
17:59:42.034 [Test worker] INFO  RAMJobStore - RAMJobStore initialized.
17:59:42.035 [Test worker] INFO  QuartzScheduler - Scheduler meta-data: Quartz Scheduler (v2.3.2) 'quartzScheduler' with instanceId 'NON_CLUSTERED'
  Scheduler class: 'org.quartz.core.QuartzScheduler' - running locally.
  NOT STARTED.
  Currently in standby mode.
  Number of jobs executed: 0
  Using thread pool 'org.quartz.simpl.SimpleThreadPool' - with 10 threads.
  Using job-store 'org.quartz.simpl.RAMJobStore' - which does not support persistence. and is not clustered.

17:59:42.036 [Test worker] INFO  StdSchedulerFactory - Quartz scheduler 'quartzScheduler' initialized from an externally provided properties instance.
17:59:42.036 [Test worker] INFO  StdSchedulerFactory - Quartz scheduler version: 2.3.2
17:59:42.037 [Test worker] INFO  QuartzScheduler - JobFactory set to: org.springframework.scheduling.quartz.SpringBeanJobFactory@59b447a4
17:59:42.110 [Test worker] INFO  SchedulerFactoryBean - Starting Quartz Scheduler now
17:59:42.111 [Test worker] INFO  QuartzScheduler - Scheduler quartzScheduler_$_NON_CLUSTERED started.
17:59:42.121 [Test worker] INFO  StudentMapperTest - Started StudentMapperTest in 3.114 seconds (JVM running for 4.67)
17:59:42.617 [SpringApplicationShutdownHook] INFO  QuartzScheduler - Scheduler quartzScheduler_$_NON_CLUSTERED paused.
17:59:42.621 [SpringApplicationShutdownHook] INFO  SchedulerFactoryBean - Shutting down Quartz Scheduler
17:59:42.626 [SpringApplicationShutdownHook] INFO  QuartzScheduler - Scheduler quartzScheduler_$_NON_CLUSTERED shutting down.
17:59:42.627 [SpringApplicationShutdownHook] INFO  QuartzScheduler - Scheduler quartzScheduler_$_NON_CLUSTERED paused.
17:59:42.627 [SpringApplicationShutdownHook] INFO  QuartzScheduler - Scheduler quartzScheduler_$_NON_CLUSTERED shutdown complete.
18:00:33.315 [Test worker] INFO  SpringBootTestContextBootstrapper - Neither @ContextConfiguration nor @ContextHierarchy found for test class [com.imchobo.jsr_stringboot.mapper.StudentMapperTest], using SpringBootContextLoader
18:00:33.325 [Test worker] INFO  AbstractContextLoader - Could not detect default resource locations for test class [com.imchobo.jsr_stringboot.mapper.StudentMapperTest]: no resource found for suffixes {-context.xml, Context.groovy}.
18:00:33.326 [Test worker] INFO  AnnotationConfigContextLoaderUtils - Could not detect default configuration classes for test class [com.imchobo.jsr_stringboot.mapper.StudentMapperTest]: StudentMapperTest does not declare any static, non-private, non-final, nested classes annotated with @Configuration.
18:00:33.464 [Test worker] INFO  SpringBootTestContextBootstrapper - Found @SpringBootConfiguration com.imchobo.jsr_stringboot.JsrStringBootApplication for test class com.imchobo.jsr_stringboot.mapper.StudentMapperTest
18:00:33.579 [Test worker] INFO  SpringBootTestContextBootstrapper - Loaded default TestExecutionListener class names from location [META-INF/spring.factories]: [org.springframework.boot.test.autoconfigure.restdocs.RestDocsTestExecutionListener, org.springframework.boot.test.autoconfigure.web.client.MockRestServiceServerResetTestExecutionListener, org.springframework.boot.test.autoconfigure.web.servlet.MockMvcPrintOnlyOnFailureTestExecutionListener, org.springframework.boot.test.autoconfigure.web.servlet.WebDriverTestExecutionListener, org.springframework.boot.test.autoconfigure.webservices.client.MockWebServiceServerTestExecutionListener, org.springframework.boot.test.mock.mockito.MockitoTestExecutionListener, org.springframework.boot.test.mock.mockito.ResetMocksTestExecutionListener, org.springframework.test.context.web.ServletTestExecutionListener, org.springframework.test.context.support.DirtiesContextBeforeModesTestExecutionListener, org.springframework.test.context.event.ApplicationEventsTestExecutionListener, org.springframework.test.context.support.DependencyInjectionTestExecutionListener, org.springframework.test.context.support.DirtiesContextTestExecutionListener, org.springframework.test.context.transaction.TransactionalTestExecutionListener, org.springframework.test.context.jdbc.SqlScriptsTestExecutionListener, org.springframework.test.context.event.EventPublishingTestExecutionListener]
18:00:33.606 [Test worker] INFO  SpringBootTestContextBootstrapper - Using TestExecutionListeners: [org.springframework.test.context.web.ServletTestExecutionListener@51bde877, org.springframework.test.context.support.DirtiesContextBeforeModesTestExecutionListener@60b85ba1, org.springframework.test.context.event.ApplicationEventsTestExecutionListener@492fc69e, org.springframework.boot.test.mock.mockito.MockitoTestExecutionListener@117632cf, org.springframework.boot.test.autoconfigure.SpringBootDependencyInjectionTestExecutionListener@2fb68ec6, org.springframework.test.context.support.DirtiesContextTestExecutionListener@d71adc2, org.springframework.test.context.transaction.TransactionalTestExecutionListener@3add81c4, org.springframework.test.context.jdbc.SqlScriptsTestExecutionListener@1a1d3c1a, org.springframework.test.context.event.EventPublishingTestExecutionListener@1c65121, org.springframework.boot.test.autoconfigure.restdocs.RestDocsTestExecutionListener@159e366, org.springframework.boot.test.autoconfigure.web.client.MockRestServiceServerResetTestExecutionListener@57dc9128, org.springframework.boot.test.autoconfigure.web.servlet.MockMvcPrintOnlyOnFailureTestExecutionListener@24528a25, org.springframework.boot.test.autoconfigure.web.servlet.WebDriverTestExecutionListener@17ae98d7, org.springframework.boot.test.autoconfigure.webservices.client.MockWebServiceServerTestExecutionListener@59221b97, org.springframework.boot.test.mock.mockito.ResetMocksTestExecutionListener@6ac4944a]
18:00:34.025 [Test worker] WARN  DuplicateJsonObjectContextCustomizerFactory$DuplicateJsonObjectContextCustomizer - 

Found multiple occurrences of org.json.JSONObject on the class path:

	jar:file:/C:/Users/tj/.gradle/caches/modules-2/files-2.1/org.json/json/20240303/ebb88e8fb5122b7506d5cf1d69f1ccdb790d22a/json-20240303.jar!/org/json/JSONObject.class
	jar:file:/C:/Users/tj/.gradle/caches/modules-2/files-2.1/com.vaadin.external.google/android-json/0.0.20131108.vaadin1/fa26d351fe62a6a17f5cda1287c1c6110dec413f/android-json-0.0.20131108.vaadin1.jar!/org/json/JSONObject.class

You may wish to exclude one of them to ensure predictable runtime behavior

18:00:34.048 [Test worker] INFO  StudentMapperTest - Starting StudentMapperTest using Java 21.0.7 on DESKTOP-NBP7RID with PID 12784 (started by tj in C:\Users\tj\jsr_StringBoot)
18:00:34.049 [Test worker] INFO  StudentMapperTest - No active profile set, falling back to 1 default profile: "default"
18:00:36.854 [Test worker] INFO  StdSchedulerFactory - Using default implementation for ThreadExecutor
18:00:36.874 [Test worker] INFO  SchedulerSignalerImpl - Initialized Scheduler Signaller of type: class org.quartz.core.SchedulerSignalerImpl
18:00:36.874 [Test worker] INFO  QuartzScheduler - Quartz Scheduler v.2.3.2 created.
18:00:36.877 [Test worker] INFO  RAMJobStore - RAMJobStore initialized.
18:00:36.878 [Test worker] INFO  QuartzScheduler - Scheduler meta-data: Quartz Scheduler (v2.3.2) 'quartzScheduler' with instanceId 'NON_CLUSTERED'
  Scheduler class: 'org.quartz.core.QuartzScheduler' - running locally.
  NOT STARTED.
  Currently in standby mode.
  Number of jobs executed: 0
  Using thread pool 'org.quartz.simpl.SimpleThreadPool' - with 10 threads.
  Using job-store 'org.quartz.simpl.RAMJobStore' - which does not support persistence. and is not clustered.

18:00:36.882 [Test worker] INFO  StdSchedulerFactory - Quartz scheduler 'quartzScheduler' initialized from an externally provided properties instance.
18:00:36.882 [Test worker] INFO  StdSchedulerFactory - Quartz scheduler version: 2.3.2
18:00:36.883 [Test worker] INFO  QuartzScheduler - JobFactory set to: org.springframework.scheduling.quartz.SpringBeanJobFactory@2964511
18:00:36.974 [Test worker] INFO  SchedulerFactoryBean - Starting Quartz Scheduler now
18:00:36.975 [Test worker] INFO  QuartzScheduler - Scheduler quartzScheduler_$_NON_CLUSTERED started.
18:00:36.987 [Test worker] INFO  StudentMapperTest - Started StudentMapperTest in 3.327 seconds (JVM running for 4.98)
18:00:37.533 [Test worker] INFO  sqltiming - INSERT INTO student
    (no,student, kor, mat, eng, sci, soc, total)
values
    ( 0, '학생',  80,  70,  90,  50,  80, 370
    )
 {executed in 15 msec}
18:00:37.541 [Test worker] INFO  StudentMapperTest - Student(student=학생, kor=80, eng=90, mat=70, sci=50, soc=80, total=370, no=0)
18:00:37.584 [SpringApplicationShutdownHook] INFO  QuartzScheduler - Scheduler quartzScheduler_$_NON_CLUSTERED paused.
18:00:37.585 [SpringApplicationShutdownHook] INFO  SchedulerFactoryBean - Shutting down Quartz Scheduler
18:00:37.585 [SpringApplicationShutdownHook] INFO  QuartzScheduler - Scheduler quartzScheduler_$_NON_CLUSTERED shutting down.
18:00:37.585 [SpringApplicationShutdownHook] INFO  QuartzScheduler - Scheduler quartzScheduler_$_NON_CLUSTERED paused.
18:00:37.585 [SpringApplicationShutdownHook] INFO  QuartzScheduler - Scheduler quartzScheduler_$_NON_CLUSTERED shutdown complete.
18:00:47.866 [Test worker] INFO  SpringBootTestContextBootstrapper - Neither @ContextConfiguration nor @ContextHierarchy found for test class [com.imchobo.jsr_stringboot.mapper.StudentMapperTest], using SpringBootContextLoader
18:00:47.875 [Test worker] INFO  AbstractContextLoader - Could not detect default resource locations for test class [com.imchobo.jsr_stringboot.mapper.StudentMapperTest]: no resource found for suffixes {-context.xml, Context.groovy}.
18:00:47.876 [Test worker] INFO  AnnotationConfigContextLoaderUtils - Could not detect default configuration classes for test class [com.imchobo.jsr_stringboot.mapper.StudentMapperTest]: StudentMapperTest does not declare any static, non-private, non-final, nested classes annotated with @Configuration.
18:00:48.002 [Test worker] INFO  SpringBootTestContextBootstrapper - Found @SpringBootConfiguration com.imchobo.jsr_stringboot.JsrStringBootApplication for test class com.imchobo.jsr_stringboot.mapper.StudentMapperTest
18:00:48.105 [Test worker] INFO  SpringBootTestContextBootstrapper - Loaded default TestExecutionListener class names from location [META-INF/spring.factories]: [org.springframework.boot.test.autoconfigure.restdocs.RestDocsTestExecutionListener, org.springframework.boot.test.autoconfigure.web.client.MockRestServiceServerResetTestExecutionListener, org.springframework.boot.test.autoconfigure.web.servlet.MockMvcPrintOnlyOnFailureTestExecutionListener, org.springframework.boot.test.autoconfigure.web.servlet.WebDriverTestExecutionListener, org.springframework.boot.test.autoconfigure.webservices.client.MockWebServiceServerTestExecutionListener, org.springframework.boot.test.mock.mockito.MockitoTestExecutionListener, org.springframework.boot.test.mock.mockito.ResetMocksTestExecutionListener, org.springframework.test.context.web.ServletTestExecutionListener, org.springframework.test.context.support.DirtiesContextBeforeModesTestExecutionListener, org.springframework.test.context.event.ApplicationEventsTestExecutionListener, org.springframework.test.context.support.DependencyInjectionTestExecutionListener, org.springframework.test.context.support.DirtiesContextTestExecutionListener, org.springframework.test.context.transaction.TransactionalTestExecutionListener, org.springframework.test.context.jdbc.SqlScriptsTestExecutionListener, org.springframework.test.context.event.EventPublishingTestExecutionListener]
18:00:48.129 [Test worker] INFO  SpringBootTestContextBootstrapper - Using TestExecutionListeners: [org.springframework.test.context.web.ServletTestExecutionListener@492fc69e, org.springframework.test.context.support.DirtiesContextBeforeModesTestExecutionListener@117632cf, org.springframework.test.context.event.ApplicationEventsTestExecutionListener@2fb68ec6, org.springframework.boot.test.mock.mockito.MockitoTestExecutionListener@d71adc2, org.springframework.boot.test.autoconfigure.SpringBootDependencyInjectionTestExecutionListener@3add81c4, org.springframework.test.context.support.DirtiesContextTestExecutionListener@1a1d3c1a, org.springframework.test.context.transaction.TransactionalTestExecutionListener@1c65121, org.springframework.test.context.jdbc.SqlScriptsTestExecutionListener@159e366, org.springframework.test.context.event.EventPublishingTestExecutionListener@57dc9128, org.springframework.boot.test.autoconfigure.restdocs.RestDocsTestExecutionListener@24528a25, org.springframework.boot.test.autoconfigure.web.client.MockRestServiceServerResetTestExecutionListener@17ae98d7, org.springframework.boot.test.autoconfigure.web.servlet.MockMvcPrintOnlyOnFailureTestExecutionListener@59221b97, org.springframework.boot.test.autoconfigure.web.servlet.WebDriverTestExecutionListener@6ac4944a, org.springframework.boot.test.autoconfigure.webservices.client.MockWebServiceServerTestExecutionListener@5a772895, org.springframework.boot.test.mock.mockito.ResetMocksTestExecutionListener@39fc6b2c]
18:00:48.539 [Test worker] WARN  DuplicateJsonObjectContextCustomizerFactory$DuplicateJsonObjectContextCustomizer - 

Found multiple occurrences of org.json.JSONObject on the class path:

	jar:file:/C:/Users/tj/.gradle/caches/modules-2/files-2.1/org.json/json/20240303/ebb88e8fb5122b7506d5cf1d69f1ccdb790d22a/json-20240303.jar!/org/json/JSONObject.class
	jar:file:/C:/Users/tj/.gradle/caches/modules-2/files-2.1/com.vaadin.external.google/android-json/0.0.20131108.vaadin1/fa26d351fe62a6a17f5cda1287c1c6110dec413f/android-json-0.0.20131108.vaadin1.jar!/org/json/JSONObject.class

You may wish to exclude one of them to ensure predictable runtime behavior

18:00:48.564 [Test worker] INFO  StudentMapperTest - Starting StudentMapperTest using Java 21.0.7 on DESKTOP-NBP7RID with PID 11324 (started by tj in C:\Users\tj\jsr_StringBoot)
18:00:48.565 [Test worker] INFO  StudentMapperTest - No active profile set, falling back to 1 default profile: "default"
18:00:51.232 [Test worker] INFO  StdSchedulerFactory - Using default implementation for ThreadExecutor
18:00:51.249 [Test worker] INFO  SchedulerSignalerImpl - Initialized Scheduler Signaller of type: class org.quartz.core.SchedulerSignalerImpl
18:00:51.249 [Test worker] INFO  QuartzScheduler - Quartz Scheduler v.2.3.2 created.
18:00:51.252 [Test worker] INFO  RAMJobStore - RAMJobStore initialized.
18:00:51.253 [Test worker] INFO  QuartzScheduler - Scheduler meta-data: Quartz Scheduler (v2.3.2) 'quartzScheduler' with instanceId 'NON_CLUSTERED'
  Scheduler class: 'org.quartz.core.QuartzScheduler' - running locally.
  NOT STARTED.
  Currently in standby mode.
  Number of jobs executed: 0
  Using thread pool 'org.quartz.simpl.SimpleThreadPool' - with 10 threads.
  Using job-store 'org.quartz.simpl.RAMJobStore' - which does not support persistence. and is not clustered.

18:00:51.254 [Test worker] INFO  StdSchedulerFactory - Quartz scheduler 'quartzScheduler' initialized from an externally provided properties instance.
18:00:51.255 [Test worker] INFO  StdSchedulerFactory - Quartz scheduler version: 2.3.2
18:00:51.255 [Test worker] INFO  QuartzScheduler - JobFactory set to: org.springframework.scheduling.quartz.SpringBeanJobFactory@69e2fe3b
18:00:51.338 [Test worker] INFO  SchedulerFactoryBean - Starting Quartz Scheduler now
18:00:51.339 [Test worker] INFO  QuartzScheduler - Scheduler quartzScheduler_$_NON_CLUSTERED started.
18:00:51.351 [Test worker] INFO  StudentMapperTest - Started StudentMapperTest in 3.169 seconds (JVM running for 4.734)
18:00:51.805 [Test worker] INFO  sqltiming - INSERT INTO student
    (no,student, kor, mat, eng, sci, soc, total)
values
    ( 0, '학생',  80,  70,  90,  50,  80, 370
    )
 {executed in 12 msec}
18:00:51.812 [Test worker] INFO  StudentMapperTest - Student(student=학생, kor=80, eng=90, mat=70, sci=50, soc=80, total=370, no=0)
18:00:51.853 [SpringApplicationShutdownHook] INFO  QuartzScheduler - Scheduler quartzScheduler_$_NON_CLUSTERED paused.
18:00:51.854 [SpringApplicationShutdownHook] INFO  SchedulerFactoryBean - Shutting down Quartz Scheduler
18:00:51.855 [SpringApplicationShutdownHook] INFO  QuartzScheduler - Scheduler quartzScheduler_$_NON_CLUSTERED shutting down.
18:00:51.855 [SpringApplicationShutdownHook] INFO  QuartzScheduler - Scheduler quartzScheduler_$_NON_CLUSTERED paused.
18:00:51.855 [SpringApplicationShutdownHook] INFO  QuartzScheduler - Scheduler quartzScheduler_$_NON_CLUSTERED shutdown complete.
18:01:59.902 [Test worker] INFO  SpringBootTestContextBootstrapper - Neither @ContextConfiguration nor @ContextHierarchy found for test class [com.imchobo.jsr_stringboot.mapper.StudentMapperTest], using SpringBootContextLoader
18:01:59.912 [Test worker] INFO  AbstractContextLoader - Could not detect default resource locations for test class [com.imchobo.jsr_stringboot.mapper.StudentMapperTest]: no resource found for suffixes {-context.xml, Context.groovy}.
18:01:59.914 [Test worker] INFO  AnnotationConfigContextLoaderUtils - Could not detect default configuration classes for test class [com.imchobo.jsr_stringboot.mapper.StudentMapperTest]: StudentMapperTest does not declare any static, non-private, non-final, nested classes annotated with @Configuration.
18:02:00.054 [Test worker] INFO  SpringBootTestContextBootstrapper - Found @SpringBootConfiguration com.imchobo.jsr_stringboot.JsrStringBootApplication for test class com.imchobo.jsr_stringboot.mapper.StudentMapperTest
18:02:00.169 [Test worker] INFO  SpringBootTestContextBootstrapper - Loaded default TestExecutionListener class names from location [META-INF/spring.factories]: [org.springframework.boot.test.autoconfigure.restdocs.RestDocsTestExecutionListener, org.springframework.boot.test.autoconfigure.web.client.MockRestServiceServerResetTestExecutionListener, org.springframework.boot.test.autoconfigure.web.servlet.MockMvcPrintOnlyOnFailureTestExecutionListener, org.springframework.boot.test.autoconfigure.web.servlet.WebDriverTestExecutionListener, org.springframework.boot.test.autoconfigure.webservices.client.MockWebServiceServerTestExecutionListener, org.springframework.boot.test.mock.mockito.MockitoTestExecutionListener, org.springframework.boot.test.mock.mockito.ResetMocksTestExecutionListener, org.springframework.test.context.web.ServletTestExecutionListener, org.springframework.test.context.support.DirtiesContextBeforeModesTestExecutionListener, org.springframework.test.context.event.ApplicationEventsTestExecutionListener, org.springframework.test.context.support.DependencyInjectionTestExecutionListener, org.springframework.test.context.support.DirtiesContextTestExecutionListener, org.springframework.test.context.transaction.TransactionalTestExecutionListener, org.springframework.test.context.jdbc.SqlScriptsTestExecutionListener, org.springframework.test.context.event.EventPublishingTestExecutionListener]
18:02:00.195 [Test worker] INFO  SpringBootTestContextBootstrapper - Using TestExecutionListeners: [org.springframework.test.context.web.ServletTestExecutionListener@51bde877, org.springframework.test.context.support.DirtiesContextBeforeModesTestExecutionListener@60b85ba1, org.springframework.test.context.event.ApplicationEventsTestExecutionListener@492fc69e, org.springframework.boot.test.mock.mockito.MockitoTestExecutionListener@117632cf, org.springframework.boot.test.autoconfigure.SpringBootDependencyInjectionTestExecutionListener@2fb68ec6, org.springframework.test.context.support.DirtiesContextTestExecutionListener@d71adc2, org.springframework.test.context.transaction.TransactionalTestExecutionListener@3add81c4, org.springframework.test.context.jdbc.SqlScriptsTestExecutionListener@1a1d3c1a, org.springframework.test.context.event.EventPublishingTestExecutionListener@1c65121, org.springframework.boot.test.autoconfigure.restdocs.RestDocsTestExecutionListener@159e366, org.springframework.boot.test.autoconfigure.web.client.MockRestServiceServerResetTestExecutionListener@57dc9128, org.springframework.boot.test.autoconfigure.web.servlet.MockMvcPrintOnlyOnFailureTestExecutionListener@24528a25, org.springframework.boot.test.autoconfigure.web.servlet.WebDriverTestExecutionListener@17ae98d7, org.springframework.boot.test.autoconfigure.webservices.client.MockWebServiceServerTestExecutionListener@59221b97, org.springframework.boot.test.mock.mockito.ResetMocksTestExecutionListener@6ac4944a]
18:02:00.616 [Test worker] WARN  DuplicateJsonObjectContextCustomizerFactory$DuplicateJsonObjectContextCustomizer - 

Found multiple occurrences of org.json.JSONObject on the class path:

	jar:file:/C:/Users/tj/.gradle/caches/modules-2/files-2.1/org.json/json/20240303/ebb88e8fb5122b7506d5cf1d69f1ccdb790d22a/json-20240303.jar!/org/json/JSONObject.class
	jar:file:/C:/Users/tj/.gradle/caches/modules-2/files-2.1/com.vaadin.external.google/android-json/0.0.20131108.vaadin1/fa26d351fe62a6a17f5cda1287c1c6110dec413f/android-json-0.0.20131108.vaadin1.jar!/org/json/JSONObject.class

You may wish to exclude one of them to ensure predictable runtime behavior

18:02:00.636 [Test worker] INFO  StudentMapperTest - Starting StudentMapperTest using Java 21.0.7 on DESKTOP-NBP7RID with PID 11936 (started by tj in C:\Users\tj\jsr_StringBoot)
18:02:00.637 [Test worker] INFO  StudentMapperTest - No active profile set, falling back to 1 default profile: "default"
18:02:03.323 [Test worker] INFO  StdSchedulerFactory - Using default implementation for ThreadExecutor
18:02:03.339 [Test worker] INFO  SchedulerSignalerImpl - Initialized Scheduler Signaller of type: class org.quartz.core.SchedulerSignalerImpl
18:02:03.340 [Test worker] INFO  QuartzScheduler - Quartz Scheduler v.2.3.2 created.
18:02:03.341 [Test worker] INFO  RAMJobStore - RAMJobStore initialized.
18:02:03.343 [Test worker] INFO  QuartzScheduler - Scheduler meta-data: Quartz Scheduler (v2.3.2) 'quartzScheduler' with instanceId 'NON_CLUSTERED'
  Scheduler class: 'org.quartz.core.QuartzScheduler' - running locally.
  NOT STARTED.
  Currently in standby mode.
  Number of jobs executed: 0
  Using thread pool 'org.quartz.simpl.SimpleThreadPool' - with 10 threads.
  Using job-store 'org.quartz.simpl.RAMJobStore' - which does not support persistence. and is not clustered.

18:02:03.343 [Test worker] INFO  StdSchedulerFactory - Quartz scheduler 'quartzScheduler' initialized from an externally provided properties instance.
18:02:03.344 [Test worker] INFO  StdSchedulerFactory - Quartz scheduler version: 2.3.2
18:02:03.344 [Test worker] INFO  QuartzScheduler - JobFactory set to: org.springframework.scheduling.quartz.SpringBeanJobFactory@7d284f15
18:02:03.429 [Test worker] INFO  SchedulerFactoryBean - Starting Quartz Scheduler now
18:02:03.429 [Test worker] INFO  QuartzScheduler - Scheduler quartzScheduler_$_NON_CLUSTERED started.
18:02:03.442 [Test worker] INFO  StudentMapperTest - Started StudentMapperTest in 3.188 seconds (JVM running for 4.839)
18:02:04.067 [Test worker] INFO  sqltiming - INSERT INTO student
    (student, kor, mat, eng, sci, soc, total)
values
    (  '학생',  80,  70,  90,  50,  80, 370
    )
 {executed in 15 msec}
18:02:04.075 [Test worker] INFO  StudentMapperTest - Student(student=학생, kor=80, eng=90, mat=70, sci=50, soc=80, total=370, no=0)
18:02:04.123 [SpringApplicationShutdownHook] INFO  QuartzScheduler - Scheduler quartzScheduler_$_NON_CLUSTERED paused.
18:02:04.123 [SpringApplicationShutdownHook] INFO  SchedulerFactoryBean - Shutting down Quartz Scheduler
18:02:04.123 [SpringApplicationShutdownHook] INFO  QuartzScheduler - Scheduler quartzScheduler_$_NON_CLUSTERED shutting down.
18:02:04.123 [SpringApplicationShutdownHook] INFO  QuartzScheduler - Scheduler quartzScheduler_$_NON_CLUSTERED paused.
18:02:04.124 [SpringApplicationShutdownHook] INFO  QuartzScheduler - Scheduler quartzScheduler_$_NON_CLUSTERED shutdown complete.
18:22:46.022 [Test worker] INFO  SpringBootTestContextBootstrapper - Neither @ContextConfiguration nor @ContextHierarchy found for test class [com.imchobo.jsr_stringboot.mapper.StudentMapperTest], using SpringBootContextLoader
18:22:46.034 [Test worker] INFO  AbstractContextLoader - Could not detect default resource locations for test class [com.imchobo.jsr_stringboot.mapper.StudentMapperTest]: no resource found for suffixes {-context.xml, Context.groovy}.
18:22:46.037 [Test worker] INFO  AnnotationConfigContextLoaderUtils - Could not detect default configuration classes for test class [com.imchobo.jsr_stringboot.mapper.StudentMapperTest]: StudentMapperTest does not declare any static, non-private, non-final, nested classes annotated with @Configuration.
18:22:46.170 [Test worker] INFO  SpringBootTestContextBootstrapper - Found @SpringBootConfiguration com.imchobo.jsr_stringboot.JsrStringBootApplication for test class com.imchobo.jsr_stringboot.mapper.StudentMapperTest
18:22:46.284 [Test worker] INFO  SpringBootTestContextBootstrapper - Loaded default TestExecutionListener class names from location [META-INF/spring.factories]: [org.springframework.boot.test.autoconfigure.restdocs.RestDocsTestExecutionListener, org.springframework.boot.test.autoconfigure.web.client.MockRestServiceServerResetTestExecutionListener, org.springframework.boot.test.autoconfigure.web.servlet.MockMvcPrintOnlyOnFailureTestExecutionListener, org.springframework.boot.test.autoconfigure.web.servlet.WebDriverTestExecutionListener, org.springframework.boot.test.autoconfigure.webservices.client.MockWebServiceServerTestExecutionListener, org.springframework.boot.test.mock.mockito.MockitoTestExecutionListener, org.springframework.boot.test.mock.mockito.ResetMocksTestExecutionListener, org.springframework.test.context.web.ServletTestExecutionListener, org.springframework.test.context.support.DirtiesContextBeforeModesTestExecutionListener, org.springframework.test.context.event.ApplicationEventsTestExecutionListener, org.springframework.test.context.support.DependencyInjectionTestExecutionListener, org.springframework.test.context.support.DirtiesContextTestExecutionListener, org.springframework.test.context.transaction.TransactionalTestExecutionListener, org.springframework.test.context.jdbc.SqlScriptsTestExecutionListener, org.springframework.test.context.event.EventPublishingTestExecutionListener]
18:22:46.311 [Test worker] INFO  SpringBootTestContextBootstrapper - Using TestExecutionListeners: [org.springframework.test.context.web.ServletTestExecutionListener@2fb68ec6, org.springframework.test.context.support.DirtiesContextBeforeModesTestExecutionListener@d71adc2, org.springframework.test.context.event.ApplicationEventsTestExecutionListener@3add81c4, org.springframework.boot.test.mock.mockito.MockitoTestExecutionListener@1a1d3c1a, org.springframework.boot.test.autoconfigure.SpringBootDependencyInjectionTestExecutionListener@1c65121, org.springframework.test.context.support.DirtiesContextTestExecutionListener@159e366, org.springframework.test.context.transaction.TransactionalTestExecutionListener@57dc9128, org.springframework.test.context.jdbc.SqlScriptsTestExecutionListener@24528a25, org.springframework.test.context.event.EventPublishingTestExecutionListener@17ae98d7, org.springframework.boot.test.autoconfigure.restdocs.RestDocsTestExecutionListener@59221b97, org.springframework.boot.test.autoconfigure.web.client.MockRestServiceServerResetTestExecutionListener@6ac4944a, org.springframework.boot.test.autoconfigure.web.servlet.MockMvcPrintOnlyOnFailureTestExecutionListener@5a772895, org.springframework.boot.test.autoconfigure.web.servlet.WebDriverTestExecutionListener@39fc6b2c, org.springframework.boot.test.autoconfigure.webservices.client.MockWebServiceServerTestExecutionListener@704b2127, org.springframework.boot.test.mock.mockito.ResetMocksTestExecutionListener@3ee39da0]
18:22:46.742 [Test worker] WARN  DuplicateJsonObjectContextCustomizerFactory$DuplicateJsonObjectContextCustomizer - 

Found multiple occurrences of org.json.JSONObject on the class path:

	jar:file:/C:/Users/tj/.gradle/caches/modules-2/files-2.1/org.json/json/20240303/ebb88e8fb5122b7506d5cf1d69f1ccdb790d22a/json-20240303.jar!/org/json/JSONObject.class
	jar:file:/C:/Users/tj/.gradle/caches/modules-2/files-2.1/com.vaadin.external.google/android-json/0.0.20131108.vaadin1/fa26d351fe62a6a17f5cda1287c1c6110dec413f/android-json-0.0.20131108.vaadin1.jar!/org/json/JSONObject.class

You may wish to exclude one of them to ensure predictable runtime behavior

18:22:46.781 [Test worker] INFO  StudentMapperTest - Starting StudentMapperTest using Java 21.0.7 on DESKTOP-NBP7RID with PID 3564 (started by tj in C:\Users\tj\jsr_StringBoot)
18:22:46.782 [Test worker] INFO  StudentMapperTest - No active profile set, falling back to 1 default profile: "default"
18:22:49.694 [Test worker] INFO  StdSchedulerFactory - Using default implementation for ThreadExecutor
18:22:49.711 [Test worker] INFO  SchedulerSignalerImpl - Initialized Scheduler Signaller of type: class org.quartz.core.SchedulerSignalerImpl
18:22:49.712 [Test worker] INFO  QuartzScheduler - Quartz Scheduler v.2.3.2 created.
18:22:49.715 [Test worker] INFO  RAMJobStore - RAMJobStore initialized.
18:22:49.716 [Test worker] INFO  QuartzScheduler - Scheduler meta-data: Quartz Scheduler (v2.3.2) 'quartzScheduler' with instanceId 'NON_CLUSTERED'
  Scheduler class: 'org.quartz.core.QuartzScheduler' - running locally.
  NOT STARTED.
  Currently in standby mode.
  Number of jobs executed: 0
  Using thread pool 'org.quartz.simpl.SimpleThreadPool' - with 10 threads.
  Using job-store 'org.quartz.simpl.RAMJobStore' - which does not support persistence. and is not clustered.

18:22:49.717 [Test worker] INFO  StdSchedulerFactory - Quartz scheduler 'quartzScheduler' initialized from an externally provided properties instance.
18:22:49.717 [Test worker] INFO  StdSchedulerFactory - Quartz scheduler version: 2.3.2
18:22:49.719 [Test worker] INFO  QuartzScheduler - JobFactory set to: org.springframework.scheduling.quartz.SpringBeanJobFactory@69ba3f4e
18:22:49.802 [Test worker] INFO  SchedulerFactoryBean - Starting Quartz Scheduler now
18:22:49.802 [Test worker] INFO  QuartzScheduler - Scheduler quartzScheduler_$_NON_CLUSTERED started.
18:22:49.814 [Test worker] INFO  StudentMapperTest - Started StudentMapperTest in 3.447 seconds (JVM running for 5.184)
18:22:50.320 [Test worker] INFO  sqltiming - delete from student where no = 9
 {executed in 9 msec}
18:22:50.368 [SpringApplicationShutdownHook] INFO  QuartzScheduler - Scheduler quartzScheduler_$_NON_CLUSTERED paused.
18:22:50.373 [SpringApplicationShutdownHook] INFO  SchedulerFactoryBean - Shutting down Quartz Scheduler
18:22:50.374 [SpringApplicationShutdownHook] INFO  QuartzScheduler - Scheduler quartzScheduler_$_NON_CLUSTERED shutting down.
18:22:50.375 [SpringApplicationShutdownHook] INFO  QuartzScheduler - Scheduler quartzScheduler_$_NON_CLUSTERED paused.
18:22:50.375 [SpringApplicationShutdownHook] INFO  QuartzScheduler - Scheduler quartzScheduler_$_NON_CLUSTERED shutdown complete.
18:23:06.546 [Test worker] INFO  SpringBootTestContextBootstrapper - Neither @ContextConfiguration nor @ContextHierarchy found for test class [com.imchobo.jsr_stringboot.mapper.StudentMapperTest], using SpringBootContextLoader
18:23:06.556 [Test worker] INFO  AbstractContextLoader - Could not detect default resource locations for test class [com.imchobo.jsr_stringboot.mapper.StudentMapperTest]: no resource found for suffixes {-context.xml, Context.groovy}.
18:23:06.557 [Test worker] INFO  AnnotationConfigContextLoaderUtils - Could not detect default configuration classes for test class [com.imchobo.jsr_stringboot.mapper.StudentMapperTest]: StudentMapperTest does not declare any static, non-private, non-final, nested classes annotated with @Configuration.
18:23:06.685 [Test worker] INFO  SpringBootTestContextBootstrapper - Found @SpringBootConfiguration com.imchobo.jsr_stringboot.JsrStringBootApplication for test class com.imchobo.jsr_stringboot.mapper.StudentMapperTest
18:23:06.795 [Test worker] INFO  SpringBootTestContextBootstrapper - Loaded default TestExecutionListener class names from location [META-INF/spring.factories]: [org.springframework.boot.test.autoconfigure.restdocs.RestDocsTestExecutionListener, org.springframework.boot.test.autoconfigure.web.client.MockRestServiceServerResetTestExecutionListener, org.springframework.boot.test.autoconfigure.web.servlet.MockMvcPrintOnlyOnFailureTestExecutionListener, org.springframework.boot.test.autoconfigure.web.servlet.WebDriverTestExecutionListener, org.springframework.boot.test.autoconfigure.webservices.client.MockWebServiceServerTestExecutionListener, org.springframework.boot.test.mock.mockito.MockitoTestExecutionListener, org.springframework.boot.test.mock.mockito.ResetMocksTestExecutionListener, org.springframework.test.context.web.ServletTestExecutionListener, org.springframework.test.context.support.DirtiesContextBeforeModesTestExecutionListener, org.springframework.test.context.event.ApplicationEventsTestExecutionListener, org.springframework.test.context.support.DependencyInjectionTestExecutionListener, org.springframework.test.context.support.DirtiesContextTestExecutionListener, org.springframework.test.context.transaction.TransactionalTestExecutionListener, org.springframework.test.context.jdbc.SqlScriptsTestExecutionListener, org.springframework.test.context.event.EventPublishingTestExecutionListener]
18:23:06.823 [Test worker] INFO  SpringBootTestContextBootstrapper - Using TestExecutionListeners: [org.springframework.test.context.web.ServletTestExecutionListener@2fb68ec6, org.springframework.test.context.support.DirtiesContextBeforeModesTestExecutionListener@d71adc2, org.springframework.test.context.event.ApplicationEventsTestExecutionListener@3add81c4, org.springframework.boot.test.mock.mockito.MockitoTestExecutionListener@1a1d3c1a, org.springframework.boot.test.autoconfigure.SpringBootDependencyInjectionTestExecutionListener@1c65121, org.springframework.test.context.support.DirtiesContextTestExecutionListener@159e366, org.springframework.test.context.transaction.TransactionalTestExecutionListener@57dc9128, org.springframework.test.context.jdbc.SqlScriptsTestExecutionListener@24528a25, org.springframework.test.context.event.EventPublishingTestExecutionListener@17ae98d7, org.springframework.boot.test.autoconfigure.restdocs.RestDocsTestExecutionListener@59221b97, org.springframework.boot.test.autoconfigure.web.client.MockRestServiceServerResetTestExecutionListener@6ac4944a, org.springframework.boot.test.autoconfigure.web.servlet.MockMvcPrintOnlyOnFailureTestExecutionListener@5a772895, org.springframework.boot.test.autoconfigure.web.servlet.WebDriverTestExecutionListener@39fc6b2c, org.springframework.boot.test.autoconfigure.webservices.client.MockWebServiceServerTestExecutionListener@704b2127, org.springframework.boot.test.mock.mockito.ResetMocksTestExecutionListener@3ee39da0]
18:23:07.224 [Test worker] WARN  DuplicateJsonObjectContextCustomizerFactory$DuplicateJsonObjectContextCustomizer - 

Found multiple occurrences of org.json.JSONObject on the class path:

	jar:file:/C:/Users/tj/.gradle/caches/modules-2/files-2.1/org.json/json/20240303/ebb88e8fb5122b7506d5cf1d69f1ccdb790d22a/json-20240303.jar!/org/json/JSONObject.class
	jar:file:/C:/Users/tj/.gradle/caches/modules-2/files-2.1/com.vaadin.external.google/android-json/0.0.20131108.vaadin1/fa26d351fe62a6a17f5cda1287c1c6110dec413f/android-json-0.0.20131108.vaadin1.jar!/org/json/JSONObject.class

You may wish to exclude one of them to ensure predictable runtime behavior

18:23:07.244 [Test worker] INFO  StudentMapperTest - Starting StudentMapperTest using Java 21.0.7 on DESKTOP-NBP7RID with PID 7432 (started by tj in C:\Users\tj\jsr_StringBoot)
18:23:07.245 [Test worker] INFO  StudentMapperTest - No active profile set, falling back to 1 default profile: "default"
18:23:09.794 [Test worker] INFO  StdSchedulerFactory - Using default implementation for ThreadExecutor
18:23:09.810 [Test worker] INFO  SchedulerSignalerImpl - Initialized Scheduler Signaller of type: class org.quartz.core.SchedulerSignalerImpl
18:23:09.810 [Test worker] INFO  QuartzScheduler - Quartz Scheduler v.2.3.2 created.
18:23:09.813 [Test worker] INFO  RAMJobStore - RAMJobStore initialized.
18:23:09.815 [Test worker] INFO  QuartzScheduler - Scheduler meta-data: Quartz Scheduler (v2.3.2) 'quartzScheduler' with instanceId 'NON_CLUSTERED'
  Scheduler class: 'org.quartz.core.QuartzScheduler' - running locally.
  NOT STARTED.
  Currently in standby mode.
  Number of jobs executed: 0
  Using thread pool 'org.quartz.simpl.SimpleThreadPool' - with 10 threads.
  Using job-store 'org.quartz.simpl.RAMJobStore' - which does not support persistence. and is not clustered.

18:23:09.817 [Test worker] INFO  StdSchedulerFactory - Quartz scheduler 'quartzScheduler' initialized from an externally provided properties instance.
18:23:09.817 [Test worker] INFO  StdSchedulerFactory - Quartz scheduler version: 2.3.2
18:23:09.818 [Test worker] INFO  QuartzScheduler - JobFactory set to: org.springframework.scheduling.quartz.SpringBeanJobFactory@6f3b13d0
18:23:09.909 [Test worker] INFO  SchedulerFactoryBean - Starting Quartz Scheduler now
18:23:09.909 [Test worker] INFO  QuartzScheduler - Scheduler quartzScheduler_$_NON_CLUSTERED started.
18:23:09.920 [Test worker] INFO  StudentMapperTest - Started StudentMapperTest in 3.042 seconds (JVM running for 4.558)
18:23:10.332 [Test worker] INFO  sqltiming - select * from student
 {executed in 7 msec}
18:23:10.361 [Test worker] INFO  StudentMapperTest - [Student(student=학생, kor=90, eng=90, mat=10, sci=20, soc=100, total=0, no=1), Student(student=학생, kor=80, eng=50, mat=100, sci=40, soc=20, total=0, no=2), Student(student=학생, kor=70, eng=70, mat=80, sci=60, soc=100, total=0, no=3), Student(student=학생, kor=50, eng=70, mat=50, sci=50, soc=100, total=0, no=4), Student(student=학생, kor=40, eng=70, mat=70, sci=70, soc=100, total=0, no=6), Student(student=학생, kor=90, eng=50, mat=80, sci=60, soc=70, total=0, no=10), Student(student=학생, kor=80, eng=90, mat=70, sci=50, soc=80, total=370, no=11), Student(student=학생, kor=80, eng=90, mat=70, sci=50, soc=80, total=370, no=12), Student(student=학생, kor=80, eng=90, mat=70, sci=50, soc=80, total=370, no=13)]
18:23:10.425 [SpringApplicationShutdownHook] INFO  QuartzScheduler - Scheduler quartzScheduler_$_NON_CLUSTERED paused.
18:23:10.428 [SpringApplicationShutdownHook] INFO  SchedulerFactoryBean - Shutting down Quartz Scheduler
18:23:10.429 [SpringApplicationShutdownHook] INFO  QuartzScheduler - Scheduler quartzScheduler_$_NON_CLUSTERED shutting down.
18:23:10.430 [SpringApplicationShutdownHook] INFO  QuartzScheduler - Scheduler quartzScheduler_$_NON_CLUSTERED paused.
18:23:10.430 [SpringApplicationShutdownHook] INFO  QuartzScheduler - Scheduler quartzScheduler_$_NON_CLUSTERED shutdown complete.
20:03:27.372 [Test worker] INFO  SpringBootTestContextBootstrapper - Neither @ContextConfiguration nor @ContextHierarchy found for test class [com.imchobo.jsr_stringboot.mapper.StudentMapperTest], using SpringBootContextLoader
20:03:27.384 [Test worker] INFO  AbstractContextLoader - Could not detect default resource locations for test class [com.imchobo.jsr_stringboot.mapper.StudentMapperTest]: no resource found for suffixes {-context.xml, Context.groovy}.
20:03:27.386 [Test worker] INFO  AnnotationConfigContextLoaderUtils - Could not detect default configuration classes for test class [com.imchobo.jsr_stringboot.mapper.StudentMapperTest]: StudentMapperTest does not declare any static, non-private, non-final, nested classes annotated with @Configuration.
20:03:27.525 [Test worker] INFO  SpringBootTestContextBootstrapper - Found @SpringBootConfiguration com.imchobo.jsr_stringboot.JsrStringBootApplication for test class com.imchobo.jsr_stringboot.mapper.StudentMapperTest
20:03:27.646 [Test worker] INFO  SpringBootTestContextBootstrapper - Loaded default TestExecutionListener class names from location [META-INF/spring.factories]: [org.springframework.boot.test.autoconfigure.restdocs.RestDocsTestExecutionListener, org.springframework.boot.test.autoconfigure.web.client.MockRestServiceServerResetTestExecutionListener, org.springframework.boot.test.autoconfigure.web.servlet.MockMvcPrintOnlyOnFailureTestExecutionListener, org.springframework.boot.test.autoconfigure.web.servlet.WebDriverTestExecutionListener, org.springframework.boot.test.autoconfigure.webservices.client.MockWebServiceServerTestExecutionListener, org.springframework.boot.test.mock.mockito.MockitoTestExecutionListener, org.springframework.boot.test.mock.mockito.ResetMocksTestExecutionListener, org.springframework.test.context.web.ServletTestExecutionListener, org.springframework.test.context.support.DirtiesContextBeforeModesTestExecutionListener, org.springframework.test.context.event.ApplicationEventsTestExecutionListener, org.springframework.test.context.support.DependencyInjectionTestExecutionListener, org.springframework.test.context.support.DirtiesContextTestExecutionListener, org.springframework.test.context.transaction.TransactionalTestExecutionListener, org.springframework.test.context.jdbc.SqlScriptsTestExecutionListener, org.springframework.test.context.event.EventPublishingTestExecutionListener]
20:03:27.674 [Test worker] INFO  SpringBootTestContextBootstrapper - Using TestExecutionListeners: [org.springframework.test.context.web.ServletTestExecutionListener@3add81c4, org.springframework.test.context.support.DirtiesContextBeforeModesTestExecutionListener@1a1d3c1a, org.springframework.test.context.event.ApplicationEventsTestExecutionListener@1c65121, org.springframework.boot.test.mock.mockito.MockitoTestExecutionListener@159e366, org.springframework.boot.test.autoconfigure.SpringBootDependencyInjectionTestExecutionListener@57dc9128, org.springframework.test.context.support.DirtiesContextTestExecutionListener@24528a25, org.springframework.test.context.transaction.TransactionalTestExecutionListener@17ae98d7, org.springframework.test.context.jdbc.SqlScriptsTestExecutionListener@59221b97, org.springframework.test.context.event.EventPublishingTestExecutionListener@6ac4944a, org.springframework.boot.test.autoconfigure.restdocs.RestDocsTestExecutionListener@5a772895, org.springframework.boot.test.autoconfigure.web.client.MockRestServiceServerResetTestExecutionListener@39fc6b2c, org.springframework.boot.test.autoconfigure.web.servlet.MockMvcPrintOnlyOnFailureTestExecutionListener@704b2127, org.springframework.boot.test.autoconfigure.web.servlet.WebDriverTestExecutionListener@3ee39da0, org.springframework.boot.test.autoconfigure.webservices.client.MockWebServiceServerTestExecutionListener@5d332969, org.springframework.boot.test.mock.mockito.ResetMocksTestExecutionListener@7cc9ce8]
20:03:28.111 [Test worker] WARN  DuplicateJsonObjectContextCustomizerFactory$DuplicateJsonObjectContextCustomizer - 

Found multiple occurrences of org.json.JSONObject on the class path:

	jar:file:/C:/Users/tj/.gradle/caches/modules-2/files-2.1/org.json/json/20240303/ebb88e8fb5122b7506d5cf1d69f1ccdb790d22a/json-20240303.jar!/org/json/JSONObject.class
	jar:file:/C:/Users/tj/.gradle/caches/modules-2/files-2.1/com.vaadin.external.google/android-json/0.0.20131108.vaadin1/fa26d351fe62a6a17f5cda1287c1c6110dec413f/android-json-0.0.20131108.vaadin1.jar!/org/json/JSONObject.class

You may wish to exclude one of them to ensure predictable runtime behavior

20:03:28.137 [Test worker] INFO  StudentMapperTest - Starting StudentMapperTest using Java 21.0.7 on DESKTOP-NBP7RID with PID 19744 (started by tj in C:\Users\tj\jsr_StringBoot)
20:03:28.138 [Test worker] INFO  StudentMapperTest - No active profile set, falling back to 1 default profile: "default"
20:03:29.527 [Test worker] WARN  ErrorPacket - Error: 1045-28000: Access denied for user 'sample'@'61.75.21.155' (using password: YES)
20:03:30.548 [Test worker] ERROR HikariPool - HikariCP - Exception during pool initialization.
java.sql.SQLInvalidAuthorizationSpecException: (conn=1456) Access denied for user 'sample'@'61.75.21.155' (using password: YES)
	at org.mariadb.jdbc.export.ExceptionFactory.createException(ExceptionFactory.java:286)
	at org.mariadb.jdbc.export.ExceptionFactory.create(ExceptionFactory.java:370)
	at org.mariadb.jdbc.client.impl.ConnectionHelper.authenticationHandler(ConnectionHelper.java:287)
	at org.mariadb.jdbc.client.impl.StandardClient.<init>(StandardClient.java:185)
	at org.mariadb.jdbc.Driver.connect(Driver.java:70)
	at org.mariadb.jdbc.Driver.connect(Driver.java:101)
	at org.mariadb.jdbc.Driver.connect(Driver.java:27)
	at net.sf.log4jdbc.sql.jdbcapi.DriverSpy.connect(DriverSpy.java:401)
	at com.zaxxer.hikari.util.DriverDataSource.getConnection(DriverDataSource.java:138)
	at com.zaxxer.hikari.pool.PoolBase.newConnection(PoolBase.java:364)
	at com.zaxxer.hikari.pool.PoolBase.newPoolEntry(PoolBase.java:206)
	at com.zaxxer.hikari.pool.HikariPool.createPoolEntry(HikariPool.java:476)
	at com.zaxxer.hikari.pool.HikariPool.checkFailFast(HikariPool.java:561)
	at com.zaxxer.hikari.pool.HikariPool.<init>(HikariPool.java:115)
	at com.zaxxer.hikari.HikariDataSource.<init>(HikariDataSource.java:81)
	at com.imchobo.jsr_stringboot.config.DBConfig.hikariDataSource(DBConfig.java:19)
	at com.imchobo.jsr_stringboot.config.DBConfig$$EnhancerBySpringCGLIB$$336df85a.CGLIB$hikariDataSource$0(<generated>)
	at com.imchobo.jsr_stringboot.config.DBConfig$$EnhancerBySpringCGLIB$$336df85a$$FastClassBySpringCGLIB$$5bda7fe6.invoke(<generated>)
	at org.springframework.cglib.proxy.MethodProxy.invokeSuper(MethodProxy.java:244)
	at org.springframework.context.annotation.ConfigurationClassEnhancer$BeanMethodInterceptor.intercept(ConfigurationClassEnhancer.java:331)
	at com.imchobo.jsr_stringboot.config.DBConfig$$EnhancerBySpringCGLIB$$336df85a.hikariDataSource(<generated>)
	at java.base/jdk.internal.reflect.DirectMethodHandleAccessor.invoke(DirectMethodHandleAccessor.java:103)
	at java.base/java.lang.reflect.Method.invoke(Method.java:580)
	at org.springframework.beans.factory.support.SimpleInstantiationStrategy.instantiate(SimpleInstantiationStrategy.java:154)
	at org.springframework.beans.factory.support.ConstructorResolver.instantiate(ConstructorResolver.java:648)
	at org.springframework.beans.factory.support.ConstructorResolver.instantiateUsingFactoryMethod(ConstructorResolver.java:481)
	at org.springframework.beans.factory.support.AbstractAutowireCapableBeanFactory.instantiateUsingFactoryMethod(AbstractAutowireCapableBeanFactory.java:1352)
	at org.springframework.beans.factory.support.AbstractAutowireCapableBeanFactory.createBeanInstance(AbstractAutowireCapableBeanFactory.java:1195)
	at org.springframework.beans.factory.support.AbstractAutowireCapableBeanFactory.doCreateBean(AbstractAutowireCapableBeanFactory.java:582)
	at org.springframework.beans.factory.support.AbstractAutowireCapableBeanFactory.createBean(AbstractAutowireCapableBeanFactory.java:542)
	at org.springframework.beans.factory.support.AbstractBeanFactory.lambda$doGetBean$0(AbstractBeanFactory.java:335)
	at org.springframework.beans.factory.support.DefaultSingletonBeanRegistry.getSingleton(DefaultSingletonBeanRegistry.java:234)
	at org.springframework.beans.factory.support.AbstractBeanFactory.doGetBean(AbstractBeanFactory.java:333)
	at org.springframework.beans.factory.support.AbstractBeanFactory.getBean(AbstractBeanFactory.java:208)
	at org.springframework.beans.factory.support.DefaultListableBeanFactory.preInstantiateSingletons(DefaultListableBeanFactory.java:955)
	at org.springframework.context.support.AbstractApplicationContext.finishBeanFactoryInitialization(AbstractApplicationContext.java:929)
	at org.springframework.context.support.AbstractApplicationContext.refresh(AbstractApplicationContext.java:591)
	at org.springframework.boot.SpringApplication.refresh(SpringApplication.java:732)
	at org.springframework.boot.SpringApplication.refreshContext(SpringApplication.java:409)
	at org.springframework.boot.SpringApplication.run(SpringApplication.java:308)
	at org.springframework.boot.test.context.SpringBootContextLoader.loadContext(SpringBootContextLoader.java:136)
	at org.springframework.test.context.cache.DefaultCacheAwareContextLoaderDelegate.loadContextInternal(DefaultCacheAwareContextLoaderDelegate.java:141)
	at org.springframework.test.context.cache.DefaultCacheAwareContextLoaderDelegate.loadContext(DefaultCacheAwareContextLoaderDelegate.java:90)
	at org.springframework.test.context.support.DefaultTestContext.getApplicationContext(DefaultTestContext.java:124)
	at org.springframework.test.context.web.ServletTestExecutionListener.setUpRequestContextIfNecessary(ServletTestExecutionListener.java:190)
	at org.springframework.test.context.web.ServletTestExecutionListener.prepareTestInstance(ServletTestExecutionListener.java:132)
	at org.springframework.test.context.TestContextManager.prepareTestInstance(TestContextManager.java:248)
	at org.springframework.test.context.junit.jupiter.SpringExtension.postProcessTestInstance(SpringExtension.java:138)
	at org.junit.jupiter.engine.descriptor.ClassBasedTestDescriptor.lambda$invokeTestInstancePostProcessors$8(ClassBasedTestDescriptor.java:363)
	at org.junit.jupiter.engine.descriptor.ClassBasedTestDescriptor.executeAndMaskThrowable(ClassBasedTestDescriptor.java:368)
	at org.junit.jupiter.engine.descriptor.ClassBasedTestDescriptor.lambda$invokeTestInstancePostProcessors$9(ClassBasedTestDescriptor.java:363)
	at java.base/java.util.stream.ReferencePipeline$3$1.accept(ReferencePipeline.java:197)
	at java.base/java.util.stream.ReferencePipeline$2$1.accept(ReferencePipeline.java:179)
	at java.base/java.util.ArrayList$ArrayListSpliterator.forEachRemaining(ArrayList.java:1708)
	at java.base/java.util.stream.AbstractPipeline.copyInto(AbstractPipeline.java:509)
	at java.base/java.util.stream.AbstractPipeline.wrapAndCopyInto(AbstractPipeline.java:499)
	at java.base/java.util.stream.StreamSpliterators$WrappingSpliterator.forEachRemaining(StreamSpliterators.java:310)
	at java.base/java.util.stream.Streams$ConcatSpliterator.forEachRemaining(Streams.java:735)
	at java.base/java.util.stream.Streams$ConcatSpliterator.forEachRemaining(Streams.java:734)
	at java.base/java.util.stream.ReferencePipeline$Head.forEach(ReferencePipeline.java:762)
	at org.junit.jupiter.engine.descriptor.ClassBasedTestDescriptor.invokeTestInstancePostProcessors(ClassBasedTestDescriptor.java:362)
	at org.junit.jupiter.engine.descriptor.ClassBasedTestDescriptor.lambda$instantiateAndPostProcessTestInstance$6(ClassBasedTestDescriptor.java:283)
	at org.junit.platform.engine.support.hierarchical.ThrowableCollector.execute(ThrowableCollector.java:73)
	at org.junit.jupiter.engine.descriptor.ClassBasedTestDescriptor.instantiateAndPostProcessTestInstance(ClassBasedTestDescriptor.java:282)
	at org.junit.jupiter.engine.descriptor.ClassBasedTestDescriptor.lambda$testInstancesProvider$4(ClassBasedTestDescriptor.java:272)
	at java.base/java.util.Optional.orElseGet(Optional.java:364)
	at org.junit.jupiter.engine.descriptor.ClassBasedTestDescriptor.lambda$testInstancesProvider$5(ClassBasedTestDescriptor.java:271)
	at org.junit.jupiter.engine.execution.TestInstancesProvider.getTestInstances(TestInstancesProvider.java:31)
	at org.junit.jupiter.engine.descriptor.TestMethodTestDescriptor.lambda$prepare$0(TestMethodTestDescriptor.java:102)
	at org.junit.platform.engine.support.hierarchical.ThrowableCollector.execute(ThrowableCollector.java:73)
	at org.junit.jupiter.engine.descriptor.TestMethodTestDescriptor.prepare(TestMethodTestDescriptor.java:101)
	at org.junit.jupiter.engine.descriptor.TestMethodTestDescriptor.prepare(TestMethodTestDescriptor.java:66)
	at org.junit.platform.engine.support.hierarchical.NodeTestTask.lambda$prepare$2(NodeTestTask.java:123)
	at org.junit.platform.engine.support.hierarchical.ThrowableCollector.execute(ThrowableCollector.java:73)
	at org.junit.platform.engine.support.hierarchical.NodeTestTask.prepare(NodeTestTask.java:123)
	at org.junit.platform.engine.support.hierarchical.NodeTestTask.execute(NodeTestTask.java:90)
	at java.base/java.util.ArrayList.forEach(ArrayList.java:1596)
	at org.junit.platform.engine.support.hierarchical.SameThreadHierarchicalTestExecutorService.invokeAll(SameThreadHierarchicalTestExecutorService.java:41)
	at org.junit.platform.engine.support.hierarchical.NodeTestTask.lambda$executeRecursively$6(NodeTestTask.java:155)
	at org.junit.platform.engine.support.hierarchical.ThrowableCollector.execute(ThrowableCollector.java:73)
	at org.junit.platform.engine.support.hierarchical.NodeTestTask.lambda$executeRecursively$8(NodeTestTask.java:141)
	at org.junit.platform.engine.support.hierarchical.Node.around(Node.java:137)
	at org.junit.platform.engine.support.hierarchical.NodeTestTask.lambda$executeRecursively$9(NodeTestTask.java:139)
	at org.junit.platform.engine.support.hierarchical.ThrowableCollector.execute(ThrowableCollector.java:73)
	at org.junit.platform.engine.support.hierarchical.NodeTestTask.executeRecursively(NodeTestTask.java:138)
	at org.junit.platform.engine.support.hierarchical.NodeTestTask.execute(NodeTestTask.java:95)
	at java.base/java.util.ArrayList.forEach(ArrayList.java:1596)
	at org.junit.platform.engine.support.hierarchical.SameThreadHierarchicalTestExecutorService.invokeAll(SameThreadHierarchicalTestExecutorService.java:41)
	at org.junit.platform.engine.support.hierarchical.NodeTestTask.lambda$executeRecursively$6(NodeTestTask.java:155)
	at org.junit.platform.engine.support.hierarchical.ThrowableCollector.execute(ThrowableCollector.java:73)
	at org.junit.platform.engine.support.hierarchical.NodeTestTask.lambda$executeRecursively$8(NodeTestTask.java:141)
	at org.junit.platform.engine.support.hierarchical.Node.around(Node.java:137)
	at org.junit.platform.engine.support.hierarchical.NodeTestTask.lambda$executeRecursively$9(NodeTestTask.java:139)
	at org.junit.platform.engine.support.hierarchical.ThrowableCollector.execute(ThrowableCollector.java:73)
	at org.junit.platform.engine.support.hierarchical.NodeTestTask.executeRecursively(NodeTestTask.java:138)
	at org.junit.platform.engine.support.hierarchical.NodeTestTask.execute(NodeTestTask.java:95)
	at org.junit.platform.engine.support.hierarchical.SameThreadHierarchicalTestExecutorService.submit(SameThreadHierarchicalTestExecutorService.java:35)
	at org.junit.platform.engine.support.hierarchical.HierarchicalTestExecutor.execute(HierarchicalTestExecutor.java:57)
	at org.junit.platform.engine.support.hierarchical.HierarchicalTestEngine.execute(HierarchicalTestEngine.java:54)
	at org.junit.platform.launcher.core.EngineExecutionOrchestrator.execute(EngineExecutionOrchestrator.java:107)
	at org.junit.platform.launcher.core.EngineExecutionOrchestrator.execute(EngineExecutionOrchestrator.java:88)
	at org.junit.platform.launcher.core.EngineExecutionOrchestrator.lambda$execute$0(EngineExecutionOrchestrator.java:54)
	at org.junit.platform.launcher.core.EngineExecutionOrchestrator.withInterceptedStreams(EngineExecutionOrchestrator.java:67)
	at org.junit.platform.launcher.core.EngineExecutionOrchestrator.execute(EngineExecutionOrchestrator.java:52)
	at org.junit.platform.launcher.core.DefaultLauncher.execute(DefaultLauncher.java:114)
	at org.junit.platform.launcher.core.DefaultLauncher.execute(DefaultLauncher.java:86)
	at org.junit.platform.launcher.core.DefaultLauncherSession$DelegatingLauncher.execute(DefaultLauncherSession.java:86)
	at org.gradle.api.internal.tasks.testing.junitplatform.JUnitPlatformTestClassProcessor$CollectAllTestClassesExecutor.processAllTestClasses(JUnitPlatformTestClassProcessor.java:124)
	at org.gradle.api.internal.tasks.testing.junitplatform.JUnitPlatformTestClassProcessor$CollectAllTestClassesExecutor.access$000(JUnitPlatformTestClassProcessor.java:99)
	at org.gradle.api.internal.tasks.testing.junitplatform.JUnitPlatformTestClassProcessor.stop(JUnitPlatformTestClassProcessor.java:94)
	at org.gradle.api.internal.tasks.testing.SuiteTestClassProcessor.stop(SuiteTestClassProcessor.java:63)
	at java.base/jdk.internal.reflect.DirectMethodHandleAccessor.invoke(DirectMethodHandleAccessor.java:103)
	at java.base/java.lang.reflect.Method.invoke(Method.java:580)
	at org.gradle.internal.dispatch.ReflectionDispatch.dispatch(ReflectionDispatch.java:36)
	at org.gradle.internal.dispatch.ReflectionDispatch.dispatch(ReflectionDispatch.java:24)
	at org.gradle.internal.dispatch.ContextClassLoaderDispatch.dispatch(ContextClassLoaderDispatch.java:33)
	at org.gradle.internal.dispatch.ProxyDispatchAdapter$DispatchingInvocationHandler.invoke(ProxyDispatchAdapter.java:92)
	at jdk.proxy1/jdk.proxy1.$Proxy4.stop(Unknown Source)
	at org.gradle.api.internal.tasks.testing.worker.TestWorker$3.run(TestWorker.java:200)
	at org.gradle.api.internal.tasks.testing.worker.TestWorker.executeAndMaintainThreadName(TestWorker.java:132)
	at org.gradle.api.internal.tasks.testing.worker.TestWorker.execute(TestWorker.java:103)
	at org.gradle.api.internal.tasks.testing.worker.TestWorker.execute(TestWorker.java:63)
	at org.gradle.process.internal.worker.child.ActionExecutionWorker.execute(ActionExecutionWorker.java:56)
	at org.gradle.process.internal.worker.child.SystemApplicationClassLoaderWorker.call(SystemApplicationClassLoaderWorker.java:122)
	at org.gradle.process.internal.worker.child.SystemApplicationClassLoaderWorker.call(SystemApplicationClassLoaderWorker.java:72)
	at worker.org.gradle.process.internal.worker.GradleWorkerMain.run(GradleWorkerMain.java:69)
	at worker.org.gradle.process.internal.worker.GradleWorkerMain.main(GradleWorkerMain.java:74)
20:03:30.582 [Test worker] WARN  GenericWebApplicationContext - Exception encountered during context initialization - cancelling refresh attempt: org.springframework.beans.factory.BeanCreationException: Error creating bean with name 'hikariDataSource' defined in class path resource [com/imchobo/jsr_stringboot/config/DBConfig.class]: Bean instantiation via factory method failed; nested exception is org.springframework.beans.BeanInstantiationException: Failed to instantiate [com.zaxxer.hikari.HikariDataSource]: Factory method 'hikariDataSource' threw exception; nested exception is com.zaxxer.hikari.pool.HikariPool$PoolInitializationException: Failed to initialize pool: (conn=1456) Access denied for user 'sample'@'61.75.21.155' (using password: YES)
20:03:30.594 [Test worker] INFO  ConditionEvaluationReportLoggingListener - 

Error starting ApplicationContext. To display the conditions report re-run your application with 'debug' enabled.
20:03:30.635 [Test worker] ERROR SpringApplication - Application run failed
org.springframework.beans.factory.BeanCreationException: Error creating bean with name 'hikariDataSource' defined in class path resource [com/imchobo/jsr_stringboot/config/DBConfig.class]: Bean instantiation via factory method failed; nested exception is org.springframework.beans.BeanInstantiationException: Failed to instantiate [com.zaxxer.hikari.HikariDataSource]: Factory method 'hikariDataSource' threw exception; nested exception is com.zaxxer.hikari.pool.HikariPool$PoolInitializationException: Failed to initialize pool: (conn=1456) Access denied for user 'sample'@'61.75.21.155' (using password: YES)
	at org.springframework.beans.factory.support.ConstructorResolver.instantiate(ConstructorResolver.java:653)
	at org.springframework.beans.factory.support.ConstructorResolver.instantiateUsingFactoryMethod(ConstructorResolver.java:481)
	at org.springframework.beans.factory.support.AbstractAutowireCapableBeanFactory.instantiateUsingFactoryMethod(AbstractAutowireCapableBeanFactory.java:1352)
	at org.springframework.beans.factory.support.AbstractAutowireCapableBeanFactory.createBeanInstance(AbstractAutowireCapableBeanFactory.java:1195)
	at org.springframework.beans.factory.support.AbstractAutowireCapableBeanFactory.doCreateBean(AbstractAutowireCapableBeanFactory.java:582)
	at org.springframework.beans.factory.support.AbstractAutowireCapableBeanFactory.createBean(AbstractAutowireCapableBeanFactory.java:542)
	at org.springframework.beans.factory.support.AbstractBeanFactory.lambda$doGetBean$0(AbstractBeanFactory.java:335)
	at org.springframework.beans.factory.support.DefaultSingletonBeanRegistry.getSingleton(DefaultSingletonBeanRegistry.java:234)
	at org.springframework.beans.factory.support.AbstractBeanFactory.doGetBean(AbstractBeanFactory.java:333)
	at org.springframework.beans.factory.support.AbstractBeanFactory.getBean(AbstractBeanFactory.java:208)
	at org.springframework.beans.factory.support.DefaultListableBeanFactory.preInstantiateSingletons(DefaultListableBeanFactory.java:955)
	at org.springframework.context.support.AbstractApplicationContext.finishBeanFactoryInitialization(AbstractApplicationContext.java:929)
	at org.springframework.context.support.AbstractApplicationContext.refresh(AbstractApplicationContext.java:591)
	at org.springframework.boot.SpringApplication.refresh(SpringApplication.java:732)
	at org.springframework.boot.SpringApplication.refreshContext(SpringApplication.java:409)
	at org.springframework.boot.SpringApplication.run(SpringApplication.java:308)
	at org.springframework.boot.test.context.SpringBootContextLoader.loadContext(SpringBootContextLoader.java:136)
	at org.springframework.test.context.cache.DefaultCacheAwareContextLoaderDelegate.loadContextInternal(DefaultCacheAwareContextLoaderDelegate.java:141)
	at org.springframework.test.context.cache.DefaultCacheAwareContextLoaderDelegate.loadContext(DefaultCacheAwareContextLoaderDelegate.java:90)
	at org.springframework.test.context.support.DefaultTestContext.getApplicationContext(DefaultTestContext.java:124)
	at org.springframework.test.context.web.ServletTestExecutionListener.setUpRequestContextIfNecessary(ServletTestExecutionListener.java:190)
	at org.springframework.test.context.web.ServletTestExecutionListener.prepareTestInstance(ServletTestExecutionListener.java:132)
	at org.springframework.test.context.TestContextManager.prepareTestInstance(TestContextManager.java:248)
	at org.springframework.test.context.junit.jupiter.SpringExtension.postProcessTestInstance(SpringExtension.java:138)
	at org.junit.jupiter.engine.descriptor.ClassBasedTestDescriptor.lambda$invokeTestInstancePostProcessors$8(ClassBasedTestDescriptor.java:363)
	at org.junit.jupiter.engine.descriptor.ClassBasedTestDescriptor.executeAndMaskThrowable(ClassBasedTestDescriptor.java:368)
	at org.junit.jupiter.engine.descriptor.ClassBasedTestDescriptor.lambda$invokeTestInstancePostProcessors$9(ClassBasedTestDescriptor.java:363)
	at java.base/java.util.stream.ReferencePipeline$3$1.accept(ReferencePipeline.java:197)
	at java.base/java.util.stream.ReferencePipeline$2$1.accept(ReferencePipeline.java:179)
	at java.base/java.util.ArrayList$ArrayListSpliterator.forEachRemaining(ArrayList.java:1708)
	at java.base/java.util.stream.AbstractPipeline.copyInto(AbstractPipeline.java:509)
	at java.base/java.util.stream.AbstractPipeline.wrapAndCopyInto(AbstractPipeline.java:499)
	at java.base/java.util.stream.StreamSpliterators$WrappingSpliterator.forEachRemaining(StreamSpliterators.java:310)
	at java.base/java.util.stream.Streams$ConcatSpliterator.forEachRemaining(Streams.java:735)
	at java.base/java.util.stream.Streams$ConcatSpliterator.forEachRemaining(Streams.java:734)
	at java.base/java.util.stream.ReferencePipeline$Head.forEach(ReferencePipeline.java:762)
	at org.junit.jupiter.engine.descriptor.ClassBasedTestDescriptor.invokeTestInstancePostProcessors(ClassBasedTestDescriptor.java:362)
	at org.junit.jupiter.engine.descriptor.ClassBasedTestDescriptor.lambda$instantiateAndPostProcessTestInstance$6(ClassBasedTestDescriptor.java:283)
	at org.junit.platform.engine.support.hierarchical.ThrowableCollector.execute(ThrowableCollector.java:73)
	at org.junit.jupiter.engine.descriptor.ClassBasedTestDescriptor.instantiateAndPostProcessTestInstance(ClassBasedTestDescriptor.java:282)
	at org.junit.jupiter.engine.descriptor.ClassBasedTestDescriptor.lambda$testInstancesProvider$4(ClassBasedTestDescriptor.java:272)
	at java.base/java.util.Optional.orElseGet(Optional.java:364)
	at org.junit.jupiter.engine.descriptor.ClassBasedTestDescriptor.lambda$testInstancesProvider$5(ClassBasedTestDescriptor.java:271)
	at org.junit.jupiter.engine.execution.TestInstancesProvider.getTestInstances(TestInstancesProvider.java:31)
	at org.junit.jupiter.engine.descriptor.TestMethodTestDescriptor.lambda$prepare$0(TestMethodTestDescriptor.java:102)
	at org.junit.platform.engine.support.hierarchical.ThrowableCollector.execute(ThrowableCollector.java:73)
	at org.junit.jupiter.engine.descriptor.TestMethodTestDescriptor.prepare(TestMethodTestDescriptor.java:101)
	at org.junit.jupiter.engine.descriptor.TestMethodTestDescriptor.prepare(TestMethodTestDescriptor.java:66)
	at org.junit.platform.engine.support.hierarchical.NodeTestTask.lambda$prepare$2(NodeTestTask.java:123)
	at org.junit.platform.engine.support.hierarchical.ThrowableCollector.execute(ThrowableCollector.java:73)
	at org.junit.platform.engine.support.hierarchical.NodeTestTask.prepare(NodeTestTask.java:123)
	at org.junit.platform.engine.support.hierarchical.NodeTestTask.execute(NodeTestTask.java:90)
	at java.base/java.util.ArrayList.forEach(ArrayList.java:1596)
	at org.junit.platform.engine.support.hierarchical.SameThreadHierarchicalTestExecutorService.invokeAll(SameThreadHierarchicalTestExecutorService.java:41)
	at org.junit.platform.engine.support.hierarchical.NodeTestTask.lambda$executeRecursively$6(NodeTestTask.java:155)
	at org.junit.platform.engine.support.hierarchical.ThrowableCollector.execute(ThrowableCollector.java:73)
	at org.junit.platform.engine.support.hierarchical.NodeTestTask.lambda$executeRecursively$8(NodeTestTask.java:141)
	at org.junit.platform.engine.support.hierarchical.Node.around(Node.java:137)
	at org.junit.platform.engine.support.hierarchical.NodeTestTask.lambda$executeRecursively$9(NodeTestTask.java:139)
	at org.junit.platform.engine.support.hierarchical.ThrowableCollector.execute(ThrowableCollector.java:73)
	at org.junit.platform.engine.support.hierarchical.NodeTestTask.executeRecursively(NodeTestTask.java:138)
	at org.junit.platform.engine.support.hierarchical.NodeTestTask.execute(NodeTestTask.java:95)
	at java.base/java.util.ArrayList.forEach(ArrayList.java:1596)
	at org.junit.platform.engine.support.hierarchical.SameThreadHierarchicalTestExecutorService.invokeAll(SameThreadHierarchicalTestExecutorService.java:41)
	at org.junit.platform.engine.support.hierarchical.NodeTestTask.lambda$executeRecursively$6(NodeTestTask.java:155)
	at org.junit.platform.engine.support.hierarchical.ThrowableCollector.execute(ThrowableCollector.java:73)
	at org.junit.platform.engine.support.hierarchical.NodeTestTask.lambda$executeRecursively$8(NodeTestTask.java:141)
	at org.junit.platform.engine.support.hierarchical.Node.around(Node.java:137)
	at org.junit.platform.engine.support.hierarchical.NodeTestTask.lambda$executeRecursively$9(NodeTestTask.java:139)
	at org.junit.platform.engine.support.hierarchical.ThrowableCollector.execute(ThrowableCollector.java:73)
	at org.junit.platform.engine.support.hierarchical.NodeTestTask.executeRecursively(NodeTestTask.java:138)
	at org.junit.platform.engine.support.hierarchical.NodeTestTask.execute(NodeTestTask.java:95)
	at org.junit.platform.engine.support.hierarchical.SameThreadHierarchicalTestExecutorService.submit(SameThreadHierarchicalTestExecutorService.java:35)
	at org.junit.platform.engine.support.hierarchical.HierarchicalTestExecutor.execute(HierarchicalTestExecutor.java:57)
	at org.junit.platform.engine.support.hierarchical.HierarchicalTestEngine.execute(HierarchicalTestEngine.java:54)
	at org.junit.platform.launcher.core.EngineExecutionOrchestrator.execute(EngineExecutionOrchestrator.java:107)
	at org.junit.platform.launcher.core.EngineExecutionOrchestrator.execute(EngineExecutionOrchestrator.java:88)
	at org.junit.platform.launcher.core.EngineExecutionOrchestrator.lambda$execute$0(EngineExecutionOrchestrator.java:54)
	at org.junit.platform.launcher.core.EngineExecutionOrchestrator.withInterceptedStreams(EngineExecutionOrchestrator.java:67)
	at org.junit.platform.launcher.core.EngineExecutionOrchestrator.execute(EngineExecutionOrchestrator.java:52)
	at org.junit.platform.launcher.core.DefaultLauncher.execute(DefaultLauncher.java:114)
	at org.junit.platform.launcher.core.DefaultLauncher.execute(DefaultLauncher.java:86)
	at org.junit.platform.launcher.core.DefaultLauncherSession$DelegatingLauncher.execute(DefaultLauncherSession.java:86)
	at org.gradle.api.internal.tasks.testing.junitplatform.JUnitPlatformTestClassProcessor$CollectAllTestClassesExecutor.processAllTestClasses(JUnitPlatformTestClassProcessor.java:124)
	at org.gradle.api.internal.tasks.testing.junitplatform.JUnitPlatformTestClassProcessor$CollectAllTestClassesExecutor.access$000(JUnitPlatformTestClassProcessor.java:99)
	at org.gradle.api.internal.tasks.testing.junitplatform.JUnitPlatformTestClassProcessor.stop(JUnitPlatformTestClassProcessor.java:94)
	at org.gradle.api.internal.tasks.testing.SuiteTestClassProcessor.stop(SuiteTestClassProcessor.java:63)
	at java.base/jdk.internal.reflect.DirectMethodHandleAccessor.invoke(DirectMethodHandleAccessor.java:103)
	at java.base/java.lang.reflect.Method.invoke(Method.java:580)
	at org.gradle.internal.dispatch.ReflectionDispatch.dispatch(ReflectionDispatch.java:36)
	at org.gradle.internal.dispatch.ReflectionDispatch.dispatch(ReflectionDispatch.java:24)
	at org.gradle.internal.dispatch.ContextClassLoaderDispatch.dispatch(ContextClassLoaderDispatch.java:33)
	at org.gradle.internal.dispatch.ProxyDispatchAdapter$DispatchingInvocationHandler.invoke(ProxyDispatchAdapter.java:92)
	at jdk.proxy1/jdk.proxy1.$Proxy4.stop(Unknown Source)
	at org.gradle.api.internal.tasks.testing.worker.TestWorker$3.run(TestWorker.java:200)
	at org.gradle.api.internal.tasks.testing.worker.TestWorker.executeAndMaintainThreadName(TestWorker.java:132)
	at org.gradle.api.internal.tasks.testing.worker.TestWorker.execute(TestWorker.java:103)
	at org.gradle.api.internal.tasks.testing.worker.TestWorker.execute(TestWorker.java:63)
	at org.gradle.process.internal.worker.child.ActionExecutionWorker.execute(ActionExecutionWorker.java:56)
	at org.gradle.process.internal.worker.child.SystemApplicationClassLoaderWorker.call(SystemApplicationClassLoaderWorker.java:122)
	at org.gradle.process.internal.worker.child.SystemApplicationClassLoaderWorker.call(SystemApplicationClassLoaderWorker.java:72)
	at worker.org.gradle.process.internal.worker.GradleWorkerMain.run(GradleWorkerMain.java:69)
	at worker.org.gradle.process.internal.worker.GradleWorkerMain.main(GradleWorkerMain.java:74)
Caused by: org.springframework.beans.BeanInstantiationException: Failed to instantiate [com.zaxxer.hikari.HikariDataSource]: Factory method 'hikariDataSource' threw exception; nested exception is com.zaxxer.hikari.pool.HikariPool$PoolInitializationException: Failed to initialize pool: (conn=1456) Access denied for user 'sample'@'61.75.21.155' (using password: YES)
	at org.springframework.beans.factory.support.SimpleInstantiationStrategy.instantiate(SimpleInstantiationStrategy.java:185)
	at org.springframework.beans.factory.support.ConstructorResolver.instantiate(ConstructorResolver.java:648)
	... 102 common frames omitted
Caused by: com.zaxxer.hikari.pool.HikariPool$PoolInitializationException: Failed to initialize pool: (conn=1456) Access denied for user 'sample'@'61.75.21.155' (using password: YES)
	at com.zaxxer.hikari.pool.HikariPool.throwPoolInitializationException(HikariPool.java:596)
	at com.zaxxer.hikari.pool.HikariPool.checkFailFast(HikariPool.java:582)
	at com.zaxxer.hikari.pool.HikariPool.<init>(HikariPool.java:115)
	at com.zaxxer.hikari.HikariDataSource.<init>(HikariDataSource.java:81)
	at com.imchobo.jsr_stringboot.config.DBConfig.hikariDataSource(DBConfig.java:19)
	at com.imchobo.jsr_stringboot.config.DBConfig$$EnhancerBySpringCGLIB$$336df85a.CGLIB$hikariDataSource$0(<generated>)
	at com.imchobo.jsr_stringboot.config.DBConfig$$EnhancerBySpringCGLIB$$336df85a$$FastClassBySpringCGLIB$$5bda7fe6.invoke(<generated>)
	at org.springframework.cglib.proxy.MethodProxy.invokeSuper(MethodProxy.java:244)
	at org.springframework.context.annotation.ConfigurationClassEnhancer$BeanMethodInterceptor.intercept(ConfigurationClassEnhancer.java:331)
	at com.imchobo.jsr_stringboot.config.DBConfig$$EnhancerBySpringCGLIB$$336df85a.hikariDataSource(<generated>)
	at java.base/jdk.internal.reflect.DirectMethodHandleAccessor.invoke(DirectMethodHandleAccessor.java:103)
	at java.base/java.lang.reflect.Method.invoke(Method.java:580)
	at org.springframework.beans.factory.support.SimpleInstantiationStrategy.instantiate(SimpleInstantiationStrategy.java:154)
	... 103 common frames omitted
Caused by: java.sql.SQLInvalidAuthorizationSpecException: (conn=1456) Access denied for user 'sample'@'61.75.21.155' (using password: YES)
	at org.mariadb.jdbc.export.ExceptionFactory.createException(ExceptionFactory.java:286)
	at org.mariadb.jdbc.export.ExceptionFactory.create(ExceptionFactory.java:370)
	at org.mariadb.jdbc.client.impl.ConnectionHelper.authenticationHandler(ConnectionHelper.java:287)
	at org.mariadb.jdbc.client.impl.StandardClient.<init>(StandardClient.java:185)
	at org.mariadb.jdbc.Driver.connect(Driver.java:70)
	at org.mariadb.jdbc.Driver.connect(Driver.java:101)
	at org.mariadb.jdbc.Driver.connect(Driver.java:27)
	at net.sf.log4jdbc.sql.jdbcapi.DriverSpy.connect(DriverSpy.java:401)
	at com.zaxxer.hikari.util.DriverDataSource.getConnection(DriverDataSource.java:138)
	at com.zaxxer.hikari.pool.PoolBase.newConnection(PoolBase.java:364)
	at com.zaxxer.hikari.pool.PoolBase.newPoolEntry(PoolBase.java:206)
	at com.zaxxer.hikari.pool.HikariPool.createPoolEntry(HikariPool.java:476)
	at com.zaxxer.hikari.pool.HikariPool.checkFailFast(HikariPool.java:561)
	... 114 common frames omitted
20:03:30.653 [Test worker] ERROR TestContextManager - Caught exception while allowing TestExecutionListener [org.springframework.test.context.web.ServletTestExecutionListener@3add81c4] to prepare test instance [com.imchobo.jsr_stringboot.mapper.StudentMapperTest@3f1a9a53]
java.lang.IllegalStateException: Failed to load ApplicationContext
	at org.springframework.test.context.cache.DefaultCacheAwareContextLoaderDelegate.loadContext(DefaultCacheAwareContextLoaderDelegate.java:98)
	at org.springframework.test.context.support.DefaultTestContext.getApplicationContext(DefaultTestContext.java:124)
	at org.springframework.test.context.web.ServletTestExecutionListener.setUpRequestContextIfNecessary(ServletTestExecutionListener.java:190)
	at org.springframework.test.context.web.ServletTestExecutionListener.prepareTestInstance(ServletTestExecutionListener.java:132)
	at org.springframework.test.context.TestContextManager.prepareTestInstance(TestContextManager.java:248)
	at org.springframework.test.context.junit.jupiter.SpringExtension.postProcessTestInstance(SpringExtension.java:138)
	at org.junit.jupiter.engine.descriptor.ClassBasedTestDescriptor.lambda$invokeTestInstancePostProcessors$8(ClassBasedTestDescriptor.java:363)
	at org.junit.jupiter.engine.descriptor.ClassBasedTestDescriptor.executeAndMaskThrowable(ClassBasedTestDescriptor.java:368)
	at org.junit.jupiter.engine.descriptor.ClassBasedTestDescriptor.lambda$invokeTestInstancePostProcessors$9(ClassBasedTestDescriptor.java:363)
	at java.base/java.util.stream.ReferencePipeline$3$1.accept(ReferencePipeline.java:197)
	at java.base/java.util.stream.ReferencePipeline$2$1.accept(ReferencePipeline.java:179)
	at java.base/java.util.ArrayList$ArrayListSpliterator.forEachRemaining(ArrayList.java:1708)
	at java.base/java.util.stream.AbstractPipeline.copyInto(AbstractPipeline.java:509)
	at java.base/java.util.stream.AbstractPipeline.wrapAndCopyInto(AbstractPipeline.java:499)
	at java.base/java.util.stream.StreamSpliterators$WrappingSpliterator.forEachRemaining(StreamSpliterators.java:310)
	at java.base/java.util.stream.Streams$ConcatSpliterator.forEachRemaining(Streams.java:735)
	at java.base/java.util.stream.Streams$ConcatSpliterator.forEachRemaining(Streams.java:734)
	at java.base/java.util.stream.ReferencePipeline$Head.forEach(ReferencePipeline.java:762)
	at org.junit.jupiter.engine.descriptor.ClassBasedTestDescriptor.invokeTestInstancePostProcessors(ClassBasedTestDescriptor.java:362)
	at org.junit.jupiter.engine.descriptor.ClassBasedTestDescriptor.lambda$instantiateAndPostProcessTestInstance$6(ClassBasedTestDescriptor.java:283)
	at org.junit.platform.engine.support.hierarchical.ThrowableCollector.execute(ThrowableCollector.java:73)
	at org.junit.jupiter.engine.descriptor.ClassBasedTestDescriptor.instantiateAndPostProcessTestInstance(ClassBasedTestDescriptor.java:282)
	at org.junit.jupiter.engine.descriptor.ClassBasedTestDescriptor.lambda$testInstancesProvider$4(ClassBasedTestDescriptor.java:272)
	at java.base/java.util.Optional.orElseGet(Optional.java:364)
	at org.junit.jupiter.engine.descriptor.ClassBasedTestDescriptor.lambda$testInstancesProvider$5(ClassBasedTestDescriptor.java:271)
	at org.junit.jupiter.engine.execution.TestInstancesProvider.getTestInstances(TestInstancesProvider.java:31)
	at org.junit.jupiter.engine.descriptor.TestMethodTestDescriptor.lambda$prepare$0(TestMethodTestDescriptor.java:102)
	at org.junit.platform.engine.support.hierarchical.ThrowableCollector.execute(ThrowableCollector.java:73)
	at org.junit.jupiter.engine.descriptor.TestMethodTestDescriptor.prepare(TestMethodTestDescriptor.java:101)
	at org.junit.jupiter.engine.descriptor.TestMethodTestDescriptor.prepare(TestMethodTestDescriptor.java:66)
	at org.junit.platform.engine.support.hierarchical.NodeTestTask.lambda$prepare$2(NodeTestTask.java:123)
	at org.junit.platform.engine.support.hierarchical.ThrowableCollector.execute(ThrowableCollector.java:73)
	at org.junit.platform.engine.support.hierarchical.NodeTestTask.prepare(NodeTestTask.java:123)
	at org.junit.platform.engine.support.hierarchical.NodeTestTask.execute(NodeTestTask.java:90)
	at java.base/java.util.ArrayList.forEach(ArrayList.java:1596)
	at org.junit.platform.engine.support.hierarchical.SameThreadHierarchicalTestExecutorService.invokeAll(SameThreadHierarchicalTestExecutorService.java:41)
	at org.junit.platform.engine.support.hierarchical.NodeTestTask.lambda$executeRecursively$6(NodeTestTask.java:155)
	at org.junit.platform.engine.support.hierarchical.ThrowableCollector.execute(ThrowableCollector.java:73)
	at org.junit.platform.engine.support.hierarchical.NodeTestTask.lambda$executeRecursively$8(NodeTestTask.java:141)
	at org.junit.platform.engine.support.hierarchical.Node.around(Node.java:137)
	at org.junit.platform.engine.support.hierarchical.NodeTestTask.lambda$executeRecursively$9(NodeTestTask.java:139)
	at org.junit.platform.engine.support.hierarchical.ThrowableCollector.execute(ThrowableCollector.java:73)
	at org.junit.platform.engine.support.hierarchical.NodeTestTask.executeRecursively(NodeTestTask.java:138)
	at org.junit.platform.engine.support.hierarchical.NodeTestTask.execute(NodeTestTask.java:95)
	at java.base/java.util.ArrayList.forEach(ArrayList.java:1596)
	at org.junit.platform.engine.support.hierarchical.SameThreadHierarchicalTestExecutorService.invokeAll(SameThreadHierarchicalTestExecutorService.java:41)
	at org.junit.platform.engine.support.hierarchical.NodeTestTask.lambda$executeRecursively$6(NodeTestTask.java:155)
	at org.junit.platform.engine.support.hierarchical.ThrowableCollector.execute(ThrowableCollector.java:73)
	at org.junit.platform.engine.support.hierarchical.NodeTestTask.lambda$executeRecursively$8(NodeTestTask.java:141)
	at org.junit.platform.engine.support.hierarchical.Node.around(Node.java:137)
	at org.junit.platform.engine.support.hierarchical.NodeTestTask.lambda$executeRecursively$9(NodeTestTask.java:139)
	at org.junit.platform.engine.support.hierarchical.ThrowableCollector.execute(ThrowableCollector.java:73)
	at org.junit.platform.engine.support.hierarchical.NodeTestTask.executeRecursively(NodeTestTask.java:138)
	at org.junit.platform.engine.support.hierarchical.NodeTestTask.execute(NodeTestTask.java:95)
	at org.junit.platform.engine.support.hierarchical.SameThreadHierarchicalTestExecutorService.submit(SameThreadHierarchicalTestExecutorService.java:35)
	at org.junit.platform.engine.support.hierarchical.HierarchicalTestExecutor.execute(HierarchicalTestExecutor.java:57)
	at org.junit.platform.engine.support.hierarchical.HierarchicalTestEngine.execute(HierarchicalTestEngine.java:54)
	at org.junit.platform.launcher.core.EngineExecutionOrchestrator.execute(EngineExecutionOrchestrator.java:107)
	at org.junit.platform.launcher.core.EngineExecutionOrchestrator.execute(EngineExecutionOrchestrator.java:88)
	at org.junit.platform.launcher.core.EngineExecutionOrchestrator.lambda$execute$0(EngineExecutionOrchestrator.java:54)
	at org.junit.platform.launcher.core.EngineExecutionOrchestrator.withInterceptedStreams(EngineExecutionOrchestrator.java:67)
	at org.junit.platform.launcher.core.EngineExecutionOrchestrator.execute(EngineExecutionOrchestrator.java:52)
	at org.junit.platform.launcher.core.DefaultLauncher.execute(DefaultLauncher.java:114)
	at org.junit.platform.launcher.core.DefaultLauncher.execute(DefaultLauncher.java:86)
	at org.junit.platform.launcher.core.DefaultLauncherSession$DelegatingLauncher.execute(DefaultLauncherSession.java:86)
	at org.gradle.api.internal.tasks.testing.junitplatform.JUnitPlatformTestClassProcessor$CollectAllTestClassesExecutor.processAllTestClasses(JUnitPlatformTestClassProcessor.java:124)
	at org.gradle.api.internal.tasks.testing.junitplatform.JUnitPlatformTestClassProcessor$CollectAllTestClassesExecutor.access$000(JUnitPlatformTestClassProcessor.java:99)
	at org.gradle.api.internal.tasks.testing.junitplatform.JUnitPlatformTestClassProcessor.stop(JUnitPlatformTestClassProcessor.java:94)
	at org.gradle.api.internal.tasks.testing.SuiteTestClassProcessor.stop(SuiteTestClassProcessor.java:63)
	at java.base/jdk.internal.reflect.DirectMethodHandleAccessor.invoke(DirectMethodHandleAccessor.java:103)
	at java.base/java.lang.reflect.Method.invoke(Method.java:580)
	at org.gradle.internal.dispatch.ReflectionDispatch.dispatch(ReflectionDispatch.java:36)
	at org.gradle.internal.dispatch.ReflectionDispatch.dispatch(ReflectionDispatch.java:24)
	at org.gradle.internal.dispatch.ContextClassLoaderDispatch.dispatch(ContextClassLoaderDispatch.java:33)
	at org.gradle.internal.dispatch.ProxyDispatchAdapter$DispatchingInvocationHandler.invoke(ProxyDispatchAdapter.java:92)
	at jdk.proxy1/jdk.proxy1.$Proxy4.stop(Unknown Source)
	at org.gradle.api.internal.tasks.testing.worker.TestWorker$3.run(TestWorker.java:200)
	at org.gradle.api.internal.tasks.testing.worker.TestWorker.executeAndMaintainThreadName(TestWorker.java:132)
	at org.gradle.api.internal.tasks.testing.worker.TestWorker.execute(TestWorker.java:103)
	at org.gradle.api.internal.tasks.testing.worker.TestWorker.execute(TestWorker.java:63)
	at org.gradle.process.internal.worker.child.ActionExecutionWorker.execute(ActionExecutionWorker.java:56)
	at org.gradle.process.internal.worker.child.SystemApplicationClassLoaderWorker.call(SystemApplicationClassLoaderWorker.java:122)
	at org.gradle.process.internal.worker.child.SystemApplicationClassLoaderWorker.call(SystemApplicationClassLoaderWorker.java:72)
	at worker.org.gradle.process.internal.worker.GradleWorkerMain.run(GradleWorkerMain.java:69)
	at worker.org.gradle.process.internal.worker.GradleWorkerMain.main(GradleWorkerMain.java:74)
Caused by: org.springframework.beans.factory.BeanCreationException: Error creating bean with name 'hikariDataSource' defined in class path resource [com/imchobo/jsr_stringboot/config/DBConfig.class]: Bean instantiation via factory method failed; nested exception is org.springframework.beans.BeanInstantiationException: Failed to instantiate [com.zaxxer.hikari.HikariDataSource]: Factory method 'hikariDataSource' threw exception; nested exception is com.zaxxer.hikari.pool.HikariPool$PoolInitializationException: Failed to initialize pool: (conn=1456) Access denied for user 'sample'@'61.75.21.155' (using password: YES)
	at org.springframework.beans.factory.support.ConstructorResolver.instantiate(ConstructorResolver.java:653)
	at org.springframework.beans.factory.support.ConstructorResolver.instantiateUsingFactoryMethod(ConstructorResolver.java:481)
	at org.springframework.beans.factory.support.AbstractAutowireCapableBeanFactory.instantiateUsingFactoryMethod(AbstractAutowireCapableBeanFactory.java:1352)
	at org.springframework.beans.factory.support.AbstractAutowireCapableBeanFactory.createBeanInstance(AbstractAutowireCapableBeanFactory.java:1195)
	at org.springframework.beans.factory.support.AbstractAutowireCapableBeanFactory.doCreateBean(AbstractAutowireCapableBeanFactory.java:582)
	at org.springframework.beans.factory.support.AbstractAutowireCapableBeanFactory.createBean(AbstractAutowireCapableBeanFactory.java:542)
	at org.springframework.beans.factory.support.AbstractBeanFactory.lambda$doGetBean$0(AbstractBeanFactory.java:335)
	at org.springframework.beans.factory.support.DefaultSingletonBeanRegistry.getSingleton(DefaultSingletonBeanRegistry.java:234)
	at org.springframework.beans.factory.support.AbstractBeanFactory.doGetBean(AbstractBeanFactory.java:333)
	at org.springframework.beans.factory.support.AbstractBeanFactory.getBean(AbstractBeanFactory.java:208)
	at org.springframework.beans.factory.support.DefaultListableBeanFactory.preInstantiateSingletons(DefaultListableBeanFactory.java:955)
	at org.springframework.context.support.AbstractApplicationContext.finishBeanFactoryInitialization(AbstractApplicationContext.java:929)
	at org.springframework.context.support.AbstractApplicationContext.refresh(AbstractApplicationContext.java:591)
	at org.springframework.boot.SpringApplication.refresh(SpringApplication.java:732)
	at org.springframework.boot.SpringApplication.refreshContext(SpringApplication.java:409)
	at org.springframework.boot.SpringApplication.run(SpringApplication.java:308)
	at org.springframework.boot.test.context.SpringBootContextLoader.loadContext(SpringBootContextLoader.java:136)
	at org.springframework.test.context.cache.DefaultCacheAwareContextLoaderDelegate.loadContextInternal(DefaultCacheAwareContextLoaderDelegate.java:141)
	at org.springframework.test.context.cache.DefaultCacheAwareContextLoaderDelegate.loadContext(DefaultCacheAwareContextLoaderDelegate.java:90)
	... 84 common frames omitted
Caused by: org.springframework.beans.BeanInstantiationException: Failed to instantiate [com.zaxxer.hikari.HikariDataSource]: Factory method 'hikariDataSource' threw exception; nested exception is com.zaxxer.hikari.pool.HikariPool$PoolInitializationException: Failed to initialize pool: (conn=1456) Access denied for user 'sample'@'61.75.21.155' (using password: YES)
	at org.springframework.beans.factory.support.SimpleInstantiationStrategy.instantiate(SimpleInstantiationStrategy.java:185)
	at org.springframework.beans.factory.support.ConstructorResolver.instantiate(ConstructorResolver.java:648)
	... 102 common frames omitted
Caused by: com.zaxxer.hikari.pool.HikariPool$PoolInitializationException: Failed to initialize pool: (conn=1456) Access denied for user 'sample'@'61.75.21.155' (using password: YES)
	at com.zaxxer.hikari.pool.HikariPool.throwPoolInitializationException(HikariPool.java:596)
	at com.zaxxer.hikari.pool.HikariPool.checkFailFast(HikariPool.java:582)
	at com.zaxxer.hikari.pool.HikariPool.<init>(HikariPool.java:115)
	at com.zaxxer.hikari.HikariDataSource.<init>(HikariDataSource.java:81)
	at com.imchobo.jsr_stringboot.config.DBConfig.hikariDataSource(DBConfig.java:19)
	at com.imchobo.jsr_stringboot.config.DBConfig$$EnhancerBySpringCGLIB$$336df85a.CGLIB$hikariDataSource$0(<generated>)
	at com.imchobo.jsr_stringboot.config.DBConfig$$EnhancerBySpringCGLIB$$336df85a$$FastClassBySpringCGLIB$$5bda7fe6.invoke(<generated>)
	at org.springframework.cglib.proxy.MethodProxy.invokeSuper(MethodProxy.java:244)
	at org.springframework.context.annotation.ConfigurationClassEnhancer$BeanMethodInterceptor.intercept(ConfigurationClassEnhancer.java:331)
	at com.imchobo.jsr_stringboot.config.DBConfig$$EnhancerBySpringCGLIB$$336df85a.hikariDataSource(<generated>)
	at java.base/jdk.internal.reflect.DirectMethodHandleAccessor.invoke(DirectMethodHandleAccessor.java:103)
	at java.base/java.lang.reflect.Method.invoke(Method.java:580)
	at org.springframework.beans.factory.support.SimpleInstantiationStrategy.instantiate(SimpleInstantiationStrategy.java:154)
	... 103 common frames omitted
Caused by: java.sql.SQLInvalidAuthorizationSpecException: (conn=1456) Access denied for user 'sample'@'61.75.21.155' (using password: YES)
	at org.mariadb.jdbc.export.ExceptionFactory.createException(ExceptionFactory.java:286)
	at org.mariadb.jdbc.export.ExceptionFactory.create(ExceptionFactory.java:370)
	at org.mariadb.jdbc.client.impl.ConnectionHelper.authenticationHandler(ConnectionHelper.java:287)
	at org.mariadb.jdbc.client.impl.StandardClient.<init>(StandardClient.java:185)
	at org.mariadb.jdbc.Driver.connect(Driver.java:70)
	at org.mariadb.jdbc.Driver.connect(Driver.java:101)
	at org.mariadb.jdbc.Driver.connect(Driver.java:27)
	at net.sf.log4jdbc.sql.jdbcapi.DriverSpy.connect(DriverSpy.java:401)
	at com.zaxxer.hikari.util.DriverDataSource.getConnection(DriverDataSource.java:138)
	at com.zaxxer.hikari.pool.PoolBase.newConnection(PoolBase.java:364)
	at com.zaxxer.hikari.pool.PoolBase.newPoolEntry(PoolBase.java:206)
	at com.zaxxer.hikari.pool.HikariPool.createPoolEntry(HikariPool.java:476)
	at com.zaxxer.hikari.pool.HikariPool.checkFailFast(HikariPool.java:561)
	... 114 common frames omitted
20:09:32.190 [Test worker] INFO  SpringBootTestContextBootstrapper - Neither @ContextConfiguration nor @ContextHierarchy found for test class [com.imchobo.jsr_stringboot.mapper.StudentMapperTest], using SpringBootContextLoader
20:09:32.198 [Test worker] INFO  AbstractContextLoader - Could not detect default resource locations for test class [com.imchobo.jsr_stringboot.mapper.StudentMapperTest]: no resource found for suffixes {-context.xml, Context.groovy}.
20:09:32.200 [Test worker] INFO  AnnotationConfigContextLoaderUtils - Could not detect default configuration classes for test class [com.imchobo.jsr_stringboot.mapper.StudentMapperTest]: StudentMapperTest does not declare any static, non-private, non-final, nested classes annotated with @Configuration.
20:09:32.325 [Test worker] INFO  SpringBootTestContextBootstrapper - Found @SpringBootConfiguration com.imchobo.jsr_stringboot.JsrStringBootApplication for test class com.imchobo.jsr_stringboot.mapper.StudentMapperTest
20:09:32.440 [Test worker] INFO  SpringBootTestContextBootstrapper - Loaded default TestExecutionListener class names from location [META-INF/spring.factories]: [org.springframework.boot.test.autoconfigure.restdocs.RestDocsTestExecutionListener, org.springframework.boot.test.autoconfigure.web.client.MockRestServiceServerResetTestExecutionListener, org.springframework.boot.test.autoconfigure.web.servlet.MockMvcPrintOnlyOnFailureTestExecutionListener, org.springframework.boot.test.autoconfigure.web.servlet.WebDriverTestExecutionListener, org.springframework.boot.test.autoconfigure.webservices.client.MockWebServiceServerTestExecutionListener, org.springframework.boot.test.mock.mockito.MockitoTestExecutionListener, org.springframework.boot.test.mock.mockito.ResetMocksTestExecutionListener, org.springframework.test.context.web.ServletTestExecutionListener, org.springframework.test.context.support.DirtiesContextBeforeModesTestExecutionListener, org.springframework.test.context.event.ApplicationEventsTestExecutionListener, org.springframework.test.context.support.DependencyInjectionTestExecutionListener, org.springframework.test.context.support.DirtiesContextTestExecutionListener, org.springframework.test.context.transaction.TransactionalTestExecutionListener, org.springframework.test.context.jdbc.SqlScriptsTestExecutionListener, org.springframework.test.context.event.EventPublishingTestExecutionListener]
20:09:32.465 [Test worker] INFO  SpringBootTestContextBootstrapper - Using TestExecutionListeners: [org.springframework.test.context.web.ServletTestExecutionListener@3add81c4, org.springframework.test.context.support.DirtiesContextBeforeModesTestExecutionListener@1a1d3c1a, org.springframework.test.context.event.ApplicationEventsTestExecutionListener@1c65121, org.springframework.boot.test.mock.mockito.MockitoTestExecutionListener@159e366, org.springframework.boot.test.autoconfigure.SpringBootDependencyInjectionTestExecutionListener@57dc9128, org.springframework.test.context.support.DirtiesContextTestExecutionListener@24528a25, org.springframework.test.context.transaction.TransactionalTestExecutionListener@17ae98d7, org.springframework.test.context.jdbc.SqlScriptsTestExecutionListener@59221b97, org.springframework.test.context.event.EventPublishingTestExecutionListener@6ac4944a, org.springframework.boot.test.autoconfigure.restdocs.RestDocsTestExecutionListener@5a772895, org.springframework.boot.test.autoconfigure.web.client.MockRestServiceServerResetTestExecutionListener@39fc6b2c, org.springframework.boot.test.autoconfigure.web.servlet.MockMvcPrintOnlyOnFailureTestExecutionListener@704b2127, org.springframework.boot.test.autoconfigure.web.servlet.WebDriverTestExecutionListener@3ee39da0, org.springframework.boot.test.autoconfigure.webservices.client.MockWebServiceServerTestExecutionListener@5d332969, org.springframework.boot.test.mock.mockito.ResetMocksTestExecutionListener@7cc9ce8]
20:09:32.866 [Test worker] WARN  DuplicateJsonObjectContextCustomizerFactory$DuplicateJsonObjectContextCustomizer - 

Found multiple occurrences of org.json.JSONObject on the class path:

	jar:file:/C:/Users/tj/.gradle/caches/modules-2/files-2.1/org.json/json/20240303/ebb88e8fb5122b7506d5cf1d69f1ccdb790d22a/json-20240303.jar!/org/json/JSONObject.class
	jar:file:/C:/Users/tj/.gradle/caches/modules-2/files-2.1/com.vaadin.external.google/android-json/0.0.20131108.vaadin1/fa26d351fe62a6a17f5cda1287c1c6110dec413f/android-json-0.0.20131108.vaadin1.jar!/org/json/JSONObject.class

You may wish to exclude one of them to ensure predictable runtime behavior

20:09:32.883 [Test worker] INFO  StudentMapperTest - Starting StudentMapperTest using Java 21.0.7 on DESKTOP-NBP7RID with PID 20952 (started by tj in C:\Users\tj\jsr_StringBoot)
20:09:32.884 [Test worker] INFO  StudentMapperTest - No active profile set, falling back to 1 default profile: "default"
20:09:34.227 [Test worker] WARN  ErrorPacket - Error: 1045-28000: Access denied for user 'sample'@'61.75.21.155' (using password: YES)
20:09:35.245 [Test worker] ERROR HikariPool - HikariCP - Exception during pool initialization.
java.sql.SQLInvalidAuthorizationSpecException: (conn=1461) Access denied for user 'sample'@'61.75.21.155' (using password: YES)
	at org.mariadb.jdbc.export.ExceptionFactory.createException(ExceptionFactory.java:286)
	at org.mariadb.jdbc.export.ExceptionFactory.create(ExceptionFactory.java:370)
	at org.mariadb.jdbc.client.impl.ConnectionHelper.authenticationHandler(ConnectionHelper.java:287)
	at org.mariadb.jdbc.client.impl.StandardClient.<init>(StandardClient.java:185)
	at org.mariadb.jdbc.Driver.connect(Driver.java:70)
	at org.mariadb.jdbc.Driver.connect(Driver.java:101)
	at org.mariadb.jdbc.Driver.connect(Driver.java:27)
	at net.sf.log4jdbc.sql.jdbcapi.DriverSpy.connect(DriverSpy.java:401)
	at com.zaxxer.hikari.util.DriverDataSource.getConnection(DriverDataSource.java:138)
	at com.zaxxer.hikari.pool.PoolBase.newConnection(PoolBase.java:364)
	at com.zaxxer.hikari.pool.PoolBase.newPoolEntry(PoolBase.java:206)
	at com.zaxxer.hikari.pool.HikariPool.createPoolEntry(HikariPool.java:476)
	at com.zaxxer.hikari.pool.HikariPool.checkFailFast(HikariPool.java:561)
	at com.zaxxer.hikari.pool.HikariPool.<init>(HikariPool.java:115)
	at com.zaxxer.hikari.HikariDataSource.<init>(HikariDataSource.java:81)
	at com.imchobo.jsr_stringboot.config.DBConfig.hikariDataSource(DBConfig.java:19)
	at com.imchobo.jsr_stringboot.config.DBConfig$$EnhancerBySpringCGLIB$$715e3c09.CGLIB$hikariDataSource$1(<generated>)
	at com.imchobo.jsr_stringboot.config.DBConfig$$EnhancerBySpringCGLIB$$715e3c09$$FastClassBySpringCGLIB$$8fd56d7d.invoke(<generated>)
	at org.springframework.cglib.proxy.MethodProxy.invokeSuper(MethodProxy.java:244)
	at org.springframework.context.annotation.ConfigurationClassEnhancer$BeanMethodInterceptor.intercept(ConfigurationClassEnhancer.java:331)
	at com.imchobo.jsr_stringboot.config.DBConfig$$EnhancerBySpringCGLIB$$715e3c09.hikariDataSource(<generated>)
	at java.base/jdk.internal.reflect.DirectMethodHandleAccessor.invoke(DirectMethodHandleAccessor.java:103)
	at java.base/java.lang.reflect.Method.invoke(Method.java:580)
	at org.springframework.beans.factory.support.SimpleInstantiationStrategy.instantiate(SimpleInstantiationStrategy.java:154)
	at org.springframework.beans.factory.support.ConstructorResolver.instantiate(ConstructorResolver.java:648)
	at org.springframework.beans.factory.support.ConstructorResolver.instantiateUsingFactoryMethod(ConstructorResolver.java:481)
	at org.springframework.beans.factory.support.AbstractAutowireCapableBeanFactory.instantiateUsingFactoryMethod(AbstractAutowireCapableBeanFactory.java:1352)
	at org.springframework.beans.factory.support.AbstractAutowireCapableBeanFactory.createBeanInstance(AbstractAutowireCapableBeanFactory.java:1195)
	at org.springframework.beans.factory.support.AbstractAutowireCapableBeanFactory.doCreateBean(AbstractAutowireCapableBeanFactory.java:582)
	at org.springframework.beans.factory.support.AbstractAutowireCapableBeanFactory.createBean(AbstractAutowireCapableBeanFactory.java:542)
	at org.springframework.beans.factory.support.AbstractBeanFactory.lambda$doGetBean$0(AbstractBeanFactory.java:335)
	at org.springframework.beans.factory.support.DefaultSingletonBeanRegistry.getSingleton(DefaultSingletonBeanRegistry.java:234)
	at org.springframework.beans.factory.support.AbstractBeanFactory.doGetBean(AbstractBeanFactory.java:333)
	at org.springframework.beans.factory.support.AbstractBeanFactory.getBean(AbstractBeanFactory.java:208)
	at org.springframework.beans.factory.support.DefaultListableBeanFactory.preInstantiateSingletons(DefaultListableBeanFactory.java:955)
	at org.springframework.context.support.AbstractApplicationContext.finishBeanFactoryInitialization(AbstractApplicationContext.java:929)
	at org.springframework.context.support.AbstractApplicationContext.refresh(AbstractApplicationContext.java:591)
	at org.springframework.boot.SpringApplication.refresh(SpringApplication.java:732)
	at org.springframework.boot.SpringApplication.refreshContext(SpringApplication.java:409)
	at org.springframework.boot.SpringApplication.run(SpringApplication.java:308)
	at org.springframework.boot.test.context.SpringBootContextLoader.loadContext(SpringBootContextLoader.java:136)
	at org.springframework.test.context.cache.DefaultCacheAwareContextLoaderDelegate.loadContextInternal(DefaultCacheAwareContextLoaderDelegate.java:141)
	at org.springframework.test.context.cache.DefaultCacheAwareContextLoaderDelegate.loadContext(DefaultCacheAwareContextLoaderDelegate.java:90)
	at org.springframework.test.context.support.DefaultTestContext.getApplicationContext(DefaultTestContext.java:124)
	at org.springframework.test.context.web.ServletTestExecutionListener.setUpRequestContextIfNecessary(ServletTestExecutionListener.java:190)
	at org.springframework.test.context.web.ServletTestExecutionListener.prepareTestInstance(ServletTestExecutionListener.java:132)
	at org.springframework.test.context.TestContextManager.prepareTestInstance(TestContextManager.java:248)
	at org.springframework.test.context.junit.jupiter.SpringExtension.postProcessTestInstance(SpringExtension.java:138)
	at org.junit.jupiter.engine.descriptor.ClassBasedTestDescriptor.lambda$invokeTestInstancePostProcessors$8(ClassBasedTestDescriptor.java:363)
	at org.junit.jupiter.engine.descriptor.ClassBasedTestDescriptor.executeAndMaskThrowable(ClassBasedTestDescriptor.java:368)
	at org.junit.jupiter.engine.descriptor.ClassBasedTestDescriptor.lambda$invokeTestInstancePostProcessors$9(ClassBasedTestDescriptor.java:363)
	at java.base/java.util.stream.ReferencePipeline$3$1.accept(ReferencePipeline.java:197)
	at java.base/java.util.stream.ReferencePipeline$2$1.accept(ReferencePipeline.java:179)
	at java.base/java.util.ArrayList$ArrayListSpliterator.forEachRemaining(ArrayList.java:1708)
	at java.base/java.util.stream.AbstractPipeline.copyInto(AbstractPipeline.java:509)
	at java.base/java.util.stream.AbstractPipeline.wrapAndCopyInto(AbstractPipeline.java:499)
	at java.base/java.util.stream.StreamSpliterators$WrappingSpliterator.forEachRemaining(StreamSpliterators.java:310)
	at java.base/java.util.stream.Streams$ConcatSpliterator.forEachRemaining(Streams.java:735)
	at java.base/java.util.stream.Streams$ConcatSpliterator.forEachRemaining(Streams.java:734)
	at java.base/java.util.stream.ReferencePipeline$Head.forEach(ReferencePipeline.java:762)
	at org.junit.jupiter.engine.descriptor.ClassBasedTestDescriptor.invokeTestInstancePostProcessors(ClassBasedTestDescriptor.java:362)
	at org.junit.jupiter.engine.descriptor.ClassBasedTestDescriptor.lambda$instantiateAndPostProcessTestInstance$6(ClassBasedTestDescriptor.java:283)
	at org.junit.platform.engine.support.hierarchical.ThrowableCollector.execute(ThrowableCollector.java:73)
	at org.junit.jupiter.engine.descriptor.ClassBasedTestDescriptor.instantiateAndPostProcessTestInstance(ClassBasedTestDescriptor.java:282)
	at org.junit.jupiter.engine.descriptor.ClassBasedTestDescriptor.lambda$testInstancesProvider$4(ClassBasedTestDescriptor.java:272)
	at java.base/java.util.Optional.orElseGet(Optional.java:364)
	at org.junit.jupiter.engine.descriptor.ClassBasedTestDescriptor.lambda$testInstancesProvider$5(ClassBasedTestDescriptor.java:271)
	at org.junit.jupiter.engine.execution.TestInstancesProvider.getTestInstances(TestInstancesProvider.java:31)
	at org.junit.jupiter.engine.descriptor.TestMethodTestDescriptor.lambda$prepare$0(TestMethodTestDescriptor.java:102)
	at org.junit.platform.engine.support.hierarchical.ThrowableCollector.execute(ThrowableCollector.java:73)
	at org.junit.jupiter.engine.descriptor.TestMethodTestDescriptor.prepare(TestMethodTestDescriptor.java:101)
	at org.junit.jupiter.engine.descriptor.TestMethodTestDescriptor.prepare(TestMethodTestDescriptor.java:66)
	at org.junit.platform.engine.support.hierarchical.NodeTestTask.lambda$prepare$2(NodeTestTask.java:123)
	at org.junit.platform.engine.support.hierarchical.ThrowableCollector.execute(ThrowableCollector.java:73)
	at org.junit.platform.engine.support.hierarchical.NodeTestTask.prepare(NodeTestTask.java:123)
	at org.junit.platform.engine.support.hierarchical.NodeTestTask.execute(NodeTestTask.java:90)
	at java.base/java.util.ArrayList.forEach(ArrayList.java:1596)
	at org.junit.platform.engine.support.hierarchical.SameThreadHierarchicalTestExecutorService.invokeAll(SameThreadHierarchicalTestExecutorService.java:41)
	at org.junit.platform.engine.support.hierarchical.NodeTestTask.lambda$executeRecursively$6(NodeTestTask.java:155)
	at org.junit.platform.engine.support.hierarchical.ThrowableCollector.execute(ThrowableCollector.java:73)
	at org.junit.platform.engine.support.hierarchical.NodeTestTask.lambda$executeRecursively$8(NodeTestTask.java:141)
	at org.junit.platform.engine.support.hierarchical.Node.around(Node.java:137)
	at org.junit.platform.engine.support.hierarchical.NodeTestTask.lambda$executeRecursively$9(NodeTestTask.java:139)
	at org.junit.platform.engine.support.hierarchical.ThrowableCollector.execute(ThrowableCollector.java:73)
	at org.junit.platform.engine.support.hierarchical.NodeTestTask.executeRecursively(NodeTestTask.java:138)
	at org.junit.platform.engine.support.hierarchical.NodeTestTask.execute(NodeTestTask.java:95)
	at java.base/java.util.ArrayList.forEach(ArrayList.java:1596)
	at org.junit.platform.engine.support.hierarchical.SameThreadHierarchicalTestExecutorService.invokeAll(SameThreadHierarchicalTestExecutorService.java:41)
	at org.junit.platform.engine.support.hierarchical.NodeTestTask.lambda$executeRecursively$6(NodeTestTask.java:155)
	at org.junit.platform.engine.support.hierarchical.ThrowableCollector.execute(ThrowableCollector.java:73)
	at org.junit.platform.engine.support.hierarchical.NodeTestTask.lambda$executeRecursively$8(NodeTestTask.java:141)
	at org.junit.platform.engine.support.hierarchical.Node.around(Node.java:137)
	at org.junit.platform.engine.support.hierarchical.NodeTestTask.lambda$executeRecursively$9(NodeTestTask.java:139)
	at org.junit.platform.engine.support.hierarchical.ThrowableCollector.execute(ThrowableCollector.java:73)
	at org.junit.platform.engine.support.hierarchical.NodeTestTask.executeRecursively(NodeTestTask.java:138)
	at org.junit.platform.engine.support.hierarchical.NodeTestTask.execute(NodeTestTask.java:95)
	at org.junit.platform.engine.support.hierarchical.SameThreadHierarchicalTestExecutorService.submit(SameThreadHierarchicalTestExecutorService.java:35)
	at org.junit.platform.engine.support.hierarchical.HierarchicalTestExecutor.execute(HierarchicalTestExecutor.java:57)
	at org.junit.platform.engine.support.hierarchical.HierarchicalTestEngine.execute(HierarchicalTestEngine.java:54)
	at org.junit.platform.launcher.core.EngineExecutionOrchestrator.execute(EngineExecutionOrchestrator.java:107)
	at org.junit.platform.launcher.core.EngineExecutionOrchestrator.execute(EngineExecutionOrchestrator.java:88)
	at org.junit.platform.launcher.core.EngineExecutionOrchestrator.lambda$execute$0(EngineExecutionOrchestrator.java:54)
	at org.junit.platform.launcher.core.EngineExecutionOrchestrator.withInterceptedStreams(EngineExecutionOrchestrator.java:67)
	at org.junit.platform.launcher.core.EngineExecutionOrchestrator.execute(EngineExecutionOrchestrator.java:52)
	at org.junit.platform.launcher.core.DefaultLauncher.execute(DefaultLauncher.java:114)
	at org.junit.platform.launcher.core.DefaultLauncher.execute(DefaultLauncher.java:86)
	at org.junit.platform.launcher.core.DefaultLauncherSession$DelegatingLauncher.execute(DefaultLauncherSession.java:86)
	at org.gradle.api.internal.tasks.testing.junitplatform.JUnitPlatformTestClassProcessor$CollectAllTestClassesExecutor.processAllTestClasses(JUnitPlatformTestClassProcessor.java:124)
	at org.gradle.api.internal.tasks.testing.junitplatform.JUnitPlatformTestClassProcessor$CollectAllTestClassesExecutor.access$000(JUnitPlatformTestClassProcessor.java:99)
	at org.gradle.api.internal.tasks.testing.junitplatform.JUnitPlatformTestClassProcessor.stop(JUnitPlatformTestClassProcessor.java:94)
	at org.gradle.api.internal.tasks.testing.SuiteTestClassProcessor.stop(SuiteTestClassProcessor.java:63)
	at java.base/jdk.internal.reflect.DirectMethodHandleAccessor.invoke(DirectMethodHandleAccessor.java:103)
	at java.base/java.lang.reflect.Method.invoke(Method.java:580)
	at org.gradle.internal.dispatch.ReflectionDispatch.dispatch(ReflectionDispatch.java:36)
	at org.gradle.internal.dispatch.ReflectionDispatch.dispatch(ReflectionDispatch.java:24)
	at org.gradle.internal.dispatch.ContextClassLoaderDispatch.dispatch(ContextClassLoaderDispatch.java:33)
	at org.gradle.internal.dispatch.ProxyDispatchAdapter$DispatchingInvocationHandler.invoke(ProxyDispatchAdapter.java:92)
	at jdk.proxy1/jdk.proxy1.$Proxy4.stop(Unknown Source)
	at org.gradle.api.internal.tasks.testing.worker.TestWorker$3.run(TestWorker.java:200)
	at org.gradle.api.internal.tasks.testing.worker.TestWorker.executeAndMaintainThreadName(TestWorker.java:132)
	at org.gradle.api.internal.tasks.testing.worker.TestWorker.execute(TestWorker.java:103)
	at org.gradle.api.internal.tasks.testing.worker.TestWorker.execute(TestWorker.java:63)
	at org.gradle.process.internal.worker.child.ActionExecutionWorker.execute(ActionExecutionWorker.java:56)
	at org.gradle.process.internal.worker.child.SystemApplicationClassLoaderWorker.call(SystemApplicationClassLoaderWorker.java:122)
	at org.gradle.process.internal.worker.child.SystemApplicationClassLoaderWorker.call(SystemApplicationClassLoaderWorker.java:72)
	at worker.org.gradle.process.internal.worker.GradleWorkerMain.run(GradleWorkerMain.java:69)
	at worker.org.gradle.process.internal.worker.GradleWorkerMain.main(GradleWorkerMain.java:74)
20:09:35.255 [Test worker] WARN  GenericWebApplicationContext - Exception encountered during context initialization - cancelling refresh attempt: org.springframework.beans.factory.BeanCreationException: Error creating bean with name 'hikariDataSource' defined in class path resource [com/imchobo/jsr_stringboot/config/DBConfig.class]: Bean instantiation via factory method failed; nested exception is org.springframework.beans.BeanInstantiationException: Failed to instantiate [com.zaxxer.hikari.HikariDataSource]: Factory method 'hikariDataSource' threw exception; nested exception is com.zaxxer.hikari.pool.HikariPool$PoolInitializationException: Failed to initialize pool: (conn=1461) Access denied for user 'sample'@'61.75.21.155' (using password: YES)
20:09:35.283 [Test worker] INFO  ConditionEvaluationReportLoggingListener - 

Error starting ApplicationContext. To display the conditions report re-run your application with 'debug' enabled.
20:09:35.313 [Test worker] ERROR SpringApplication - Application run failed
org.springframework.beans.factory.BeanCreationException: Error creating bean with name 'hikariDataSource' defined in class path resource [com/imchobo/jsr_stringboot/config/DBConfig.class]: Bean instantiation via factory method failed; nested exception is org.springframework.beans.BeanInstantiationException: Failed to instantiate [com.zaxxer.hikari.HikariDataSource]: Factory method 'hikariDataSource' threw exception; nested exception is com.zaxxer.hikari.pool.HikariPool$PoolInitializationException: Failed to initialize pool: (conn=1461) Access denied for user 'sample'@'61.75.21.155' (using password: YES)
	at org.springframework.beans.factory.support.ConstructorResolver.instantiate(ConstructorResolver.java:653)
	at org.springframework.beans.factory.support.ConstructorResolver.instantiateUsingFactoryMethod(ConstructorResolver.java:481)
	at org.springframework.beans.factory.support.AbstractAutowireCapableBeanFactory.instantiateUsingFactoryMethod(AbstractAutowireCapableBeanFactory.java:1352)
	at org.springframework.beans.factory.support.AbstractAutowireCapableBeanFactory.createBeanInstance(AbstractAutowireCapableBeanFactory.java:1195)
	at org.springframework.beans.factory.support.AbstractAutowireCapableBeanFactory.doCreateBean(AbstractAutowireCapableBeanFactory.java:582)
	at org.springframework.beans.factory.support.AbstractAutowireCapableBeanFactory.createBean(AbstractAutowireCapableBeanFactory.java:542)
	at org.springframework.beans.factory.support.AbstractBeanFactory.lambda$doGetBean$0(AbstractBeanFactory.java:335)
	at org.springframework.beans.factory.support.DefaultSingletonBeanRegistry.getSingleton(DefaultSingletonBeanRegistry.java:234)
	at org.springframework.beans.factory.support.AbstractBeanFactory.doGetBean(AbstractBeanFactory.java:333)
	at org.springframework.beans.factory.support.AbstractBeanFactory.getBean(AbstractBeanFactory.java:208)
	at org.springframework.beans.factory.support.DefaultListableBeanFactory.preInstantiateSingletons(DefaultListableBeanFactory.java:955)
	at org.springframework.context.support.AbstractApplicationContext.finishBeanFactoryInitialization(AbstractApplicationContext.java:929)
	at org.springframework.context.support.AbstractApplicationContext.refresh(AbstractApplicationContext.java:591)
	at org.springframework.boot.SpringApplication.refresh(SpringApplication.java:732)
	at org.springframework.boot.SpringApplication.refreshContext(SpringApplication.java:409)
	at org.springframework.boot.SpringApplication.run(SpringApplication.java:308)
	at org.springframework.boot.test.context.SpringBootContextLoader.loadContext(SpringBootContextLoader.java:136)
	at org.springframework.test.context.cache.DefaultCacheAwareContextLoaderDelegate.loadContextInternal(DefaultCacheAwareContextLoaderDelegate.java:141)
	at org.springframework.test.context.cache.DefaultCacheAwareContextLoaderDelegate.loadContext(DefaultCacheAwareContextLoaderDelegate.java:90)
	at org.springframework.test.context.support.DefaultTestContext.getApplicationContext(DefaultTestContext.java:124)
	at org.springframework.test.context.web.ServletTestExecutionListener.setUpRequestContextIfNecessary(ServletTestExecutionListener.java:190)
	at org.springframework.test.context.web.ServletTestExecutionListener.prepareTestInstance(ServletTestExecutionListener.java:132)
	at org.springframework.test.context.TestContextManager.prepareTestInstance(TestContextManager.java:248)
	at org.springframework.test.context.junit.jupiter.SpringExtension.postProcessTestInstance(SpringExtension.java:138)
	at org.junit.jupiter.engine.descriptor.ClassBasedTestDescriptor.lambda$invokeTestInstancePostProcessors$8(ClassBasedTestDescriptor.java:363)
	at org.junit.jupiter.engine.descriptor.ClassBasedTestDescriptor.executeAndMaskThrowable(ClassBasedTestDescriptor.java:368)
	at org.junit.jupiter.engine.descriptor.ClassBasedTestDescriptor.lambda$invokeTestInstancePostProcessors$9(ClassBasedTestDescriptor.java:363)
	at java.base/java.util.stream.ReferencePipeline$3$1.accept(ReferencePipeline.java:197)
	at java.base/java.util.stream.ReferencePipeline$2$1.accept(ReferencePipeline.java:179)
	at java.base/java.util.ArrayList$ArrayListSpliterator.forEachRemaining(ArrayList.java:1708)
	at java.base/java.util.stream.AbstractPipeline.copyInto(AbstractPipeline.java:509)
	at java.base/java.util.stream.AbstractPipeline.wrapAndCopyInto(AbstractPipeline.java:499)
	at java.base/java.util.stream.StreamSpliterators$WrappingSpliterator.forEachRemaining(StreamSpliterators.java:310)
	at java.base/java.util.stream.Streams$ConcatSpliterator.forEachRemaining(Streams.java:735)
	at java.base/java.util.stream.Streams$ConcatSpliterator.forEachRemaining(Streams.java:734)
	at java.base/java.util.stream.ReferencePipeline$Head.forEach(ReferencePipeline.java:762)
	at org.junit.jupiter.engine.descriptor.ClassBasedTestDescriptor.invokeTestInstancePostProcessors(ClassBasedTestDescriptor.java:362)
	at org.junit.jupiter.engine.descriptor.ClassBasedTestDescriptor.lambda$instantiateAndPostProcessTestInstance$6(ClassBasedTestDescriptor.java:283)
	at org.junit.platform.engine.support.hierarchical.ThrowableCollector.execute(ThrowableCollector.java:73)
	at org.junit.jupiter.engine.descriptor.ClassBasedTestDescriptor.instantiateAndPostProcessTestInstance(ClassBasedTestDescriptor.java:282)
	at org.junit.jupiter.engine.descriptor.ClassBasedTestDescriptor.lambda$testInstancesProvider$4(ClassBasedTestDescriptor.java:272)
	at java.base/java.util.Optional.orElseGet(Optional.java:364)
	at org.junit.jupiter.engine.descriptor.ClassBasedTestDescriptor.lambda$testInstancesProvider$5(ClassBasedTestDescriptor.java:271)
	at org.junit.jupiter.engine.execution.TestInstancesProvider.getTestInstances(TestInstancesProvider.java:31)
	at org.junit.jupiter.engine.descriptor.TestMethodTestDescriptor.lambda$prepare$0(TestMethodTestDescriptor.java:102)
	at org.junit.platform.engine.support.hierarchical.ThrowableCollector.execute(ThrowableCollector.java:73)
	at org.junit.jupiter.engine.descriptor.TestMethodTestDescriptor.prepare(TestMethodTestDescriptor.java:101)
	at org.junit.jupiter.engine.descriptor.TestMethodTestDescriptor.prepare(TestMethodTestDescriptor.java:66)
	at org.junit.platform.engine.support.hierarchical.NodeTestTask.lambda$prepare$2(NodeTestTask.java:123)
	at org.junit.platform.engine.support.hierarchical.ThrowableCollector.execute(ThrowableCollector.java:73)
	at org.junit.platform.engine.support.hierarchical.NodeTestTask.prepare(NodeTestTask.java:123)
	at org.junit.platform.engine.support.hierarchical.NodeTestTask.execute(NodeTestTask.java:90)
	at java.base/java.util.ArrayList.forEach(ArrayList.java:1596)
	at org.junit.platform.engine.support.hierarchical.SameThreadHierarchicalTestExecutorService.invokeAll(SameThreadHierarchicalTestExecutorService.java:41)
	at org.junit.platform.engine.support.hierarchical.NodeTestTask.lambda$executeRecursively$6(NodeTestTask.java:155)
	at org.junit.platform.engine.support.hierarchical.ThrowableCollector.execute(ThrowableCollector.java:73)
	at org.junit.platform.engine.support.hierarchical.NodeTestTask.lambda$executeRecursively$8(NodeTestTask.java:141)
	at org.junit.platform.engine.support.hierarchical.Node.around(Node.java:137)
	at org.junit.platform.engine.support.hierarchical.NodeTestTask.lambda$executeRecursively$9(NodeTestTask.java:139)
	at org.junit.platform.engine.support.hierarchical.ThrowableCollector.execute(ThrowableCollector.java:73)
	at org.junit.platform.engine.support.hierarchical.NodeTestTask.executeRecursively(NodeTestTask.java:138)
	at org.junit.platform.engine.support.hierarchical.NodeTestTask.execute(NodeTestTask.java:95)
	at java.base/java.util.ArrayList.forEach(ArrayList.java:1596)
	at org.junit.platform.engine.support.hierarchical.SameThreadHierarchicalTestExecutorService.invokeAll(SameThreadHierarchicalTestExecutorService.java:41)
	at org.junit.platform.engine.support.hierarchical.NodeTestTask.lambda$executeRecursively$6(NodeTestTask.java:155)
	at org.junit.platform.engine.support.hierarchical.ThrowableCollector.execute(ThrowableCollector.java:73)
	at org.junit.platform.engine.support.hierarchical.NodeTestTask.lambda$executeRecursively$8(NodeTestTask.java:141)
	at org.junit.platform.engine.support.hierarchical.Node.around(Node.java:137)
	at org.junit.platform.engine.support.hierarchical.NodeTestTask.lambda$executeRecursively$9(NodeTestTask.java:139)
	at org.junit.platform.engine.support.hierarchical.ThrowableCollector.execute(ThrowableCollector.java:73)
	at org.junit.platform.engine.support.hierarchical.NodeTestTask.executeRecursively(NodeTestTask.java:138)
	at org.junit.platform.engine.support.hierarchical.NodeTestTask.execute(NodeTestTask.java:95)
	at org.junit.platform.engine.support.hierarchical.SameThreadHierarchicalTestExecutorService.submit(SameThreadHierarchicalTestExecutorService.java:35)
	at org.junit.platform.engine.support.hierarchical.HierarchicalTestExecutor.execute(HierarchicalTestExecutor.java:57)
	at org.junit.platform.engine.support.hierarchical.HierarchicalTestEngine.execute(HierarchicalTestEngine.java:54)
	at org.junit.platform.launcher.core.EngineExecutionOrchestrator.execute(EngineExecutionOrchestrator.java:107)
	at org.junit.platform.launcher.core.EngineExecutionOrchestrator.execute(EngineExecutionOrchestrator.java:88)
	at org.junit.platform.launcher.core.EngineExecutionOrchestrator.lambda$execute$0(EngineExecutionOrchestrator.java:54)
	at org.junit.platform.launcher.core.EngineExecutionOrchestrator.withInterceptedStreams(EngineExecutionOrchestrator.java:67)
	at org.junit.platform.launcher.core.EngineExecutionOrchestrator.execute(EngineExecutionOrchestrator.java:52)
	at org.junit.platform.launcher.core.DefaultLauncher.execute(DefaultLauncher.java:114)
	at org.junit.platform.launcher.core.DefaultLauncher.execute(DefaultLauncher.java:86)
	at org.junit.platform.launcher.core.DefaultLauncherSession$DelegatingLauncher.execute(DefaultLauncherSession.java:86)
	at org.gradle.api.internal.tasks.testing.junitplatform.JUnitPlatformTestClassProcessor$CollectAllTestClassesExecutor.processAllTestClasses(JUnitPlatformTestClassProcessor.java:124)
	at org.gradle.api.internal.tasks.testing.junitplatform.JUnitPlatformTestClassProcessor$CollectAllTestClassesExecutor.access$000(JUnitPlatformTestClassProcessor.java:99)
	at org.gradle.api.internal.tasks.testing.junitplatform.JUnitPlatformTestClassProcessor.stop(JUnitPlatformTestClassProcessor.java:94)
	at org.gradle.api.internal.tasks.testing.SuiteTestClassProcessor.stop(SuiteTestClassProcessor.java:63)
	at java.base/jdk.internal.reflect.DirectMethodHandleAccessor.invoke(DirectMethodHandleAccessor.java:103)
	at java.base/java.lang.reflect.Method.invoke(Method.java:580)
	at org.gradle.internal.dispatch.ReflectionDispatch.dispatch(ReflectionDispatch.java:36)
	at org.gradle.internal.dispatch.ReflectionDispatch.dispatch(ReflectionDispatch.java:24)
	at org.gradle.internal.dispatch.ContextClassLoaderDispatch.dispatch(ContextClassLoaderDispatch.java:33)
	at org.gradle.internal.dispatch.ProxyDispatchAdapter$DispatchingInvocationHandler.invoke(ProxyDispatchAdapter.java:92)
	at jdk.proxy1/jdk.proxy1.$Proxy4.stop(Unknown Source)
	at org.gradle.api.internal.tasks.testing.worker.TestWorker$3.run(TestWorker.java:200)
	at org.gradle.api.internal.tasks.testing.worker.TestWorker.executeAndMaintainThreadName(TestWorker.java:132)
	at org.gradle.api.internal.tasks.testing.worker.TestWorker.execute(TestWorker.java:103)
	at org.gradle.api.internal.tasks.testing.worker.TestWorker.execute(TestWorker.java:63)
	at org.gradle.process.internal.worker.child.ActionExecutionWorker.execute(ActionExecutionWorker.java:56)
	at org.gradle.process.internal.worker.child.SystemApplicationClassLoaderWorker.call(SystemApplicationClassLoaderWorker.java:122)
	at org.gradle.process.internal.worker.child.SystemApplicationClassLoaderWorker.call(SystemApplicationClassLoaderWorker.java:72)
	at worker.org.gradle.process.internal.worker.GradleWorkerMain.run(GradleWorkerMain.java:69)
	at worker.org.gradle.process.internal.worker.GradleWorkerMain.main(GradleWorkerMain.java:74)
Caused by: org.springframework.beans.BeanInstantiationException: Failed to instantiate [com.zaxxer.hikari.HikariDataSource]: Factory method 'hikariDataSource' threw exception; nested exception is com.zaxxer.hikari.pool.HikariPool$PoolInitializationException: Failed to initialize pool: (conn=1461) Access denied for user 'sample'@'61.75.21.155' (using password: YES)
	at org.springframework.beans.factory.support.SimpleInstantiationStrategy.instantiate(SimpleInstantiationStrategy.java:185)
	at org.springframework.beans.factory.support.ConstructorResolver.instantiate(ConstructorResolver.java:648)
	... 102 common frames omitted
Caused by: com.zaxxer.hikari.pool.HikariPool$PoolInitializationException: Failed to initialize pool: (conn=1461) Access denied for user 'sample'@'61.75.21.155' (using password: YES)
	at com.zaxxer.hikari.pool.HikariPool.throwPoolInitializationException(HikariPool.java:596)
	at com.zaxxer.hikari.pool.HikariPool.checkFailFast(HikariPool.java:582)
	at com.zaxxer.hikari.pool.HikariPool.<init>(HikariPool.java:115)
	at com.zaxxer.hikari.HikariDataSource.<init>(HikariDataSource.java:81)
	at com.imchobo.jsr_stringboot.config.DBConfig.hikariDataSource(DBConfig.java:19)
	at com.imchobo.jsr_stringboot.config.DBConfig$$EnhancerBySpringCGLIB$$715e3c09.CGLIB$hikariDataSource$1(<generated>)
	at com.imchobo.jsr_stringboot.config.DBConfig$$EnhancerBySpringCGLIB$$715e3c09$$FastClassBySpringCGLIB$$8fd56d7d.invoke(<generated>)
	at org.springframework.cglib.proxy.MethodProxy.invokeSuper(MethodProxy.java:244)
	at org.springframework.context.annotation.ConfigurationClassEnhancer$BeanMethodInterceptor.intercept(ConfigurationClassEnhancer.java:331)
	at com.imchobo.jsr_stringboot.config.DBConfig$$EnhancerBySpringCGLIB$$715e3c09.hikariDataSource(<generated>)
	at java.base/jdk.internal.reflect.DirectMethodHandleAccessor.invoke(DirectMethodHandleAccessor.java:103)
	at java.base/java.lang.reflect.Method.invoke(Method.java:580)
	at org.springframework.beans.factory.support.SimpleInstantiationStrategy.instantiate(SimpleInstantiationStrategy.java:154)
	... 103 common frames omitted
Caused by: java.sql.SQLInvalidAuthorizationSpecException: (conn=1461) Access denied for user 'sample'@'61.75.21.155' (using password: YES)
	at org.mariadb.jdbc.export.ExceptionFactory.createException(ExceptionFactory.java:286)
	at org.mariadb.jdbc.export.ExceptionFactory.create(ExceptionFactory.java:370)
	at org.mariadb.jdbc.client.impl.ConnectionHelper.authenticationHandler(ConnectionHelper.java:287)
	at org.mariadb.jdbc.client.impl.StandardClient.<init>(StandardClient.java:185)
	at org.mariadb.jdbc.Driver.connect(Driver.java:70)
	at org.mariadb.jdbc.Driver.connect(Driver.java:101)
	at org.mariadb.jdbc.Driver.connect(Driver.java:27)
	at net.sf.log4jdbc.sql.jdbcapi.DriverSpy.connect(DriverSpy.java:401)
	at com.zaxxer.hikari.util.DriverDataSource.getConnection(DriverDataSource.java:138)
	at com.zaxxer.hikari.pool.PoolBase.newConnection(PoolBase.java:364)
	at com.zaxxer.hikari.pool.PoolBase.newPoolEntry(PoolBase.java:206)
	at com.zaxxer.hikari.pool.HikariPool.createPoolEntry(HikariPool.java:476)
	at com.zaxxer.hikari.pool.HikariPool.checkFailFast(HikariPool.java:561)
	... 114 common frames omitted
20:09:35.318 [Test worker] ERROR TestContextManager - Caught exception while allowing TestExecutionListener [org.springframework.test.context.web.ServletTestExecutionListener@3add81c4] to prepare test instance [com.imchobo.jsr_stringboot.mapper.StudentMapperTest@64b70f41]
java.lang.IllegalStateException: Failed to load ApplicationContext
	at org.springframework.test.context.cache.DefaultCacheAwareContextLoaderDelegate.loadContext(DefaultCacheAwareContextLoaderDelegate.java:98)
	at org.springframework.test.context.support.DefaultTestContext.getApplicationContext(DefaultTestContext.java:124)
	at org.springframework.test.context.web.ServletTestExecutionListener.setUpRequestContextIfNecessary(ServletTestExecutionListener.java:190)
	at org.springframework.test.context.web.ServletTestExecutionListener.prepareTestInstance(ServletTestExecutionListener.java:132)
	at org.springframework.test.context.TestContextManager.prepareTestInstance(TestContextManager.java:248)
	at org.springframework.test.context.junit.jupiter.SpringExtension.postProcessTestInstance(SpringExtension.java:138)
	at org.junit.jupiter.engine.descriptor.ClassBasedTestDescriptor.lambda$invokeTestInstancePostProcessors$8(ClassBasedTestDescriptor.java:363)
	at org.junit.jupiter.engine.descriptor.ClassBasedTestDescriptor.executeAndMaskThrowable(ClassBasedTestDescriptor.java:368)
	at org.junit.jupiter.engine.descriptor.ClassBasedTestDescriptor.lambda$invokeTestInstancePostProcessors$9(ClassBasedTestDescriptor.java:363)
	at java.base/java.util.stream.ReferencePipeline$3$1.accept(ReferencePipeline.java:197)
	at java.base/java.util.stream.ReferencePipeline$2$1.accept(ReferencePipeline.java:179)
	at java.base/java.util.ArrayList$ArrayListSpliterator.forEachRemaining(ArrayList.java:1708)
	at java.base/java.util.stream.AbstractPipeline.copyInto(AbstractPipeline.java:509)
	at java.base/java.util.stream.AbstractPipeline.wrapAndCopyInto(AbstractPipeline.java:499)
	at java.base/java.util.stream.StreamSpliterators$WrappingSpliterator.forEachRemaining(StreamSpliterators.java:310)
	at java.base/java.util.stream.Streams$ConcatSpliterator.forEachRemaining(Streams.java:735)
	at java.base/java.util.stream.Streams$ConcatSpliterator.forEachRemaining(Streams.java:734)
	at java.base/java.util.stream.ReferencePipeline$Head.forEach(ReferencePipeline.java:762)
	at org.junit.jupiter.engine.descriptor.ClassBasedTestDescriptor.invokeTestInstancePostProcessors(ClassBasedTestDescriptor.java:362)
	at org.junit.jupiter.engine.descriptor.ClassBasedTestDescriptor.lambda$instantiateAndPostProcessTestInstance$6(ClassBasedTestDescriptor.java:283)
	at org.junit.platform.engine.support.hierarchical.ThrowableCollector.execute(ThrowableCollector.java:73)
	at org.junit.jupiter.engine.descriptor.ClassBasedTestDescriptor.instantiateAndPostProcessTestInstance(ClassBasedTestDescriptor.java:282)
	at org.junit.jupiter.engine.descriptor.ClassBasedTestDescriptor.lambda$testInstancesProvider$4(ClassBasedTestDescriptor.java:272)
	at java.base/java.util.Optional.orElseGet(Optional.java:364)
	at org.junit.jupiter.engine.descriptor.ClassBasedTestDescriptor.lambda$testInstancesProvider$5(ClassBasedTestDescriptor.java:271)
	at org.junit.jupiter.engine.execution.TestInstancesProvider.getTestInstances(TestInstancesProvider.java:31)
	at org.junit.jupiter.engine.descriptor.TestMethodTestDescriptor.lambda$prepare$0(TestMethodTestDescriptor.java:102)
	at org.junit.platform.engine.support.hierarchical.ThrowableCollector.execute(ThrowableCollector.java:73)
	at org.junit.jupiter.engine.descriptor.TestMethodTestDescriptor.prepare(TestMethodTestDescriptor.java:101)
	at org.junit.jupiter.engine.descriptor.TestMethodTestDescriptor.prepare(TestMethodTestDescriptor.java:66)
	at org.junit.platform.engine.support.hierarchical.NodeTestTask.lambda$prepare$2(NodeTestTask.java:123)
	at org.junit.platform.engine.support.hierarchical.ThrowableCollector.execute(ThrowableCollector.java:73)
	at org.junit.platform.engine.support.hierarchical.NodeTestTask.prepare(NodeTestTask.java:123)
	at org.junit.platform.engine.support.hierarchical.NodeTestTask.execute(NodeTestTask.java:90)
	at java.base/java.util.ArrayList.forEach(ArrayList.java:1596)
	at org.junit.platform.engine.support.hierarchical.SameThreadHierarchicalTestExecutorService.invokeAll(SameThreadHierarchicalTestExecutorService.java:41)
	at org.junit.platform.engine.support.hierarchical.NodeTestTask.lambda$executeRecursively$6(NodeTestTask.java:155)
	at org.junit.platform.engine.support.hierarchical.ThrowableCollector.execute(ThrowableCollector.java:73)
	at org.junit.platform.engine.support.hierarchical.NodeTestTask.lambda$executeRecursively$8(NodeTestTask.java:141)
	at org.junit.platform.engine.support.hierarchical.Node.around(Node.java:137)
	at org.junit.platform.engine.support.hierarchical.NodeTestTask.lambda$executeRecursively$9(NodeTestTask.java:139)
	at org.junit.platform.engine.support.hierarchical.ThrowableCollector.execute(ThrowableCollector.java:73)
	at org.junit.platform.engine.support.hierarchical.NodeTestTask.executeRecursively(NodeTestTask.java:138)
	at org.junit.platform.engine.support.hierarchical.NodeTestTask.execute(NodeTestTask.java:95)
	at java.base/java.util.ArrayList.forEach(ArrayList.java:1596)
	at org.junit.platform.engine.support.hierarchical.SameThreadHierarchicalTestExecutorService.invokeAll(SameThreadHierarchicalTestExecutorService.java:41)
	at org.junit.platform.engine.support.hierarchical.NodeTestTask.lambda$executeRecursively$6(NodeTestTask.java:155)
	at org.junit.platform.engine.support.hierarchical.ThrowableCollector.execute(ThrowableCollector.java:73)
	at org.junit.platform.engine.support.hierarchical.NodeTestTask.lambda$executeRecursively$8(NodeTestTask.java:141)
	at org.junit.platform.engine.support.hierarchical.Node.around(Node.java:137)
	at org.junit.platform.engine.support.hierarchical.NodeTestTask.lambda$executeRecursively$9(NodeTestTask.java:139)
	at org.junit.platform.engine.support.hierarchical.ThrowableCollector.execute(ThrowableCollector.java:73)
	at org.junit.platform.engine.support.hierarchical.NodeTestTask.executeRecursively(NodeTestTask.java:138)
	at org.junit.platform.engine.support.hierarchical.NodeTestTask.execute(NodeTestTask.java:95)
	at org.junit.platform.engine.support.hierarchical.SameThreadHierarchicalTestExecutorService.submit(SameThreadHierarchicalTestExecutorService.java:35)
	at org.junit.platform.engine.support.hierarchical.HierarchicalTestExecutor.execute(HierarchicalTestExecutor.java:57)
	at org.junit.platform.engine.support.hierarchical.HierarchicalTestEngine.execute(HierarchicalTestEngine.java:54)
	at org.junit.platform.launcher.core.EngineExecutionOrchestrator.execute(EngineExecutionOrchestrator.java:107)
	at org.junit.platform.launcher.core.EngineExecutionOrchestrator.execute(EngineExecutionOrchestrator.java:88)
	at org.junit.platform.launcher.core.EngineExecutionOrchestrator.lambda$execute$0(EngineExecutionOrchestrator.java:54)
	at org.junit.platform.launcher.core.EngineExecutionOrchestrator.withInterceptedStreams(EngineExecutionOrchestrator.java:67)
	at org.junit.platform.launcher.core.EngineExecutionOrchestrator.execute(EngineExecutionOrchestrator.java:52)
	at org.junit.platform.launcher.core.DefaultLauncher.execute(DefaultLauncher.java:114)
	at org.junit.platform.launcher.core.DefaultLauncher.execute(DefaultLauncher.java:86)
	at org.junit.platform.launcher.core.DefaultLauncherSession$DelegatingLauncher.execute(DefaultLauncherSession.java:86)
	at org.gradle.api.internal.tasks.testing.junitplatform.JUnitPlatformTestClassProcessor$CollectAllTestClassesExecutor.processAllTestClasses(JUnitPlatformTestClassProcessor.java:124)
	at org.gradle.api.internal.tasks.testing.junitplatform.JUnitPlatformTestClassProcessor$CollectAllTestClassesExecutor.access$000(JUnitPlatformTestClassProcessor.java:99)
	at org.gradle.api.internal.tasks.testing.junitplatform.JUnitPlatformTestClassProcessor.stop(JUnitPlatformTestClassProcessor.java:94)
	at org.gradle.api.internal.tasks.testing.SuiteTestClassProcessor.stop(SuiteTestClassProcessor.java:63)
	at java.base/jdk.internal.reflect.DirectMethodHandleAccessor.invoke(DirectMethodHandleAccessor.java:103)
	at java.base/java.lang.reflect.Method.invoke(Method.java:580)
	at org.gradle.internal.dispatch.ReflectionDispatch.dispatch(ReflectionDispatch.java:36)
	at org.gradle.internal.dispatch.ReflectionDispatch.dispatch(ReflectionDispatch.java:24)
	at org.gradle.internal.dispatch.ContextClassLoaderDispatch.dispatch(ContextClassLoaderDispatch.java:33)
	at org.gradle.internal.dispatch.ProxyDispatchAdapter$DispatchingInvocationHandler.invoke(ProxyDispatchAdapter.java:92)
	at jdk.proxy1/jdk.proxy1.$Proxy4.stop(Unknown Source)
	at org.gradle.api.internal.tasks.testing.worker.TestWorker$3.run(TestWorker.java:200)
	at org.gradle.api.internal.tasks.testing.worker.TestWorker.executeAndMaintainThreadName(TestWorker.java:132)
	at org.gradle.api.internal.tasks.testing.worker.TestWorker.execute(TestWorker.java:103)
	at org.gradle.api.internal.tasks.testing.worker.TestWorker.execute(TestWorker.java:63)
	at org.gradle.process.internal.worker.child.ActionExecutionWorker.execute(ActionExecutionWorker.java:56)
	at org.gradle.process.internal.worker.child.SystemApplicationClassLoaderWorker.call(SystemApplicationClassLoaderWorker.java:122)
	at org.gradle.process.internal.worker.child.SystemApplicationClassLoaderWorker.call(SystemApplicationClassLoaderWorker.java:72)
	at worker.org.gradle.process.internal.worker.GradleWorkerMain.run(GradleWorkerMain.java:69)
	at worker.org.gradle.process.internal.worker.GradleWorkerMain.main(GradleWorkerMain.java:74)
Caused by: org.springframework.beans.factory.BeanCreationException: Error creating bean with name 'hikariDataSource' defined in class path resource [com/imchobo/jsr_stringboot/config/DBConfig.class]: Bean instantiation via factory method failed; nested exception is org.springframework.beans.BeanInstantiationException: Failed to instantiate [com.zaxxer.hikari.HikariDataSource]: Factory method 'hikariDataSource' threw exception; nested exception is com.zaxxer.hikari.pool.HikariPool$PoolInitializationException: Failed to initialize pool: (conn=1461) Access denied for user 'sample'@'61.75.21.155' (using password: YES)
	at org.springframework.beans.factory.support.ConstructorResolver.instantiate(ConstructorResolver.java:653)
	at org.springframework.beans.factory.support.ConstructorResolver.instantiateUsingFactoryMethod(ConstructorResolver.java:481)
	at org.springframework.beans.factory.support.AbstractAutowireCapableBeanFactory.instantiateUsingFactoryMethod(AbstractAutowireCapableBeanFactory.java:1352)
	at org.springframework.beans.factory.support.AbstractAutowireCapableBeanFactory.createBeanInstance(AbstractAutowireCapableBeanFactory.java:1195)
	at org.springframework.beans.factory.support.AbstractAutowireCapableBeanFactory.doCreateBean(AbstractAutowireCapableBeanFactory.java:582)
	at org.springframework.beans.factory.support.AbstractAutowireCapableBeanFactory.createBean(AbstractAutowireCapableBeanFactory.java:542)
	at org.springframework.beans.factory.support.AbstractBeanFactory.lambda$doGetBean$0(AbstractBeanFactory.java:335)
	at org.springframework.beans.factory.support.DefaultSingletonBeanRegistry.getSingleton(DefaultSingletonBeanRegistry.java:234)
	at org.springframework.beans.factory.support.AbstractBeanFactory.doGetBean(AbstractBeanFactory.java:333)
	at org.springframework.beans.factory.support.AbstractBeanFactory.getBean(AbstractBeanFactory.java:208)
	at org.springframework.beans.factory.support.DefaultListableBeanFactory.preInstantiateSingletons(DefaultListableBeanFactory.java:955)
	at org.springframework.context.support.AbstractApplicationContext.finishBeanFactoryInitialization(AbstractApplicationContext.java:929)
	at org.springframework.context.support.AbstractApplicationContext.refresh(AbstractApplicationContext.java:591)
	at org.springframework.boot.SpringApplication.refresh(SpringApplication.java:732)
	at org.springframework.boot.SpringApplication.refreshContext(SpringApplication.java:409)
	at org.springframework.boot.SpringApplication.run(SpringApplication.java:308)
	at org.springframework.boot.test.context.SpringBootContextLoader.loadContext(SpringBootContextLoader.java:136)
	at org.springframework.test.context.cache.DefaultCacheAwareContextLoaderDelegate.loadContextInternal(DefaultCacheAwareContextLoaderDelegate.java:141)
	at org.springframework.test.context.cache.DefaultCacheAwareContextLoaderDelegate.loadContext(DefaultCacheAwareContextLoaderDelegate.java:90)
	... 84 common frames omitted
Caused by: org.springframework.beans.BeanInstantiationException: Failed to instantiate [com.zaxxer.hikari.HikariDataSource]: Factory method 'hikariDataSource' threw exception; nested exception is com.zaxxer.hikari.pool.HikariPool$PoolInitializationException: Failed to initialize pool: (conn=1461) Access denied for user 'sample'@'61.75.21.155' (using password: YES)
	at org.springframework.beans.factory.support.SimpleInstantiationStrategy.instantiate(SimpleInstantiationStrategy.java:185)
	at org.springframework.beans.factory.support.ConstructorResolver.instantiate(ConstructorResolver.java:648)
	... 102 common frames omitted
Caused by: com.zaxxer.hikari.pool.HikariPool$PoolInitializationException: Failed to initialize pool: (conn=1461) Access denied for user 'sample'@'61.75.21.155' (using password: YES)
	at com.zaxxer.hikari.pool.HikariPool.throwPoolInitializationException(HikariPool.java:596)
	at com.zaxxer.hikari.pool.HikariPool.checkFailFast(HikariPool.java:582)
	at com.zaxxer.hikari.pool.HikariPool.<init>(HikariPool.java:115)
	at com.zaxxer.hikari.HikariDataSource.<init>(HikariDataSource.java:81)
	at com.imchobo.jsr_stringboot.config.DBConfig.hikariDataSource(DBConfig.java:19)
	at com.imchobo.jsr_stringboot.config.DBConfig$$EnhancerBySpringCGLIB$$715e3c09.CGLIB$hikariDataSource$1(<generated>)
	at com.imchobo.jsr_stringboot.config.DBConfig$$EnhancerBySpringCGLIB$$715e3c09$$FastClassBySpringCGLIB$$8fd56d7d.invoke(<generated>)
	at org.springframework.cglib.proxy.MethodProxy.invokeSuper(MethodProxy.java:244)
	at org.springframework.context.annotation.ConfigurationClassEnhancer$BeanMethodInterceptor.intercept(ConfigurationClassEnhancer.java:331)
	at com.imchobo.jsr_stringboot.config.DBConfig$$EnhancerBySpringCGLIB$$715e3c09.hikariDataSource(<generated>)
	at java.base/jdk.internal.reflect.DirectMethodHandleAccessor.invoke(DirectMethodHandleAccessor.java:103)
	at java.base/java.lang.reflect.Method.invoke(Method.java:580)
	at org.springframework.beans.factory.support.SimpleInstantiationStrategy.instantiate(SimpleInstantiationStrategy.java:154)
	... 103 common frames omitted
Caused by: java.sql.SQLInvalidAuthorizationSpecException: (conn=1461) Access denied for user 'sample'@'61.75.21.155' (using password: YES)
	at org.mariadb.jdbc.export.ExceptionFactory.createException(ExceptionFactory.java:286)
	at org.mariadb.jdbc.export.ExceptionFactory.create(ExceptionFactory.java:370)
	at org.mariadb.jdbc.client.impl.ConnectionHelper.authenticationHandler(ConnectionHelper.java:287)
	at org.mariadb.jdbc.client.impl.StandardClient.<init>(StandardClient.java:185)
	at org.mariadb.jdbc.Driver.connect(Driver.java:70)
	at org.mariadb.jdbc.Driver.connect(Driver.java:101)
	at org.mariadb.jdbc.Driver.connect(Driver.java:27)
	at net.sf.log4jdbc.sql.jdbcapi.DriverSpy.connect(DriverSpy.java:401)
	at com.zaxxer.hikari.util.DriverDataSource.getConnection(DriverDataSource.java:138)
	at com.zaxxer.hikari.pool.PoolBase.newConnection(PoolBase.java:364)
	at com.zaxxer.hikari.pool.PoolBase.newPoolEntry(PoolBase.java:206)
	at com.zaxxer.hikari.pool.HikariPool.createPoolEntry(HikariPool.java:476)
	at com.zaxxer.hikari.pool.HikariPool.checkFailFast(HikariPool.java:561)
	... 114 common frames omitted
20:14:07.203 [Test worker] INFO  SpringBootTestContextBootstrapper - Neither @ContextConfiguration nor @ContextHierarchy found for test class [com.imchobo.jsr_stringboot.mapper.StudentMapperTest], using SpringBootContextLoader
20:14:07.214 [Test worker] INFO  AbstractContextLoader - Could not detect default resource locations for test class [com.imchobo.jsr_stringboot.mapper.StudentMapperTest]: no resource found for suffixes {-context.xml, Context.groovy}.
20:14:07.215 [Test worker] INFO  AnnotationConfigContextLoaderUtils - Could not detect default configuration classes for test class [com.imchobo.jsr_stringboot.mapper.StudentMapperTest]: StudentMapperTest does not declare any static, non-private, non-final, nested classes annotated with @Configuration.
20:14:07.355 [Test worker] INFO  SpringBootTestContextBootstrapper - Found @SpringBootConfiguration com.imchobo.jsr_stringboot.JsrStringBootApplication for test class com.imchobo.jsr_stringboot.mapper.StudentMapperTest
20:14:07.459 [Test worker] INFO  SpringBootTestContextBootstrapper - Loaded default TestExecutionListener class names from location [META-INF/spring.factories]: [org.springframework.boot.test.autoconfigure.restdocs.RestDocsTestExecutionListener, org.springframework.boot.test.autoconfigure.web.client.MockRestServiceServerResetTestExecutionListener, org.springframework.boot.test.autoconfigure.web.servlet.MockMvcPrintOnlyOnFailureTestExecutionListener, org.springframework.boot.test.autoconfigure.web.servlet.WebDriverTestExecutionListener, org.springframework.boot.test.autoconfigure.webservices.client.MockWebServiceServerTestExecutionListener, org.springframework.boot.test.mock.mockito.MockitoTestExecutionListener, org.springframework.boot.test.mock.mockito.ResetMocksTestExecutionListener, org.springframework.test.context.web.ServletTestExecutionListener, org.springframework.test.context.support.DirtiesContextBeforeModesTestExecutionListener, org.springframework.test.context.event.ApplicationEventsTestExecutionListener, org.springframework.test.context.support.DependencyInjectionTestExecutionListener, org.springframework.test.context.support.DirtiesContextTestExecutionListener, org.springframework.test.context.transaction.TransactionalTestExecutionListener, org.springframework.test.context.jdbc.SqlScriptsTestExecutionListener, org.springframework.test.context.event.EventPublishingTestExecutionListener]
20:14:07.484 [Test worker] INFO  SpringBootTestContextBootstrapper - Using TestExecutionListeners: [org.springframework.test.context.web.ServletTestExecutionListener@2fb68ec6, org.springframework.test.context.support.DirtiesContextBeforeModesTestExecutionListener@d71adc2, org.springframework.test.context.event.ApplicationEventsTestExecutionListener@3add81c4, org.springframework.boot.test.mock.mockito.MockitoTestExecutionListener@1a1d3c1a, org.springframework.boot.test.autoconfigure.SpringBootDependencyInjectionTestExecutionListener@1c65121, org.springframework.test.context.support.DirtiesContextTestExecutionListener@159e366, org.springframework.test.context.transaction.TransactionalTestExecutionListener@57dc9128, org.springframework.test.context.jdbc.SqlScriptsTestExecutionListener@24528a25, org.springframework.test.context.event.EventPublishingTestExecutionListener@17ae98d7, org.springframework.boot.test.autoconfigure.restdocs.RestDocsTestExecutionListener@59221b97, org.springframework.boot.test.autoconfigure.web.client.MockRestServiceServerResetTestExecutionListener@6ac4944a, org.springframework.boot.test.autoconfigure.web.servlet.MockMvcPrintOnlyOnFailureTestExecutionListener@5a772895, org.springframework.boot.test.autoconfigure.web.servlet.WebDriverTestExecutionListener@39fc6b2c, org.springframework.boot.test.autoconfigure.webservices.client.MockWebServiceServerTestExecutionListener@704b2127, org.springframework.boot.test.mock.mockito.ResetMocksTestExecutionListener@3ee39da0]
20:14:07.892 [Test worker] WARN  DuplicateJsonObjectContextCustomizerFactory$DuplicateJsonObjectContextCustomizer - 

Found multiple occurrences of org.json.JSONObject on the class path:

	jar:file:/C:/Users/tj/.gradle/caches/modules-2/files-2.1/org.json/json/20240303/ebb88e8fb5122b7506d5cf1d69f1ccdb790d22a/json-20240303.jar!/org/json/JSONObject.class
	jar:file:/C:/Users/tj/.gradle/caches/modules-2/files-2.1/com.vaadin.external.google/android-json/0.0.20131108.vaadin1/fa26d351fe62a6a17f5cda1287c1c6110dec413f/android-json-0.0.20131108.vaadin1.jar!/org/json/JSONObject.class

You may wish to exclude one of them to ensure predictable runtime behavior

20:14:07.911 [Test worker] INFO  StudentMapperTest - Starting StudentMapperTest using Java 21.0.7 on DESKTOP-NBP7RID with PID 15120 (started by tj in C:\Users\tj\jsr_StringBoot)
20:14:07.913 [Test worker] INFO  StudentMapperTest - No active profile set, falling back to 1 default profile: "default"
20:14:10.561 [Test worker] INFO  StdSchedulerFactory - Using default implementation for ThreadExecutor
20:14:10.583 [Test worker] INFO  SchedulerSignalerImpl - Initialized Scheduler Signaller of type: class org.quartz.core.SchedulerSignalerImpl
20:14:10.583 [Test worker] INFO  QuartzScheduler - Quartz Scheduler v.2.3.2 created.
20:14:10.585 [Test worker] INFO  RAMJobStore - RAMJobStore initialized.
20:14:10.587 [Test worker] INFO  QuartzScheduler - Scheduler meta-data: Quartz Scheduler (v2.3.2) 'quartzScheduler' with instanceId 'NON_CLUSTERED'
  Scheduler class: 'org.quartz.core.QuartzScheduler' - running locally.
  NOT STARTED.
  Currently in standby mode.
  Number of jobs executed: 0
  Using thread pool 'org.quartz.simpl.SimpleThreadPool' - with 10 threads.
  Using job-store 'org.quartz.simpl.RAMJobStore' - which does not support persistence. and is not clustered.

20:14:10.589 [Test worker] INFO  StdSchedulerFactory - Quartz scheduler 'quartzScheduler' initialized from an externally provided properties instance.
20:14:10.590 [Test worker] INFO  StdSchedulerFactory - Quartz scheduler version: 2.3.2
20:14:10.591 [Test worker] INFO  QuartzScheduler - JobFactory set to: org.springframework.scheduling.quartz.SpringBeanJobFactory@69ba3f4e
20:14:10.664 [Test worker] INFO  SchedulerFactoryBean - Starting Quartz Scheduler now
20:14:10.665 [Test worker] INFO  QuartzScheduler - Scheduler quartzScheduler_$_NON_CLUSTERED started.
20:14:10.677 [Test worker] INFO  StudentMapperTest - Started StudentMapperTest in 3.144 seconds (JVM running for 4.717)
20:14:11.252 [SpringApplicationShutdownHook] INFO  QuartzScheduler - Scheduler quartzScheduler_$_NON_CLUSTERED paused.
20:14:11.255 [SpringApplicationShutdownHook] INFO  SchedulerFactoryBean - Shutting down Quartz Scheduler
20:14:11.256 [SpringApplicationShutdownHook] INFO  QuartzScheduler - Scheduler quartzScheduler_$_NON_CLUSTERED shutting down.
20:14:11.256 [SpringApplicationShutdownHook] INFO  QuartzScheduler - Scheduler quartzScheduler_$_NON_CLUSTERED paused.
20:14:11.257 [SpringApplicationShutdownHook] INFO  QuartzScheduler - Scheduler quartzScheduler_$_NON_CLUSTERED shutdown complete.
20:19:16.118 [Test worker] INFO  SpringBootTestContextBootstrapper - Neither @ContextConfiguration nor @ContextHierarchy found for test class [com.imchobo.jsr_stringboot.mapper.StudentMapperTest], using SpringBootContextLoader
20:19:16.127 [Test worker] INFO  AbstractContextLoader - Could not detect default resource locations for test class [com.imchobo.jsr_stringboot.mapper.StudentMapperTest]: no resource found for suffixes {-context.xml, Context.groovy}.
20:19:16.128 [Test worker] INFO  AnnotationConfigContextLoaderUtils - Could not detect default configuration classes for test class [com.imchobo.jsr_stringboot.mapper.StudentMapperTest]: StudentMapperTest does not declare any static, non-private, non-final, nested classes annotated with @Configuration.
20:19:16.252 [Test worker] INFO  SpringBootTestContextBootstrapper - Found @SpringBootConfiguration com.imchobo.jsr_stringboot.JsrStringBootApplication for test class com.imchobo.jsr_stringboot.mapper.StudentMapperTest
20:19:16.354 [Test worker] INFO  SpringBootTestContextBootstrapper - Loaded default TestExecutionListener class names from location [META-INF/spring.factories]: [org.springframework.boot.test.autoconfigure.restdocs.RestDocsTestExecutionListener, org.springframework.boot.test.autoconfigure.web.client.MockRestServiceServerResetTestExecutionListener, org.springframework.boot.test.autoconfigure.web.servlet.MockMvcPrintOnlyOnFailureTestExecutionListener, org.springframework.boot.test.autoconfigure.web.servlet.WebDriverTestExecutionListener, org.springframework.boot.test.autoconfigure.webservices.client.MockWebServiceServerTestExecutionListener, org.springframework.boot.test.mock.mockito.MockitoTestExecutionListener, org.springframework.boot.test.mock.mockito.ResetMocksTestExecutionListener, org.springframework.test.context.web.ServletTestExecutionListener, org.springframework.test.context.support.DirtiesContextBeforeModesTestExecutionListener, org.springframework.test.context.event.ApplicationEventsTestExecutionListener, org.springframework.test.context.support.DependencyInjectionTestExecutionListener, org.springframework.test.context.support.DirtiesContextTestExecutionListener, org.springframework.test.context.transaction.TransactionalTestExecutionListener, org.springframework.test.context.jdbc.SqlScriptsTestExecutionListener, org.springframework.test.context.event.EventPublishingTestExecutionListener]
20:19:16.381 [Test worker] INFO  SpringBootTestContextBootstrapper - Using TestExecutionListeners: [org.springframework.test.context.web.ServletTestExecutionListener@2fb68ec6, org.springframework.test.context.support.DirtiesContextBeforeModesTestExecutionListener@d71adc2, org.springframework.test.context.event.ApplicationEventsTestExecutionListener@3add81c4, org.springframework.boot.test.mock.mockito.MockitoTestExecutionListener@1a1d3c1a, org.springframework.boot.test.autoconfigure.SpringBootDependencyInjectionTestExecutionListener@1c65121, org.springframework.test.context.support.DirtiesContextTestExecutionListener@159e366, org.springframework.test.context.transaction.TransactionalTestExecutionListener@57dc9128, org.springframework.test.context.jdbc.SqlScriptsTestExecutionListener@24528a25, org.springframework.test.context.event.EventPublishingTestExecutionListener@17ae98d7, org.springframework.boot.test.autoconfigure.restdocs.RestDocsTestExecutionListener@59221b97, org.springframework.boot.test.autoconfigure.web.client.MockRestServiceServerResetTestExecutionListener@6ac4944a, org.springframework.boot.test.autoconfigure.web.servlet.MockMvcPrintOnlyOnFailureTestExecutionListener@5a772895, org.springframework.boot.test.autoconfigure.web.servlet.WebDriverTestExecutionListener@39fc6b2c, org.springframework.boot.test.autoconfigure.webservices.client.MockWebServiceServerTestExecutionListener@704b2127, org.springframework.boot.test.mock.mockito.ResetMocksTestExecutionListener@3ee39da0]
20:19:16.777 [Test worker] WARN  DuplicateJsonObjectContextCustomizerFactory$DuplicateJsonObjectContextCustomizer - 

Found multiple occurrences of org.json.JSONObject on the class path:

	jar:file:/C:/Users/tj/.gradle/caches/modules-2/files-2.1/org.json/json/20240303/ebb88e8fb5122b7506d5cf1d69f1ccdb790d22a/json-20240303.jar!/org/json/JSONObject.class
	jar:file:/C:/Users/tj/.gradle/caches/modules-2/files-2.1/com.vaadin.external.google/android-json/0.0.20131108.vaadin1/fa26d351fe62a6a17f5cda1287c1c6110dec413f/android-json-0.0.20131108.vaadin1.jar!/org/json/JSONObject.class

You may wish to exclude one of them to ensure predictable runtime behavior

20:19:16.794 [Test worker] INFO  StudentMapperTest - Starting StudentMapperTest using Java 21.0.7 on DESKTOP-NBP7RID with PID 11340 (started by tj in C:\Users\tj\jsr_StringBoot)
20:19:16.795 [Test worker] INFO  StudentMapperTest - No active profile set, falling back to 1 default profile: "default"
20:19:19.383 [Test worker] INFO  StdSchedulerFactory - Using default implementation for ThreadExecutor
20:19:19.404 [Test worker] INFO  SchedulerSignalerImpl - Initialized Scheduler Signaller of type: class org.quartz.core.SchedulerSignalerImpl
20:19:19.404 [Test worker] INFO  QuartzScheduler - Quartz Scheduler v.2.3.2 created.
20:19:19.407 [Test worker] INFO  RAMJobStore - RAMJobStore initialized.
20:19:19.409 [Test worker] INFO  QuartzScheduler - Scheduler meta-data: Quartz Scheduler (v2.3.2) 'quartzScheduler' with instanceId 'NON_CLUSTERED'
  Scheduler class: 'org.quartz.core.QuartzScheduler' - running locally.
  NOT STARTED.
  Currently in standby mode.
  Number of jobs executed: 0
  Using thread pool 'org.quartz.simpl.SimpleThreadPool' - with 10 threads.
  Using job-store 'org.quartz.simpl.RAMJobStore' - which does not support persistence. and is not clustered.

20:19:19.410 [Test worker] INFO  StdSchedulerFactory - Quartz scheduler 'quartzScheduler' initialized from an externally provided properties instance.
20:19:19.410 [Test worker] INFO  StdSchedulerFactory - Quartz scheduler version: 2.3.2
20:19:19.410 [Test worker] INFO  QuartzScheduler - JobFactory set to: org.springframework.scheduling.quartz.SpringBeanJobFactory@a826ff8
20:19:19.492 [Test worker] INFO  SchedulerFactoryBean - Starting Quartz Scheduler now
20:19:19.492 [Test worker] INFO  QuartzScheduler - Scheduler quartzScheduler_$_NON_CLUSTERED started.
20:19:19.503 [Test worker] INFO  StudentMapperTest - Started StudentMapperTest in 3.069 seconds (JVM running for 4.664)
20:19:20.059 [SpringApplicationShutdownHook] INFO  QuartzScheduler - Scheduler quartzScheduler_$_NON_CLUSTERED paused.
20:19:20.060 [SpringApplicationShutdownHook] INFO  SchedulerFactoryBean - Shutting down Quartz Scheduler
20:19:20.062 [SpringApplicationShutdownHook] INFO  QuartzScheduler - Scheduler quartzScheduler_$_NON_CLUSTERED shutting down.
20:19:20.063 [SpringApplicationShutdownHook] INFO  QuartzScheduler - Scheduler quartzScheduler_$_NON_CLUSTERED paused.
20:19:20.068 [SpringApplicationShutdownHook] INFO  QuartzScheduler - Scheduler quartzScheduler_$_NON_CLUSTERED shutdown complete.
20:19:33.402 [Test worker] INFO  SpringBootTestContextBootstrapper - Neither @ContextConfiguration nor @ContextHierarchy found for test class [com.imchobo.jsr_stringboot.mapper.StudentMapperTest], using SpringBootContextLoader
20:19:33.412 [Test worker] INFO  AbstractContextLoader - Could not detect default resource locations for test class [com.imchobo.jsr_stringboot.mapper.StudentMapperTest]: no resource found for suffixes {-context.xml, Context.groovy}.
20:19:33.413 [Test worker] INFO  AnnotationConfigContextLoaderUtils - Could not detect default configuration classes for test class [com.imchobo.jsr_stringboot.mapper.StudentMapperTest]: StudentMapperTest does not declare any static, non-private, non-final, nested classes annotated with @Configuration.
20:19:33.539 [Test worker] INFO  SpringBootTestContextBootstrapper - Found @SpringBootConfiguration com.imchobo.jsr_stringboot.JsrStringBootApplication for test class com.imchobo.jsr_stringboot.mapper.StudentMapperTest
20:19:33.641 [Test worker] INFO  SpringBootTestContextBootstrapper - Loaded default TestExecutionListener class names from location [META-INF/spring.factories]: [org.springframework.boot.test.autoconfigure.restdocs.RestDocsTestExecutionListener, org.springframework.boot.test.autoconfigure.web.client.MockRestServiceServerResetTestExecutionListener, org.springframework.boot.test.autoconfigure.web.servlet.MockMvcPrintOnlyOnFailureTestExecutionListener, org.springframework.boot.test.autoconfigure.web.servlet.WebDriverTestExecutionListener, org.springframework.boot.test.autoconfigure.webservices.client.MockWebServiceServerTestExecutionListener, org.springframework.boot.test.mock.mockito.MockitoTestExecutionListener, org.springframework.boot.test.mock.mockito.ResetMocksTestExecutionListener, org.springframework.test.context.web.ServletTestExecutionListener, org.springframework.test.context.support.DirtiesContextBeforeModesTestExecutionListener, org.springframework.test.context.event.ApplicationEventsTestExecutionListener, org.springframework.test.context.support.DependencyInjectionTestExecutionListener, org.springframework.test.context.support.DirtiesContextTestExecutionListener, org.springframework.test.context.transaction.TransactionalTestExecutionListener, org.springframework.test.context.jdbc.SqlScriptsTestExecutionListener, org.springframework.test.context.event.EventPublishingTestExecutionListener]
20:19:33.665 [Test worker] INFO  SpringBootTestContextBootstrapper - Using TestExecutionListeners: [org.springframework.test.context.web.ServletTestExecutionListener@2fb68ec6, org.springframework.test.context.support.DirtiesContextBeforeModesTestExecutionListener@d71adc2, org.springframework.test.context.event.ApplicationEventsTestExecutionListener@3add81c4, org.springframework.boot.test.mock.mockito.MockitoTestExecutionListener@1a1d3c1a, org.springframework.boot.test.autoconfigure.SpringBootDependencyInjectionTestExecutionListener@1c65121, org.springframework.test.context.support.DirtiesContextTestExecutionListener@159e366, org.springframework.test.context.transaction.TransactionalTestExecutionListener@57dc9128, org.springframework.test.context.jdbc.SqlScriptsTestExecutionListener@24528a25, org.springframework.test.context.event.EventPublishingTestExecutionListener@17ae98d7, org.springframework.boot.test.autoconfigure.restdocs.RestDocsTestExecutionListener@59221b97, org.springframework.boot.test.autoconfigure.web.client.MockRestServiceServerResetTestExecutionListener@6ac4944a, org.springframework.boot.test.autoconfigure.web.servlet.MockMvcPrintOnlyOnFailureTestExecutionListener@5a772895, org.springframework.boot.test.autoconfigure.web.servlet.WebDriverTestExecutionListener@39fc6b2c, org.springframework.boot.test.autoconfigure.webservices.client.MockWebServiceServerTestExecutionListener@704b2127, org.springframework.boot.test.mock.mockito.ResetMocksTestExecutionListener@3ee39da0]
20:19:34.067 [Test worker] WARN  DuplicateJsonObjectContextCustomizerFactory$DuplicateJsonObjectContextCustomizer - 

Found multiple occurrences of org.json.JSONObject on the class path:

	jar:file:/C:/Users/tj/.gradle/caches/modules-2/files-2.1/org.json/json/20240303/ebb88e8fb5122b7506d5cf1d69f1ccdb790d22a/json-20240303.jar!/org/json/JSONObject.class
	jar:file:/C:/Users/tj/.gradle/caches/modules-2/files-2.1/com.vaadin.external.google/android-json/0.0.20131108.vaadin1/fa26d351fe62a6a17f5cda1287c1c6110dec413f/android-json-0.0.20131108.vaadin1.jar!/org/json/JSONObject.class

You may wish to exclude one of them to ensure predictable runtime behavior

20:19:34.089 [Test worker] INFO  StudentMapperTest - Starting StudentMapperTest using Java 21.0.7 on DESKTOP-NBP7RID with PID 15248 (started by tj in C:\Users\tj\jsr_StringBoot)
20:19:34.090 [Test worker] INFO  StudentMapperTest - No active profile set, falling back to 1 default profile: "default"
20:19:36.748 [Test worker] INFO  StdSchedulerFactory - Using default implementation for ThreadExecutor
20:19:36.764 [Test worker] INFO  SchedulerSignalerImpl - Initialized Scheduler Signaller of type: class org.quartz.core.SchedulerSignalerImpl
20:19:36.765 [Test worker] INFO  QuartzScheduler - Quartz Scheduler v.2.3.2 created.
20:19:36.766 [Test worker] INFO  RAMJobStore - RAMJobStore initialized.
20:19:36.768 [Test worker] INFO  QuartzScheduler - Scheduler meta-data: Quartz Scheduler (v2.3.2) 'quartzScheduler' with instanceId 'NON_CLUSTERED'
  Scheduler class: 'org.quartz.core.QuartzScheduler' - running locally.
  NOT STARTED.
  Currently in standby mode.
  Number of jobs executed: 0
  Using thread pool 'org.quartz.simpl.SimpleThreadPool' - with 10 threads.
  Using job-store 'org.quartz.simpl.RAMJobStore' - which does not support persistence. and is not clustered.

20:19:36.768 [Test worker] INFO  StdSchedulerFactory - Quartz scheduler 'quartzScheduler' initialized from an externally provided properties instance.
20:19:36.768 [Test worker] INFO  StdSchedulerFactory - Quartz scheduler version: 2.3.2
20:19:36.770 [Test worker] INFO  QuartzScheduler - JobFactory set to: org.springframework.scheduling.quartz.SpringBeanJobFactory@71f0806b
20:19:36.840 [Test worker] INFO  SchedulerFactoryBean - Starting Quartz Scheduler now
20:19:36.841 [Test worker] INFO  QuartzScheduler - Scheduler quartzScheduler_$_NON_CLUSTERED started.
20:19:36.851 [Test worker] INFO  StudentMapperTest - Started StudentMapperTest in 3.133 seconds (JVM running for 4.774)
20:19:37.367 [SpringApplicationShutdownHook] INFO  QuartzScheduler - Scheduler quartzScheduler_$_NON_CLUSTERED paused.
20:19:37.367 [SpringApplicationShutdownHook] INFO  SchedulerFactoryBean - Shutting down Quartz Scheduler
20:19:37.368 [SpringApplicationShutdownHook] INFO  QuartzScheduler - Scheduler quartzScheduler_$_NON_CLUSTERED shutting down.
20:19:37.368 [SpringApplicationShutdownHook] INFO  QuartzScheduler - Scheduler quartzScheduler_$_NON_CLUSTERED paused.
20:19:37.368 [SpringApplicationShutdownHook] INFO  QuartzScheduler - Scheduler quartzScheduler_$_NON_CLUSTERED shutdown complete.
20:21:33.012 [Test worker] INFO  SpringBootTestContextBootstrapper - Neither @ContextConfiguration nor @ContextHierarchy found for test class [com.imchobo.jsr_stringboot.mapper.StudentMapperTest], using SpringBootContextLoader
20:21:33.022 [Test worker] INFO  AbstractContextLoader - Could not detect default resource locations for test class [com.imchobo.jsr_stringboot.mapper.StudentMapperTest]: no resource found for suffixes {-context.xml, Context.groovy}.
20:21:33.023 [Test worker] INFO  AnnotationConfigContextLoaderUtils - Could not detect default configuration classes for test class [com.imchobo.jsr_stringboot.mapper.StudentMapperTest]: StudentMapperTest does not declare any static, non-private, non-final, nested classes annotated with @Configuration.
20:21:33.152 [Test worker] INFO  SpringBootTestContextBootstrapper - Found @SpringBootConfiguration com.imchobo.jsr_stringboot.JsrStringBootApplication for test class com.imchobo.jsr_stringboot.mapper.StudentMapperTest
20:21:33.256 [Test worker] INFO  SpringBootTestContextBootstrapper - Loaded default TestExecutionListener class names from location [META-INF/spring.factories]: [org.springframework.boot.test.autoconfigure.restdocs.RestDocsTestExecutionListener, org.springframework.boot.test.autoconfigure.web.client.MockRestServiceServerResetTestExecutionListener, org.springframework.boot.test.autoconfigure.web.servlet.MockMvcPrintOnlyOnFailureTestExecutionListener, org.springframework.boot.test.autoconfigure.web.servlet.WebDriverTestExecutionListener, org.springframework.boot.test.autoconfigure.webservices.client.MockWebServiceServerTestExecutionListener, org.springframework.boot.test.mock.mockito.MockitoTestExecutionListener, org.springframework.boot.test.mock.mockito.ResetMocksTestExecutionListener, org.springframework.test.context.web.ServletTestExecutionListener, org.springframework.test.context.support.DirtiesContextBeforeModesTestExecutionListener, org.springframework.test.context.event.ApplicationEventsTestExecutionListener, org.springframework.test.context.support.DependencyInjectionTestExecutionListener, org.springframework.test.context.support.DirtiesContextTestExecutionListener, org.springframework.test.context.transaction.TransactionalTestExecutionListener, org.springframework.test.context.jdbc.SqlScriptsTestExecutionListener, org.springframework.test.context.event.EventPublishingTestExecutionListener]
20:21:33.284 [Test worker] INFO  SpringBootTestContextBootstrapper - Using TestExecutionListeners: [org.springframework.test.context.web.ServletTestExecutionListener@3add81c4, org.springframework.test.context.support.DirtiesContextBeforeModesTestExecutionListener@1a1d3c1a, org.springframework.test.context.event.ApplicationEventsTestExecutionListener@1c65121, org.springframework.boot.test.mock.mockito.MockitoTestExecutionListener@159e366, org.springframework.boot.test.autoconfigure.SpringBootDependencyInjectionTestExecutionListener@57dc9128, org.springframework.test.context.support.DirtiesContextTestExecutionListener@24528a25, org.springframework.test.context.transaction.TransactionalTestExecutionListener@17ae98d7, org.springframework.test.context.jdbc.SqlScriptsTestExecutionListener@59221b97, org.springframework.test.context.event.EventPublishingTestExecutionListener@6ac4944a, org.springframework.boot.test.autoconfigure.restdocs.RestDocsTestExecutionListener@5a772895, org.springframework.boot.test.autoconfigure.web.client.MockRestServiceServerResetTestExecutionListener@39fc6b2c, org.springframework.boot.test.autoconfigure.web.servlet.MockMvcPrintOnlyOnFailureTestExecutionListener@704b2127, org.springframework.boot.test.autoconfigure.web.servlet.WebDriverTestExecutionListener@3ee39da0, org.springframework.boot.test.autoconfigure.webservices.client.MockWebServiceServerTestExecutionListener@5d332969, org.springframework.boot.test.mock.mockito.ResetMocksTestExecutionListener@7cc9ce8]
20:21:33.687 [Test worker] WARN  DuplicateJsonObjectContextCustomizerFactory$DuplicateJsonObjectContextCustomizer - 

Found multiple occurrences of org.json.JSONObject on the class path:

	jar:file:/C:/Users/tj/.gradle/caches/modules-2/files-2.1/org.json/json/20240303/ebb88e8fb5122b7506d5cf1d69f1ccdb790d22a/json-20240303.jar!/org/json/JSONObject.class
	jar:file:/C:/Users/tj/.gradle/caches/modules-2/files-2.1/com.vaadin.external.google/android-json/0.0.20131108.vaadin1/fa26d351fe62a6a17f5cda1287c1c6110dec413f/android-json-0.0.20131108.vaadin1.jar!/org/json/JSONObject.class

You may wish to exclude one of them to ensure predictable runtime behavior

20:21:33.705 [Test worker] INFO  StudentMapperTest - Starting StudentMapperTest using Java 21.0.7 on DESKTOP-NBP7RID with PID 18140 (started by tj in C:\Users\tj\jsr_StringBoot)
20:21:33.707 [Test worker] INFO  StudentMapperTest - No active profile set, falling back to 1 default profile: "default"
20:21:36.245 [Test worker] INFO  StdSchedulerFactory - Using default implementation for ThreadExecutor
20:21:36.263 [Test worker] INFO  SchedulerSignalerImpl - Initialized Scheduler Signaller of type: class org.quartz.core.SchedulerSignalerImpl
20:21:36.264 [Test worker] INFO  QuartzScheduler - Quartz Scheduler v.2.3.2 created.
20:21:36.268 [Test worker] INFO  RAMJobStore - RAMJobStore initialized.
20:21:36.269 [Test worker] INFO  QuartzScheduler - Scheduler meta-data: Quartz Scheduler (v2.3.2) 'quartzScheduler' with instanceId 'NON_CLUSTERED'
  Scheduler class: 'org.quartz.core.QuartzScheduler' - running locally.
  NOT STARTED.
  Currently in standby mode.
  Number of jobs executed: 0
  Using thread pool 'org.quartz.simpl.SimpleThreadPool' - with 10 threads.
  Using job-store 'org.quartz.simpl.RAMJobStore' - which does not support persistence. and is not clustered.

20:21:36.271 [Test worker] INFO  StdSchedulerFactory - Quartz scheduler 'quartzScheduler' initialized from an externally provided properties instance.
20:21:36.272 [Test worker] INFO  StdSchedulerFactory - Quartz scheduler version: 2.3.2
20:21:36.273 [Test worker] INFO  QuartzScheduler - JobFactory set to: org.springframework.scheduling.quartz.SpringBeanJobFactory@6ea66c33
20:21:36.373 [Test worker] INFO  SchedulerFactoryBean - Starting Quartz Scheduler now
20:21:36.373 [Test worker] INFO  QuartzScheduler - Scheduler quartzScheduler_$_NON_CLUSTERED started.
20:21:36.384 [Test worker] INFO  StudentMapperTest - Started StudentMapperTest in 3.048 seconds (JVM running for 4.596)
20:21:36.776 [Test worker] INFO  sqltiming - update student
    set
        student=  '업데이트학생', kor =  50,  mat = 20, eng =  80, sci =  50, soc =  90, total =  0
    where no =  0
 {executed in 7 msec}
20:21:36.784 [Test worker] INFO  StudentMapperTest - Student(student=업데이트학생, kor=50, eng=80, mat=20, sci=50, soc=90, total=0, no=0)
20:21:36.839 [SpringApplicationShutdownHook] INFO  QuartzScheduler - Scheduler quartzScheduler_$_NON_CLUSTERED paused.
20:21:36.840 [SpringApplicationShutdownHook] INFO  SchedulerFactoryBean - Shutting down Quartz Scheduler
20:21:36.841 [SpringApplicationShutdownHook] INFO  QuartzScheduler - Scheduler quartzScheduler_$_NON_CLUSTERED shutting down.
20:21:36.841 [SpringApplicationShutdownHook] INFO  QuartzScheduler - Scheduler quartzScheduler_$_NON_CLUSTERED paused.
20:21:36.841 [SpringApplicationShutdownHook] INFO  QuartzScheduler - Scheduler quartzScheduler_$_NON_CLUSTERED shutdown complete.
20:22:10.182 [Test worker] INFO  SpringBootTestContextBootstrapper - Neither @ContextConfiguration nor @ContextHierarchy found for test class [com.imchobo.jsr_stringboot.mapper.StudentMapperTest], using SpringBootContextLoader
20:22:10.191 [Test worker] INFO  AbstractContextLoader - Could not detect default resource locations for test class [com.imchobo.jsr_stringboot.mapper.StudentMapperTest]: no resource found for suffixes {-context.xml, Context.groovy}.
20:22:10.192 [Test worker] INFO  AnnotationConfigContextLoaderUtils - Could not detect default configuration classes for test class [com.imchobo.jsr_stringboot.mapper.StudentMapperTest]: StudentMapperTest does not declare any static, non-private, non-final, nested classes annotated with @Configuration.
20:22:10.315 [Test worker] INFO  SpringBootTestContextBootstrapper - Found @SpringBootConfiguration com.imchobo.jsr_stringboot.JsrStringBootApplication for test class com.imchobo.jsr_stringboot.mapper.StudentMapperTest
20:22:10.421 [Test worker] INFO  SpringBootTestContextBootstrapper - Loaded default TestExecutionListener class names from location [META-INF/spring.factories]: [org.springframework.boot.test.autoconfigure.restdocs.RestDocsTestExecutionListener, org.springframework.boot.test.autoconfigure.web.client.MockRestServiceServerResetTestExecutionListener, org.springframework.boot.test.autoconfigure.web.servlet.MockMvcPrintOnlyOnFailureTestExecutionListener, org.springframework.boot.test.autoconfigure.web.servlet.WebDriverTestExecutionListener, org.springframework.boot.test.autoconfigure.webservices.client.MockWebServiceServerTestExecutionListener, org.springframework.boot.test.mock.mockito.MockitoTestExecutionListener, org.springframework.boot.test.mock.mockito.ResetMocksTestExecutionListener, org.springframework.test.context.web.ServletTestExecutionListener, org.springframework.test.context.support.DirtiesContextBeforeModesTestExecutionListener, org.springframework.test.context.event.ApplicationEventsTestExecutionListener, org.springframework.test.context.support.DependencyInjectionTestExecutionListener, org.springframework.test.context.support.DirtiesContextTestExecutionListener, org.springframework.test.context.transaction.TransactionalTestExecutionListener, org.springframework.test.context.jdbc.SqlScriptsTestExecutionListener, org.springframework.test.context.event.EventPublishingTestExecutionListener]
20:22:10.444 [Test worker] INFO  SpringBootTestContextBootstrapper - Using TestExecutionListeners: [org.springframework.test.context.web.ServletTestExecutionListener@3add81c4, org.springframework.test.context.support.DirtiesContextBeforeModesTestExecutionListener@1a1d3c1a, org.springframework.test.context.event.ApplicationEventsTestExecutionListener@1c65121, org.springframework.boot.test.mock.mockito.MockitoTestExecutionListener@159e366, org.springframework.boot.test.autoconfigure.SpringBootDependencyInjectionTestExecutionListener@57dc9128, org.springframework.test.context.support.DirtiesContextTestExecutionListener@24528a25, org.springframework.test.context.transaction.TransactionalTestExecutionListener@17ae98d7, org.springframework.test.context.jdbc.SqlScriptsTestExecutionListener@59221b97, org.springframework.test.context.event.EventPublishingTestExecutionListener@6ac4944a, org.springframework.boot.test.autoconfigure.restdocs.RestDocsTestExecutionListener@5a772895, org.springframework.boot.test.autoconfigure.web.client.MockRestServiceServerResetTestExecutionListener@39fc6b2c, org.springframework.boot.test.autoconfigure.web.servlet.MockMvcPrintOnlyOnFailureTestExecutionListener@704b2127, org.springframework.boot.test.autoconfigure.web.servlet.WebDriverTestExecutionListener@3ee39da0, org.springframework.boot.test.autoconfigure.webservices.client.MockWebServiceServerTestExecutionListener@5d332969, org.springframework.boot.test.mock.mockito.ResetMocksTestExecutionListener@7cc9ce8]
20:22:10.849 [Test worker] WARN  DuplicateJsonObjectContextCustomizerFactory$DuplicateJsonObjectContextCustomizer - 

Found multiple occurrences of org.json.JSONObject on the class path:

	jar:file:/C:/Users/tj/.gradle/caches/modules-2/files-2.1/org.json/json/20240303/ebb88e8fb5122b7506d5cf1d69f1ccdb790d22a/json-20240303.jar!/org/json/JSONObject.class
	jar:file:/C:/Users/tj/.gradle/caches/modules-2/files-2.1/com.vaadin.external.google/android-json/0.0.20131108.vaadin1/fa26d351fe62a6a17f5cda1287c1c6110dec413f/android-json-0.0.20131108.vaadin1.jar!/org/json/JSONObject.class

You may wish to exclude one of them to ensure predictable runtime behavior

20:22:10.866 [Test worker] INFO  StudentMapperTest - Starting StudentMapperTest using Java 21.0.7 on DESKTOP-NBP7RID with PID 20024 (started by tj in C:\Users\tj\jsr_StringBoot)
20:22:10.867 [Test worker] INFO  StudentMapperTest - No active profile set, falling back to 1 default profile: "default"
20:22:13.384 [Test worker] INFO  StdSchedulerFactory - Using default implementation for ThreadExecutor
20:22:13.401 [Test worker] INFO  SchedulerSignalerImpl - Initialized Scheduler Signaller of type: class org.quartz.core.SchedulerSignalerImpl
20:22:13.401 [Test worker] INFO  QuartzScheduler - Quartz Scheduler v.2.3.2 created.
20:22:13.407 [Test worker] INFO  RAMJobStore - RAMJobStore initialized.
20:22:13.409 [Test worker] INFO  QuartzScheduler - Scheduler meta-data: Quartz Scheduler (v2.3.2) 'quartzScheduler' with instanceId 'NON_CLUSTERED'
  Scheduler class: 'org.quartz.core.QuartzScheduler' - running locally.
  NOT STARTED.
  Currently in standby mode.
  Number of jobs executed: 0
  Using thread pool 'org.quartz.simpl.SimpleThreadPool' - with 10 threads.
  Using job-store 'org.quartz.simpl.RAMJobStore' - which does not support persistence. and is not clustered.

20:22:13.410 [Test worker] INFO  StdSchedulerFactory - Quartz scheduler 'quartzScheduler' initialized from an externally provided properties instance.
20:22:13.410 [Test worker] INFO  StdSchedulerFactory - Quartz scheduler version: 2.3.2
20:22:13.411 [Test worker] INFO  QuartzScheduler - JobFactory set to: org.springframework.scheduling.quartz.SpringBeanJobFactory@49889154
20:22:13.488 [Test worker] INFO  SchedulerFactoryBean - Starting Quartz Scheduler now
20:22:13.488 [Test worker] INFO  QuartzScheduler - Scheduler quartzScheduler_$_NON_CLUSTERED started.
20:22:13.498 [Test worker] INFO  StudentMapperTest - Started StudentMapperTest in 2.998 seconds (JVM running for 4.517)
20:22:13.889 [Test worker] INFO  sqltiming - update student
    set
        student=  '업데이트학생', kor =  50,  mat = 20, eng =  80, sci =  50, soc =  90, total =  290
    where no =  0
 {executed in 9 msec}
20:22:13.899 [Test worker] INFO  StudentMapperTest - Student(student=업데이트학생, kor=50, eng=80, mat=20, sci=50, soc=90, total=290, no=0)
20:22:13.938 [SpringApplicationShutdownHook] INFO  QuartzScheduler - Scheduler quartzScheduler_$_NON_CLUSTERED paused.
20:22:13.939 [SpringApplicationShutdownHook] INFO  SchedulerFactoryBean - Shutting down Quartz Scheduler
20:22:13.939 [SpringApplicationShutdownHook] INFO  QuartzScheduler - Scheduler quartzScheduler_$_NON_CLUSTERED shutting down.
20:22:13.939 [SpringApplicationShutdownHook] INFO  QuartzScheduler - Scheduler quartzScheduler_$_NON_CLUSTERED paused.
20:22:13.939 [SpringApplicationShutdownHook] INFO  QuartzScheduler - Scheduler quartzScheduler_$_NON_CLUSTERED shutdown complete.
